[ 2013-03-18T19:29:25+08:00 ] 127.0.0.1 /
INFO: [ app_begin ] --START--
INFO: Run ReadHtmlCache Behavior [ RunTime:0.003002s ]
INFO: [ app_begin ] --END-- [ RunTime:0.015122s ]
SQL: SHOW COLUMNS FROM `ding_setting` [ RunTime:0.235197s ]
SQL: SELECT * FROM `ding_setting` WHERE ( `sys_name` = 'cfg_title' ) LIMIT 1   [ RunTime:0.034296s ]
NOTIC: [8] Undefined index:  result D:\AppServ\www\workspace\201303\dingcms\protected\Core\Lib\Core\Model.class.php 第 619 行.
SQL: SELECT * FROM `ding_setting` WHERE ( `sys_name` = 'cfg_keywords' ) LIMIT 1   [ RunTime:0.000954s ]
NOTIC: [8] Undefined index:  result D:\AppServ\www\workspace\201303\dingcms\protected\Core\Lib\Core\Model.class.php 第 619 行.
SQL: SELECT * FROM `ding_setting` WHERE ( `sys_name` = 'cfg_description' ) LIMIT 1   [ RunTime:0.000789s ]
NOTIC: [8] Undefined index:  result D:\AppServ\www\workspace\201303\dingcms\protected\Core\Lib\Core\Model.class.php 第 619 行.
INFO: [ view_template ] --START--
INFO: Run LocationTemplate Behavior [ RunTime:0.023950s ]
INFO: [ view_template ] --END-- [ RunTime:0.024089s ]
INFO: [ view_parse ] --START--
NOTIC: [8] Use of undefined constant level - assumed 'level' D:\AppServ\www\workspace\201303\dingcms\protected\Core\Lib\Core\Think.class.php 第 230 行.
NOTIC: [8] Use of undefined constant level - assumed 'level' D:\AppServ\www\workspace\201303\dingcms\protected\Core\Lib\Core\Think.class.php 第 230 行.
NOTIC: [8] Use of undefined constant level - assumed 'level' D:\AppServ\www\workspace\201303\dingcms\protected\Core\Lib\Core\Think.class.php 第 230 行.
NOTIC: [8] Use of undefined constant level - assumed 'level' D:\AppServ\www\workspace\201303\dingcms\protected\Core\Lib\Core\Think.class.php 第 230 行.
NOTIC: [8] Use of undefined constant level - assumed 'level' D:\AppServ\www\workspace\201303\dingcms\protected\Core\Lib\Core\Think.class.php 第 230 行.
NOTIC: [8] Use of undefined constant level - assumed 'level' D:\AppServ\www\workspace\201303\dingcms\protected\Core\Lib\Core\Think.class.php 第 230 行.
NOTIC: [8] Use of undefined constant level - assumed 'level' D:\AppServ\www\workspace\201303\dingcms\protected\Core\Lib\Core\Think.class.php 第 230 行.
NOTIC: [8] Use of undefined constant level - assumed 'level' D:\AppServ\www\workspace\201303\dingcms\protected\Core\Lib\Core\Think.class.php 第 230 行.
NOTIC: [8] Use of undefined constant level - assumed 'level' D:\AppServ\www\workspace\201303\dingcms\protected\Core\Lib\Core\Think.class.php 第 230 行.
NOTIC: [8] Use of undefined constant level - assumed 'level' D:\AppServ\www\workspace\201303\dingcms\protected\Core\Lib\Core\Think.class.php 第 230 行.
NOTIC: [8] Use of undefined constant level - assumed 'level' D:\AppServ\www\workspace\201303\dingcms\protected\Core\Lib\Core\Think.class.php 第 230 行.
NOTIC: [8] Use of undefined constant level - assumed 'level' D:\AppServ\www\workspace\201303\dingcms\protected\Core\Lib\Core\Think.class.php 第 230 行.
NOTIC: [8] Use of undefined constant level - assumed 'level' D:\AppServ\www\workspace\201303\dingcms\protected\Core\Lib\Core\Think.class.php 第 230 行.
NOTIC: [8] Undefined index:  id D:\AppServ\www\workspace\201303\dingcms\protected\Core\Extend\Driver\TagLib\TagLibDogocms.class.php 第 47 行.
NOTIC: [8] Undefined index:  where D:\AppServ\www\workspace\201303\dingcms\protected\Core\Extend\Driver\TagLib\TagLibDogocms.class.php 第 52 行.
NOTIC: [8] Undefined index:  typeid D:\AppServ\www\workspace\201303\dingcms\protected\Core\Extend\Driver\TagLib\TagLibDogocms.class.php 第 70 行.
NOTIC: [8] Undefined index:  type D:\AppServ\www\workspace\201303\dingcms\protected\Core\Extend\Driver\TagLib\TagLibDogocms.class.php 第 71 行.
NOTIC: [8] Undefined index:  tid D:\AppServ\www\workspace\201303\dingcms\protected\Core\Extend\Driver\TagLib\TagLibDogocms.class.php 第 72 行.
NOTIC: [8] Undefined index:  id D:\AppServ\www\workspace\201303\dingcms\protected\Core\Extend\Driver\TagLib\TagLibDogocms.class.php 第 73 行.
NOTIC: [8] Undefined index:  modeid D:\AppServ\www\workspace\201303\dingcms\protected\Core\Extend\Driver\TagLib\TagLibDogocms.class.php 第 74 行.
NOTIC: [8] Undefined index:  model_name D:\AppServ\www\workspace\201303\dingcms\protected\Core\Extend\Driver\TagLib\TagLibDogocms.class.php 第 75 行.
NOTIC: [8] Undefined index:  flag D:\AppServ\www\workspace\201303\dingcms\protected\Core\Extend\Driver\TagLib\TagLibDogocms.class.php 第 77 行.
NOTIC: [8] Undefined index:  keywords D:\AppServ\www\workspace\201303\dingcms\protected\Core\Extend\Driver\TagLib\TagLibDogocms.class.php 第 79 行.
NOTIC: [8] Undefined index:  where D:\AppServ\www\workspace\201303\dingcms\protected\Core\Extend\Driver\TagLib\TagLibDogocms.class.php 第 169 行.
NOTIC: [8] Undefined index:  typeid D:\AppServ\www\workspace\201303\dingcms\protected\Core\Extend\Driver\TagLib\TagLibDogocms.class.php 第 70 行.
NOTIC: [8] Undefined index:  type D:\AppServ\www\workspace\201303\dingcms\protected\Core\Extend\Driver\TagLib\TagLibDogocms.class.php 第 71 行.
NOTIC: [8] Undefined index:  tid D:\AppServ\www\workspace\201303\dingcms\protected\Core\Extend\Driver\TagLib\TagLibDogocms.class.php 第 72 行.
NOTIC: [8] Undefined index:  id D:\AppServ\www\workspace\201303\dingcms\protected\Core\Extend\Driver\TagLib\TagLibDogocms.class.php 第 73 行.
NOTIC: [8] Undefined index:  modeid D:\AppServ\www\workspace\201303\dingcms\protected\Core\Extend\Driver\TagLib\TagLibDogocms.class.php 第 74 行.
NOTIC: [8] Undefined index:  model_name D:\AppServ\www\workspace\201303\dingcms\protected\Core\Extend\Driver\TagLib\TagLibDogocms.class.php 第 75 行.
NOTIC: [8] Undefined index:  flag D:\AppServ\www\workspace\201303\dingcms\protected\Core\Extend\Driver\TagLib\TagLibDogocms.class.php 第 77 行.
NOTIC: [8] Undefined index:  keywords D:\AppServ\www\workspace\201303\dingcms\protected\Core\Extend\Driver\TagLib\TagLibDogocms.class.php 第 79 行.
NOTIC: [8] Undefined index:  where D:\AppServ\www\workspace\201303\dingcms\protected\Core\Extend\Driver\TagLib\TagLibDogocms.class.php 第 169 行.
NOTIC: [8] Undefined index:  typeid D:\AppServ\www\workspace\201303\dingcms\protected\Core\Extend\Driver\TagLib\TagLibDogocms.class.php 第 70 行.
NOTIC: [8] Undefined index:  type D:\AppServ\www\workspace\201303\dingcms\protected\Core\Extend\Driver\TagLib\TagLibDogocms.class.php 第 71 行.
NOTIC: [8] Undefined index:  tid D:\AppServ\www\workspace\201303\dingcms\protected\Core\Extend\Driver\TagLib\TagLibDogocms.class.php 第 72 行.
NOTIC: [8] Undefined index:  id D:\AppServ\www\workspace\201303\dingcms\protected\Core\Extend\Driver\TagLib\TagLibDogocms.class.php 第 73 行.
NOTIC: [8] Undefined index:  modeid D:\AppServ\www\workspace\201303\dingcms\protected\Core\Extend\Driver\TagLib\TagLibDogocms.class.php 第 74 行.
NOTIC: [8] Undefined index:  model_name D:\AppServ\www\workspace\201303\dingcms\protected\Core\Extend\Driver\TagLib\TagLibDogocms.class.php 第 75 行.
NOTIC: [8] Undefined index:  flag D:\AppServ\www\workspace\201303\dingcms\protected\Core\Extend\Driver\TagLib\TagLibDogocms.class.php 第 77 行.
NOTIC: [8] Undefined index:  keywords D:\AppServ\www\workspace\201303\dingcms\protected\Core\Extend\Driver\TagLib\TagLibDogocms.class.php 第 79 行.
NOTIC: [8] Undefined index:  where D:\AppServ\www\workspace\201303\dingcms\protected\Core\Extend\Driver\TagLib\TagLibDogocms.class.php 第 169 行.
NOTIC: [8] Undefined index:  typeid D:\AppServ\www\workspace\201303\dingcms\protected\Core\Extend\Driver\TagLib\TagLibDogocms.class.php 第 70 行.
NOTIC: [8] Undefined index:  type D:\AppServ\www\workspace\201303\dingcms\protected\Core\Extend\Driver\TagLib\TagLibDogocms.class.php 第 71 行.
NOTIC: [8] Undefined index:  tid D:\AppServ\www\workspace\201303\dingcms\protected\Core\Extend\Driver\TagLib\TagLibDogocms.class.php 第 72 行.
NOTIC: [8] Undefined index:  id D:\AppServ\www\workspace\201303\dingcms\protected\Core\Extend\Driver\TagLib\TagLibDogocms.class.php 第 73 行.
NOTIC: [8] Undefined index:  modeid D:\AppServ\www\workspace\201303\dingcms\protected\Core\Extend\Driver\TagLib\TagLibDogocms.class.php 第 74 行.
NOTIC: [8] Undefined index:  model_name D:\AppServ\www\workspace\201303\dingcms\protected\Core\Extend\Driver\TagLib\TagLibDogocms.class.php 第 75 行.
NOTIC: [8] Undefined index:  flag D:\AppServ\www\workspace\201303\dingcms\protected\Core\Extend\Driver\TagLib\TagLibDogocms.class.php 第 77 行.
NOTIC: [8] Undefined index:  keywords D:\AppServ\www\workspace\201303\dingcms\protected\Core\Extend\Driver\TagLib\TagLibDogocms.class.php 第 79 行.
NOTIC: [8] Undefined index:  where D:\AppServ\www\workspace\201303\dingcms\protected\Core\Extend\Driver\TagLib\TagLibDogocms.class.php 第 169 行.
NOTIC: [8] Undefined index:  typeid D:\AppServ\www\workspace\201303\dingcms\protected\Core\Extend\Driver\TagLib\TagLibDogocms.class.php 第 70 行.
NOTIC: [8] Undefined index:  type D:\AppServ\www\workspace\201303\dingcms\protected\Core\Extend\Driver\TagLib\TagLibDogocms.class.php 第 71 行.
NOTIC: [8] Undefined index:  tid D:\AppServ\www\workspace\201303\dingcms\protected\Core\Extend\Driver\TagLib\TagLibDogocms.class.php 第 72 行.
NOTIC: [8] Undefined index:  id D:\AppServ\www\workspace\201303\dingcms\protected\Core\Extend\Driver\TagLib\TagLibDogocms.class.php 第 73 行.
NOTIC: [8] Undefined index:  modeid D:\AppServ\www\workspace\201303\dingcms\protected\Core\Extend\Driver\TagLib\TagLibDogocms.class.php 第 74 行.
NOTIC: [8] Undefined index:  model_name D:\AppServ\www\workspace\201303\dingcms\protected\Core\Extend\Driver\TagLib\TagLibDogocms.class.php 第 75 行.
NOTIC: [8] Undefined index:  flag D:\AppServ\www\workspace\201303\dingcms\protected\Core\Extend\Driver\TagLib\TagLibDogocms.class.php 第 77 行.
NOTIC: [8] Undefined index:  keywords D:\AppServ\www\workspace\201303\dingcms\protected\Core\Extend\Driver\TagLib\TagLibDogocms.class.php 第 79 行.
NOTIC: [8] Undefined index:  where D:\AppServ\www\workspace\201303\dingcms\protected\Core\Extend\Driver\TagLib\TagLibDogocms.class.php 第 169 行.
NOTIC: [8] Undefined index:  type D:\AppServ\www\workspace\201303\dingcms\protected\Core\Extend\Driver\TagLib\TagLibDogocms.class.php 第 71 行.
NOTIC: [8] Undefined index:  tid D:\AppServ\www\workspace\201303\dingcms\protected\Core\Extend\Driver\TagLib\TagLibDogocms.class.php 第 72 行.
NOTIC: [8] Undefined index:  id D:\AppServ\www\workspace\201303\dingcms\protected\Core\Extend\Driver\TagLib\TagLibDogocms.class.php 第 73 行.
NOTIC: [8] Undefined index:  modeid D:\AppServ\www\workspace\201303\dingcms\protected\Core\Extend\Driver\TagLib\TagLibDogocms.class.php 第 74 行.
NOTIC: [8] Undefined index:  model_name D:\AppServ\www\workspace\201303\dingcms\protected\Core\Extend\Driver\TagLib\TagLibDogocms.class.php 第 75 行.
NOTIC: [8] Undefined index:  flag D:\AppServ\www\workspace\201303\dingcms\protected\Core\Extend\Driver\TagLib\TagLibDogocms.class.php 第 77 行.
NOTIC: [8] Undefined index:  keywords D:\AppServ\www\workspace\201303\dingcms\protected\Core\Extend\Driver\TagLib\TagLibDogocms.class.php 第 79 行.
NOTIC: [8] Undefined index:  typeid D:\AppServ\www\workspace\201303\dingcms\protected\Core\Extend\Driver\TagLib\TagLibDogocms.class.php 第 70 行.
NOTIC: [8] Undefined index:  type D:\AppServ\www\workspace\201303\dingcms\protected\Core\Extend\Driver\TagLib\TagLibDogocms.class.php 第 71 行.
NOTIC: [8] Undefined index:  tid D:\AppServ\www\workspace\201303\dingcms\protected\Core\Extend\Driver\TagLib\TagLibDogocms.class.php 第 72 行.
NOTIC: [8] Undefined index:  id D:\AppServ\www\workspace\201303\dingcms\protected\Core\Extend\Driver\TagLib\TagLibDogocms.class.php 第 73 行.
NOTIC: [8] Undefined index:  modeid D:\AppServ\www\workspace\201303\dingcms\protected\Core\Extend\Driver\TagLib\TagLibDogocms.class.php 第 74 行.
NOTIC: [8] Undefined index:  model_name D:\AppServ\www\workspace\201303\dingcms\protected\Core\Extend\Driver\TagLib\TagLibDogocms.class.php 第 75 行.
NOTIC: [8] Undefined index:  flag D:\AppServ\www\workspace\201303\dingcms\protected\Core\Extend\Driver\TagLib\TagLibDogocms.class.php 第 77 行.
NOTIC: [8] Undefined index:  keywords D:\AppServ\www\workspace\201303\dingcms\protected\Core\Extend\Driver\TagLib\TagLibDogocms.class.php 第 79 行.
NOTIC: [8] Undefined index:  where D:\AppServ\www\workspace\201303\dingcms\protected\Core\Extend\Driver\TagLib\TagLibDogocms.class.php 第 169 行.
NOTIC: [8] Undefined index:  type D:\AppServ\www\workspace\201303\dingcms\protected\Core\Extend\Driver\TagLib\TagLibDogocms.class.php 第 71 行.
NOTIC: [8] Undefined index:  tid D:\AppServ\www\workspace\201303\dingcms\protected\Core\Extend\Driver\TagLib\TagLibDogocms.class.php 第 72 行.
NOTIC: [8] Undefined index:  id D:\AppServ\www\workspace\201303\dingcms\protected\Core\Extend\Driver\TagLib\TagLibDogocms.class.php 第 73 行.
NOTIC: [8] Undefined index:  modeid D:\AppServ\www\workspace\201303\dingcms\protected\Core\Extend\Driver\TagLib\TagLibDogocms.class.php 第 74 行.
NOTIC: [8] Undefined index:  model_name D:\AppServ\www\workspace\201303\dingcms\protected\Core\Extend\Driver\TagLib\TagLibDogocms.class.php 第 75 行.
NOTIC: [8] Undefined index:  flag D:\AppServ\www\workspace\201303\dingcms\protected\Core\Extend\Driver\TagLib\TagLibDogocms.class.php 第 77 行.
NOTIC: [8] Undefined index:  keywords D:\AppServ\www\workspace\201303\dingcms\protected\Core\Extend\Driver\TagLib\TagLibDogocms.class.php 第 79 行.
NOTIC: [8] Undefined index:  type D:\AppServ\www\workspace\201303\dingcms\protected\Core\Extend\Driver\TagLib\TagLibDogocms.class.php 第 71 行.
NOTIC: [8] Undefined index:  tid D:\AppServ\www\workspace\201303\dingcms\protected\Core\Extend\Driver\TagLib\TagLibDogocms.class.php 第 72 行.
NOTIC: [8] Undefined index:  id D:\AppServ\www\workspace\201303\dingcms\protected\Core\Extend\Driver\TagLib\TagLibDogocms.class.php 第 73 行.
NOTIC: [8] Undefined index:  modeid D:\AppServ\www\workspace\201303\dingcms\protected\Core\Extend\Driver\TagLib\TagLibDogocms.class.php 第 74 行.
NOTIC: [8] Undefined index:  model_name D:\AppServ\www\workspace\201303\dingcms\protected\Core\Extend\Driver\TagLib\TagLibDogocms.class.php 第 75 行.
NOTIC: [8] Undefined index:  flag D:\AppServ\www\workspace\201303\dingcms\protected\Core\Extend\Driver\TagLib\TagLibDogocms.class.php 第 77 行.
NOTIC: [8] Undefined index:  keywords D:\AppServ\www\workspace\201303\dingcms\protected\Core\Extend\Driver\TagLib\TagLibDogocms.class.php 第 79 行.
NOTIC: [8] Undefined index:  type D:\AppServ\www\workspace\201303\dingcms\protected\Core\Extend\Driver\TagLib\TagLibDogocms.class.php 第 71 行.
NOTIC: [8] Undefined index:  tid D:\AppServ\www\workspace\201303\dingcms\protected\Core\Extend\Driver\TagLib\TagLibDogocms.class.php 第 72 行.
NOTIC: [8] Undefined index:  id D:\AppServ\www\workspace\201303\dingcms\protected\Core\Extend\Driver\TagLib\TagLibDogocms.class.php 第 73 行.
NOTIC: [8] Undefined index:  modeid D:\AppServ\www\workspace\201303\dingcms\protected\Core\Extend\Driver\TagLib\TagLibDogocms.class.php 第 74 行.
NOTIC: [8] Undefined index:  model_name D:\AppServ\www\workspace\201303\dingcms\protected\Core\Extend\Driver\TagLib\TagLibDogocms.class.php 第 75 行.
NOTIC: [8] Undefined index:  flag D:\AppServ\www\workspace\201303\dingcms\protected\Core\Extend\Driver\TagLib\TagLibDogocms.class.php 第 77 行.
NOTIC: [8] Undefined index:  keywords D:\AppServ\www\workspace\201303\dingcms\protected\Core\Extend\Driver\TagLib\TagLibDogocms.class.php 第 79 行.
NOTIC: [8] Undefined index:  type D:\AppServ\www\workspace\201303\dingcms\protected\Core\Extend\Driver\TagLib\TagLibDogocms.class.php 第 71 行.
NOTIC: [8] Undefined index:  tid D:\AppServ\www\workspace\201303\dingcms\protected\Core\Extend\Driver\TagLib\TagLibDogocms.class.php 第 72 行.
NOTIC: [8] Undefined index:  id D:\AppServ\www\workspace\201303\dingcms\protected\Core\Extend\Driver\TagLib\TagLibDogocms.class.php 第 73 行.
NOTIC: [8] Undefined index:  modeid D:\AppServ\www\workspace\201303\dingcms\protected\Core\Extend\Driver\TagLib\TagLibDogocms.class.php 第 74 行.
NOTIC: [8] Undefined index:  model_name D:\AppServ\www\workspace\201303\dingcms\protected\Core\Extend\Driver\TagLib\TagLibDogocms.class.php 第 75 行.
NOTIC: [8] Undefined index:  flag D:\AppServ\www\workspace\201303\dingcms\protected\Core\Extend\Driver\TagLib\TagLibDogocms.class.php 第 77 行.
NOTIC: [8] Undefined index:  keywords D:\AppServ\www\workspace\201303\dingcms\protected\Core\Extend\Driver\TagLib\TagLibDogocms.class.php 第 79 行.
NOTIC: [8] Undefined index:  type D:\AppServ\www\workspace\201303\dingcms\protected\Core\Extend\Driver\TagLib\TagLibDogocms.class.php 第 71 行.
NOTIC: [8] Undefined index:  tid D:\AppServ\www\workspace\201303\dingcms\protected\Core\Extend\Driver\TagLib\TagLibDogocms.class.php 第 72 行.
NOTIC: [8] Undefined index:  id D:\AppServ\www\workspace\201303\dingcms\protected\Core\Extend\Driver\TagLib\TagLibDogocms.class.php 第 73 行.
NOTIC: [8] Undefined index:  modeid D:\AppServ\www\workspace\201303\dingcms\protected\Core\Extend\Driver\TagLib\TagLibDogocms.class.php 第 74 行.
NOTIC: [8] Undefined index:  model_name D:\AppServ\www\workspace\201303\dingcms\protected\Core\Extend\Driver\TagLib\TagLibDogocms.class.php 第 75 行.
NOTIC: [8] Undefined index:  flag D:\AppServ\www\workspace\201303\dingcms\protected\Core\Extend\Driver\TagLib\TagLibDogocms.class.php 第 77 行.
NOTIC: [8] Undefined index:  keywords D:\AppServ\www\workspace\201303\dingcms\protected\Core\Extend\Driver\TagLib\TagLibDogocms.class.php 第 79 行.
NOTIC: [8] Undefined index:  type D:\AppServ\www\workspace\201303\dingcms\protected\Core\Extend\Driver\TagLib\TagLibDogocms.class.php 第 71 行.
NOTIC: [8] Undefined index:  tid D:\AppServ\www\workspace\201303\dingcms\protected\Core\Extend\Driver\TagLib\TagLibDogocms.class.php 第 72 行.
NOTIC: [8] Undefined index:  id D:\AppServ\www\workspace\201303\dingcms\protected\Core\Extend\Driver\TagLib\TagLibDogocms.class.php 第 73 行.
NOTIC: [8] Undefined index:  modeid D:\AppServ\www\workspace\201303\dingcms\protected\Core\Extend\Driver\TagLib\TagLibDogocms.class.php 第 74 行.
NOTIC: [8] Undefined index:  model_name D:\AppServ\www\workspace\201303\dingcms\protected\Core\Extend\Driver\TagLib\TagLibDogocms.class.php 第 75 行.
NOTIC: [8] Undefined index:  flag D:\AppServ\www\workspace\201303\dingcms\protected\Core\Extend\Driver\TagLib\TagLibDogocms.class.php 第 77 行.
NOTIC: [8] Undefined index:  keywords D:\AppServ\www\workspace\201303\dingcms\protected\Core\Extend\Driver\TagLib\TagLibDogocms.class.php 第 79 行.
NOTIC: [8] Undefined index:  type D:\AppServ\www\workspace\201303\dingcms\protected\Core\Extend\Driver\TagLib\TagLibDogocms.class.php 第 71 行.
NOTIC: [8] Undefined index:  tid D:\AppServ\www\workspace\201303\dingcms\protected\Core\Extend\Driver\TagLib\TagLibDogocms.class.php 第 72 行.
NOTIC: [8] Undefined index:  id D:\AppServ\www\workspace\201303\dingcms\protected\Core\Extend\Driver\TagLib\TagLibDogocms.class.php 第 73 行.
NOTIC: [8] Undefined index:  modeid D:\AppServ\www\workspace\201303\dingcms\protected\Core\Extend\Driver\TagLib\TagLibDogocms.class.php 第 74 行.
NOTIC: [8] Undefined index:  model_name D:\AppServ\www\workspace\201303\dingcms\protected\Core\Extend\Driver\TagLib\TagLibDogocms.class.php 第 75 行.
NOTIC: [8] Undefined index:  flag D:\AppServ\www\workspace\201303\dingcms\protected\Core\Extend\Driver\TagLib\TagLibDogocms.class.php 第 77 行.
NOTIC: [8] Undefined index:  keywords D:\AppServ\www\workspace\201303\dingcms\protected\Core\Extend\Driver\TagLib\TagLibDogocms.class.php 第 79 行.
NOTIC: [8] Undefined index:  type D:\AppServ\www\workspace\201303\dingcms\protected\Core\Extend\Driver\TagLib\TagLibDogocms.class.php 第 71 行.
NOTIC: [8] Undefined index:  tid D:\AppServ\www\workspace\201303\dingcms\protected\Core\Extend\Driver\TagLib\TagLibDogocms.class.php 第 72 行.
NOTIC: [8] Undefined index:  id D:\AppServ\www\workspace\201303\dingcms\protected\Core\Extend\Driver\TagLib\TagLibDogocms.class.php 第 73 行.
NOTIC: [8] Undefined index:  modeid D:\AppServ\www\workspace\201303\dingcms\protected\Core\Extend\Driver\TagLib\TagLibDogocms.class.php 第 74 行.
NOTIC: [8] Undefined index:  model_name D:\AppServ\www\workspace\201303\dingcms\protected\Core\Extend\Driver\TagLib\TagLibDogocms.class.php 第 75 行.
NOTIC: [8] Undefined index:  flag D:\AppServ\www\workspace\201303\dingcms\protected\Core\Extend\Driver\TagLib\TagLibDogocms.class.php 第 77 行.
NOTIC: [8] Undefined index:  keywords D:\AppServ\www\workspace\201303\dingcms\protected\Core\Extend\Driver\TagLib\TagLibDogocms.class.php 第 79 行.
NOTIC: [8] Undefined index:  type D:\AppServ\www\workspace\201303\dingcms\protected\Core\Extend\Driver\TagLib\TagLibDogocms.class.php 第 71 行.
NOTIC: [8] Undefined index:  tid D:\AppServ\www\workspace\201303\dingcms\protected\Core\Extend\Driver\TagLib\TagLibDogocms.class.php 第 72 行.
NOTIC: [8] Undefined index:  id D:\AppServ\www\workspace\201303\dingcms\protected\Core\Extend\Driver\TagLib\TagLibDogocms.class.php 第 73 行.
NOTIC: [8] Undefined index:  modeid D:\AppServ\www\workspace\201303\dingcms\protected\Core\Extend\Driver\TagLib\TagLibDogocms.class.php 第 74 行.
NOTIC: [8] Undefined index:  model_name D:\AppServ\www\workspace\201303\dingcms\protected\Core\Extend\Driver\TagLib\TagLibDogocms.class.php 第 75 行.
NOTIC: [8] Undefined index:  flag D:\AppServ\www\workspace\201303\dingcms\protected\Core\Extend\Driver\TagLib\TagLibDogocms.class.php 第 77 行.
NOTIC: [8] Undefined index:  keywords D:\AppServ\www\workspace\201303\dingcms\protected\Core\Extend\Driver\TagLib\TagLibDogocms.class.php 第 79 行.
NOTIC: [8] Undefined index:  type D:\AppServ\www\workspace\201303\dingcms\protected\Core\Extend\Driver\TagLib\TagLibDogocms.class.php 第 71 行.
NOTIC: [8] Undefined index:  tid D:\AppServ\www\workspace\201303\dingcms\protected\Core\Extend\Driver\TagLib\TagLibDogocms.class.php 第 72 行.
NOTIC: [8] Undefined index:  id D:\AppServ\www\workspace\201303\dingcms\protected\Core\Extend\Driver\TagLib\TagLibDogocms.class.php 第 73 行.
NOTIC: [8] Undefined index:  modeid D:\AppServ\www\workspace\201303\dingcms\protected\Core\Extend\Driver\TagLib\TagLibDogocms.class.php 第 74 行.
NOTIC: [8] Undefined index:  model_name D:\AppServ\www\workspace\201303\dingcms\protected\Core\Extend\Driver\TagLib\TagLibDogocms.class.php 第 75 行.
NOTIC: [8] Undefined index:  flag D:\AppServ\www\workspace\201303\dingcms\protected\Core\Extend\Driver\TagLib\TagLibDogocms.class.php 第 77 行.
NOTIC: [8] Undefined index:  keywords D:\AppServ\www\workspace\201303\dingcms\protected\Core\Extend\Driver\TagLib\TagLibDogocms.class.php 第 79 行.
SQL: SELECT * FROM `ding_setting` WHERE ( `sys_name` = 'cfg_sitename' ) LIMIT 1   [ RunTime:0.000851s ]
NOTIC: [8] Undefined index:  result D:\AppServ\www\workspace\201303\dingcms\protected\Core\Lib\Core\Model.class.php 第 619 行.
SQL: SELECT * FROM `ding_setting` WHERE ( `sys_name` = 'cfg_copyright' ) LIMIT 1   [ RunTime:0.000807s ]
NOTIC: [8] Undefined index:  result D:\AppServ\www\workspace\201303\dingcms\protected\Core\Lib\Core\Model.class.php 第 619 行.
NOTIC: [8] Undefined index:  typeid D:\AppServ\www\workspace\201303\dingcms\protected\Core\Extend\Driver\TagLib\TagLibDogocms.class.php 第 235 行.
SQL: SHOW COLUMNS FROM `ding_nav_head` [ RunTime:0.034875s ]
SQL: SELECT * FROM `ding_nav_head` ORDER BY id asc LIMIT 0,50   [ RunTime:0.011782s ]
SQL: SHOW COLUMNS FROM `ding_flash` [ RunTime:0.014632s ]
SQL: SELECT * FROM `ding_flash` WHERE (  (`status`='true')  ) ORDER BY id desc LIMIT 0,6   [ RunTime:0.000997s ]
SQL: SHOW COLUMNS FROM `ding_title` [ RunTime:0.019169s ]
SQL: SELECT t.*,ns.text as sortname FROM ding_title t LEFT JOIN  ding_news_sort ns on ns.id=t.sort_id  WHERE (  (t.status='true') and (t.is_recycle='false')  ) ORDER BY id desc LIMIT 0,2   [ RunTime:0.057535s ]
SQL: SELECT t.*,ns.text as sortname FROM ding_title t LEFT JOIN  ding_news_sort ns on ns.id=t.sort_id  WHERE (  (t.status='true') and (t.is_recycle='false')  ) ORDER BY id desc LIMIT 0,5   [ RunTime:0.001054s ]
SQL: SELECT t.*,ns.text as sortname FROM ding_title t LEFT JOIN  ding_news_sort ns on ns.id=t.sort_id  WHERE (  (t.status='true') and (t.is_recycle='false')  ) ORDER BY id desc LIMIT 0,1   [ RunTime:0.000868s ]
SQL: SELECT t.*,ns.text as sortname FROM ding_title t LEFT JOIN  ding_news_sort ns on ns.id=t.sort_id  WHERE (  (t.status='true') and (t.is_recycle='false')  ) ORDER BY id desc LIMIT 0,6   [ RunTime:0.001096s ]
SQL: SELECT t.*,ns.text as sortname FROM ding_title t LEFT JOIN  ding_news_sort ns on ns.id=t.sort_id  WHERE (  (t.status='true') and (t.is_recycle='false')  ) ORDER BY id desc LIMIT 0,7   [ RunTime:0.001167s ]
SQL: SELECT t.*,ns.text as sortname FROM ding_title t LEFT JOIN  ding_news_sort ns on ns.id=t.sort_id  WHERE (  (t.`sort_id` in(26)) and (t.status='true') and (t.is_recycle='false')  ) ORDER BY id desc LIMIT 0,5   [ RunTime:0.011563s ]
SQL: SELECT t.*,ns.text as sortname FROM ding_title t LEFT JOIN  ding_news_sort ns on ns.id=t.sort_id  WHERE (  (t.status='true') and (t.is_recycle='false')  ) ORDER BY id desc LIMIT 0,6   [ RunTime:0.001244s ]
SQL: SELECT t.*,ns.text as sortname FROM ding_title t LEFT JOIN  ding_news_sort ns on ns.id=t.sort_id  WHERE (  (t.`sort_id` in(28)) and (t.status='true') and (t.is_recycle='false')  ) ORDER BY id desc LIMIT 0,4   [ RunTime:0.001072s ]
SQL: SELECT t.*,ns.text as sortname FROM ding_title t LEFT JOIN  ding_news_sort ns on ns.id=t.sort_id  WHERE (  (t.`sort_id` in(27)) and (t.status='true') and (t.is_recycle='false')  ) ORDER BY t.id desc LIMIT 0,10   [ RunTime:0.001203s ]
SQL: SELECT t.*,ns.text as sortname FROM ding_title t LEFT JOIN  ding_news_sort ns on ns.id=t.sort_id  WHERE (  (t.`sort_id` in(12)) and (t.status='true') and (t.is_recycle='false')  ) ORDER BY id desc LIMIT 0,10   [ RunTime:0.001185s ]
SQL: SELECT t.*,ns.text as sortname FROM ding_title t LEFT JOIN  ding_news_sort ns on ns.id=t.sort_id  WHERE (  (t.`sort_id` in(2)) and (t.status='true') and (t.is_recycle='false')  ) ORDER BY id desc LIMIT 0,10   [ RunTime:0.001078s ]
SQL: SELECT t.*,ns.text as sortname FROM ding_title t LEFT JOIN  ding_news_sort ns on ns.id=t.sort_id  WHERE (  (t.`sort_id` in(15)) and (t.status='true') and (t.is_recycle='false')  ) ORDER BY id desc LIMIT 0,12   [ RunTime:0.001074s ]
SQL: SELECT t.*,ns.text as sortname FROM ding_title t LEFT JOIN  ding_news_sort ns on ns.id=t.sort_id  WHERE (  (t.`sort_id` in(24)) and (t.status='true') and (t.is_recycle='false')  ) ORDER BY id desc LIMIT 0,3   [ RunTime:0.001110s ]
SQL: SELECT t.*,ns.text as sortname FROM ding_title t LEFT JOIN  ding_news_sort ns on ns.id=t.sort_id  WHERE (  (t.`sort_id` in(18)) and (t.status='true') and (t.is_recycle='false')  ) ORDER BY id desc LIMIT 0,10   [ RunTime:0.001450s ]
SQL: SELECT t.*,ns.text as sortname FROM ding_title t LEFT JOIN  ding_news_sort ns on ns.id=t.sort_id  WHERE (  (t.`sort_id` in(17)) and (t.status='true') and (t.is_recycle='false')  ) ORDER BY id desc LIMIT 0,10   [ RunTime:0.001763s ]
SQL: SELECT t.*,ns.text as sortname FROM ding_title t LEFT JOIN  ding_news_sort ns on ns.id=t.sort_id  WHERE (  (t.`sort_id` in(16)) and (t.status='true') and (t.is_recycle='false')  ) ORDER BY id desc LIMIT 0,10   [ RunTime:0.001864s ]
SQL: SELECT t.*,ns.text as sortname FROM ding_title t LEFT JOIN  ding_news_sort ns on ns.id=t.sort_id  WHERE (  (t.`sort_id` in(23)) and (t.status='true') and (t.is_recycle='false')  ) ORDER BY id desc LIMIT 0,10   [ RunTime:0.001196s ]
SQL: SHOW COLUMNS FROM `ding_links` [ RunTime:0.015285s ]
SQL: SELECT * FROM `ding_links` WHERE (  (`status`='true')  ) ORDER BY id desc LIMIT 0,10   [ RunTime:0.001019s ]
NOTIC: [8] Undefined index:  parent_id D:\AppServ\www\workspace\201303\dingcms\protected\Core\Extend\Function\extend.php 第 383 行.
NOTIC: [8] Undefined index:  parent_id D:\AppServ\www\workspace\201303\dingcms\protected\Core\Extend\Function\extend.php 第 383 行.
INFO: Run ParseTemplate Behavior [ RunTime:0.585748s ]
INFO: [ view_parse ] --END-- [ RunTime:0.585848s ]
INFO: [ view_filter ] --START--
INFO: Run ContentReplace Behavior [ RunTime:0.005456s ]
INFO: Run TokenBuild Behavior [ RunTime:0.002036s ]
INFO: Run WriteHtmlCache Behavior [ RunTime:0.001832s ]
INFO: Run ShowRuntime Behavior [ RunTime:0.002422s ]
INFO: [ view_filter ] --END-- [ RunTime:0.012143s ]
INFO: [ view_end ] --START--
INFO: Run ShowPageTrace Behavior [ RunTime:0.002554s ]
INFO: [ view_end ] --END-- [ RunTime:0.002684s ]

[ 2013-03-18T19:33:32+08:00 ] 192.168.0.108 /
INFO: [ app_begin ] --START--
INFO: Run ReadHtmlCache Behavior [ RunTime:0.001968s ]
INFO: [ app_begin ] --END-- [ RunTime:0.002152s ]
SQL: SHOW COLUMNS FROM `ding_setting` [ RunTime:0.003156s ]
SQL: SELECT * FROM `ding_setting` WHERE ( `sys_name` = 'cfg_title' ) LIMIT 1   [ RunTime:0.000949s ]
NOTIC: [8] Undefined index:  result D:\AppServ\www\workspace\201303\dingcms\protected\Core\Lib\Core\Model.class.php 第 619 行.
SQL: SELECT * FROM `ding_setting` WHERE ( `sys_name` = 'cfg_keywords' ) LIMIT 1   [ RunTime:0.000745s ]
NOTIC: [8] Undefined index:  result D:\AppServ\www\workspace\201303\dingcms\protected\Core\Lib\Core\Model.class.php 第 619 行.
SQL: SELECT * FROM `ding_setting` WHERE ( `sys_name` = 'cfg_description' ) LIMIT 1   [ RunTime:0.000740s ]
NOTIC: [8] Undefined index:  result D:\AppServ\www\workspace\201303\dingcms\protected\Core\Lib\Core\Model.class.php 第 619 行.
INFO: [ view_template ] --START--
INFO: Run LocationTemplate Behavior [ RunTime:0.003005s ]
INFO: [ view_template ] --END-- [ RunTime:0.003151s ]
INFO: [ view_parse ] --START--
NOTIC: [8] Use of undefined constant level - assumed 'level' D:\AppServ\www\workspace\201303\dingcms\protected\Core\Lib\Core\Think.class.php 第 230 行.
NOTIC: [8] Use of undefined constant level - assumed 'level' D:\AppServ\www\workspace\201303\dingcms\protected\Core\Lib\Core\Think.class.php 第 230 行.
NOTIC: [8] Use of undefined constant level - assumed 'level' D:\AppServ\www\workspace\201303\dingcms\protected\Core\Lib\Core\Think.class.php 第 230 行.
NOTIC: [8] Use of undefined constant level - assumed 'level' D:\AppServ\www\workspace\201303\dingcms\protected\Core\Lib\Core\Think.class.php 第 230 行.
NOTIC: [8] Use of undefined constant level - assumed 'level' D:\AppServ\www\workspace\201303\dingcms\protected\Core\Lib\Core\Think.class.php 第 230 行.
NOTIC: [8] Use of undefined constant level - assumed 'level' D:\AppServ\www\workspace\201303\dingcms\protected\Core\Lib\Core\Think.class.php 第 230 行.
NOTIC: [8] Use of undefined constant level - assumed 'level' D:\AppServ\www\workspace\201303\dingcms\protected\Core\Lib\Core\Think.class.php 第 230 行.
NOTIC: [8] Use of undefined constant level - assumed 'level' D:\AppServ\www\workspace\201303\dingcms\protected\Core\Lib\Core\Think.class.php 第 230 行.
NOTIC: [8] Use of undefined constant level - assumed 'level' D:\AppServ\www\workspace\201303\dingcms\protected\Core\Lib\Core\Think.class.php 第 230 行.
NOTIC: [8] Use of undefined constant level - assumed 'level' D:\AppServ\www\workspace\201303\dingcms\protected\Core\Lib\Core\Think.class.php 第 230 行.
NOTIC: [8] Use of undefined constant level - assumed 'level' D:\AppServ\www\workspace\201303\dingcms\protected\Core\Lib\Core\Think.class.php 第 230 行.
NOTIC: [8] Use of undefined constant level - assumed 'level' D:\AppServ\www\workspace\201303\dingcms\protected\Core\Lib\Core\Think.class.php 第 230 行.
NOTIC: [8] Use of undefined constant level - assumed 'level' D:\AppServ\www\workspace\201303\dingcms\protected\Core\Lib\Core\Think.class.php 第 230 行.
NOTIC: [8] Undefined index:  id D:\AppServ\www\workspace\201303\dingcms\protected\Core\Extend\Driver\TagLib\TagLibDogocms.class.php 第 47 行.
NOTIC: [8] Undefined index:  where D:\AppServ\www\workspace\201303\dingcms\protected\Core\Extend\Driver\TagLib\TagLibDogocms.class.php 第 52 行.
NOTIC: [8] Undefined index:  typeid D:\AppServ\www\workspace\201303\dingcms\protected\Core\Extend\Driver\TagLib\TagLibDogocms.class.php 第 70 行.
NOTIC: [8] Undefined index:  type D:\AppServ\www\workspace\201303\dingcms\protected\Core\Extend\Driver\TagLib\TagLibDogocms.class.php 第 71 行.
NOTIC: [8] Undefined index:  tid D:\AppServ\www\workspace\201303\dingcms\protected\Core\Extend\Driver\TagLib\TagLibDogocms.class.php 第 72 行.
NOTIC: [8] Undefined index:  id D:\AppServ\www\workspace\201303\dingcms\protected\Core\Extend\Driver\TagLib\TagLibDogocms.class.php 第 73 行.
NOTIC: [8] Undefined index:  modeid D:\AppServ\www\workspace\201303\dingcms\protected\Core\Extend\Driver\TagLib\TagLibDogocms.class.php 第 74 行.
NOTIC: [8] Undefined index:  model_name D:\AppServ\www\workspace\201303\dingcms\protected\Core\Extend\Driver\TagLib\TagLibDogocms.class.php 第 75 行.
NOTIC: [8] Undefined index:  flag D:\AppServ\www\workspace\201303\dingcms\protected\Core\Extend\Driver\TagLib\TagLibDogocms.class.php 第 77 行.
NOTIC: [8] Undefined index:  keywords D:\AppServ\www\workspace\201303\dingcms\protected\Core\Extend\Driver\TagLib\TagLibDogocms.class.php 第 79 行.
NOTIC: [8] Undefined index:  where D:\AppServ\www\workspace\201303\dingcms\protected\Core\Extend\Driver\TagLib\TagLibDogocms.class.php 第 169 行.
NOTIC: [8] Undefined index:  typeid D:\AppServ\www\workspace\201303\dingcms\protected\Core\Extend\Driver\TagLib\TagLibDogocms.class.php 第 70 行.
NOTIC: [8] Undefined index:  type D:\AppServ\www\workspace\201303\dingcms\protected\Core\Extend\Driver\TagLib\TagLibDogocms.class.php 第 71 行.
NOTIC: [8] Undefined index:  tid D:\AppServ\www\workspace\201303\dingcms\protected\Core\Extend\Driver\TagLib\TagLibDogocms.class.php 第 72 行.
NOTIC: [8] Undefined index:  id D:\AppServ\www\workspace\201303\dingcms\protected\Core\Extend\Driver\TagLib\TagLibDogocms.class.php 第 73 行.
NOTIC: [8] Undefined index:  modeid D:\AppServ\www\workspace\201303\dingcms\protected\Core\Extend\Driver\TagLib\TagLibDogocms.class.php 第 74 行.
NOTIC: [8] Undefined index:  model_name D:\AppServ\www\workspace\201303\dingcms\protected\Core\Extend\Driver\TagLib\TagLibDogocms.class.php 第 75 行.
NOTIC: [8] Undefined index:  flag D:\AppServ\www\workspace\201303\dingcms\protected\Core\Extend\Driver\TagLib\TagLibDogocms.class.php 第 77 行.
NOTIC: [8] Undefined index:  keywords D:\AppServ\www\workspace\201303\dingcms\protected\Core\Extend\Driver\TagLib\TagLibDogocms.class.php 第 79 行.
NOTIC: [8] Undefined index:  where D:\AppServ\www\workspace\201303\dingcms\protected\Core\Extend\Driver\TagLib\TagLibDogocms.class.php 第 169 行.
NOTIC: [8] Undefined index:  typeid D:\AppServ\www\workspace\201303\dingcms\protected\Core\Extend\Driver\TagLib\TagLibDogocms.class.php 第 70 行.
NOTIC: [8] Undefined index:  type D:\AppServ\www\workspace\201303\dingcms\protected\Core\Extend\Driver\TagLib\TagLibDogocms.class.php 第 71 行.
NOTIC: [8] Undefined index:  tid D:\AppServ\www\workspace\201303\dingcms\protected\Core\Extend\Driver\TagLib\TagLibDogocms.class.php 第 72 行.
NOTIC: [8] Undefined index:  id D:\AppServ\www\workspace\201303\dingcms\protected\Core\Extend\Driver\TagLib\TagLibDogocms.class.php 第 73 行.
NOTIC: [8] Undefined index:  modeid D:\AppServ\www\workspace\201303\dingcms\protected\Core\Extend\Driver\TagLib\TagLibDogocms.class.php 第 74 行.
NOTIC: [8] Undefined index:  model_name D:\AppServ\www\workspace\201303\dingcms\protected\Core\Extend\Driver\TagLib\TagLibDogocms.class.php 第 75 行.
NOTIC: [8] Undefined index:  flag D:\AppServ\www\workspace\201303\dingcms\protected\Core\Extend\Driver\TagLib\TagLibDogocms.class.php 第 77 行.
NOTIC: [8] Undefined index:  keywords D:\AppServ\www\workspace\201303\dingcms\protected\Core\Extend\Driver\TagLib\TagLibDogocms.class.php 第 79 行.
NOTIC: [8] Undefined index:  where D:\AppServ\www\workspace\201303\dingcms\protected\Core\Extend\Driver\TagLib\TagLibDogocms.class.php 第 169 行.
NOTIC: [8] Undefined index:  typeid D:\AppServ\www\workspace\201303\dingcms\protected\Core\Extend\Driver\TagLib\TagLibDogocms.class.php 第 70 行.
NOTIC: [8] Undefined index:  type D:\AppServ\www\workspace\201303\dingcms\protected\Core\Extend\Driver\TagLib\TagLibDogocms.class.php 第 71 行.
NOTIC: [8] Undefined index:  tid D:\AppServ\www\workspace\201303\dingcms\protected\Core\Extend\Driver\TagLib\TagLibDogocms.class.php 第 72 行.
NOTIC: [8] Undefined index:  id D:\AppServ\www\workspace\201303\dingcms\protected\Core\Extend\Driver\TagLib\TagLibDogocms.class.php 第 73 行.
NOTIC: [8] Undefined index:  modeid D:\AppServ\www\workspace\201303\dingcms\protected\Core\Extend\Driver\TagLib\TagLibDogocms.class.php 第 74 行.
NOTIC: [8] Undefined index:  model_name D:\AppServ\www\workspace\201303\dingcms\protected\Core\Extend\Driver\TagLib\TagLibDogocms.class.php 第 75 行.
NOTIC: [8] Undefined index:  flag D:\AppServ\www\workspace\201303\dingcms\protected\Core\Extend\Driver\TagLib\TagLibDogocms.class.php 第 77 行.
NOTIC: [8] Undefined index:  keywords D:\AppServ\www\workspace\201303\dingcms\protected\Core\Extend\Driver\TagLib\TagLibDogocms.class.php 第 79 行.
NOTIC: [8] Undefined index:  where D:\AppServ\www\workspace\201303\dingcms\protected\Core\Extend\Driver\TagLib\TagLibDogocms.class.php 第 169 行.
NOTIC: [8] Undefined index:  typeid D:\AppServ\www\workspace\201303\dingcms\protected\Core\Extend\Driver\TagLib\TagLibDogocms.class.php 第 70 行.
NOTIC: [8] Undefined index:  type D:\AppServ\www\workspace\201303\dingcms\protected\Core\Extend\Driver\TagLib\TagLibDogocms.class.php 第 71 行.
NOTIC: [8] Undefined index:  tid D:\AppServ\www\workspace\201303\dingcms\protected\Core\Extend\Driver\TagLib\TagLibDogocms.class.php 第 72 行.
NOTIC: [8] Undefined index:  id D:\AppServ\www\workspace\201303\dingcms\protected\Core\Extend\Driver\TagLib\TagLibDogocms.class.php 第 73 行.
NOTIC: [8] Undefined index:  modeid D:\AppServ\www\workspace\201303\dingcms\protected\Core\Extend\Driver\TagLib\TagLibDogocms.class.php 第 74 行.
NOTIC: [8] Undefined index:  model_name D:\AppServ\www\workspace\201303\dingcms\protected\Core\Extend\Driver\TagLib\TagLibDogocms.class.php 第 75 行.
NOTIC: [8] Undefined index:  flag D:\AppServ\www\workspace\201303\dingcms\protected\Core\Extend\Driver\TagLib\TagLibDogocms.class.php 第 77 行.
NOTIC: [8] Undefined index:  keywords D:\AppServ\www\workspace\201303\dingcms\protected\Core\Extend\Driver\TagLib\TagLibDogocms.class.php 第 79 行.
NOTIC: [8] Undefined index:  where D:\AppServ\www\workspace\201303\dingcms\protected\Core\Extend\Driver\TagLib\TagLibDogocms.class.php 第 169 行.
NOTIC: [8] Undefined index:  type D:\AppServ\www\workspace\201303\dingcms\protected\Core\Extend\Driver\TagLib\TagLibDogocms.class.php 第 71 行.
NOTIC: [8] Undefined index:  tid D:\AppServ\www\workspace\201303\dingcms\protected\Core\Extend\Driver\TagLib\TagLibDogocms.class.php 第 72 行.
NOTIC: [8] Undefined index:  id D:\AppServ\www\workspace\201303\dingcms\protected\Core\Extend\Driver\TagLib\TagLibDogocms.class.php 第 73 行.
NOTIC: [8] Undefined index:  modeid D:\AppServ\www\workspace\201303\dingcms\protected\Core\Extend\Driver\TagLib\TagLibDogocms.class.php 第 74 行.
NOTIC: [8] Undefined index:  model_name D:\AppServ\www\workspace\201303\dingcms\protected\Core\Extend\Driver\TagLib\TagLibDogocms.class.php 第 75 行.
NOTIC: [8] Undefined index:  flag D:\AppServ\www\workspace\201303\dingcms\protected\Core\Extend\Driver\TagLib\TagLibDogocms.class.php 第 77 行.
NOTIC: [8] Undefined index:  keywords D:\AppServ\www\workspace\201303\dingcms\protected\Core\Extend\Driver\TagLib\TagLibDogocms.class.php 第 79 行.
NOTIC: [8] Undefined index:  typeid D:\AppServ\www\workspace\201303\dingcms\protected\Core\Extend\Driver\TagLib\TagLibDogocms.class.php 第 70 行.
NOTIC: [8] Undefined index:  type D:\AppServ\www\workspace\201303\dingcms\protected\Core\Extend\Driver\TagLib\TagLibDogocms.class.php 第 71 行.
NOTIC: [8] Undefined index:  tid D:\AppServ\www\workspace\201303\dingcms\protected\Core\Extend\Driver\TagLib\TagLibDogocms.class.php 第 72 行.
NOTIC: [8] Undefined index:  id D:\AppServ\www\workspace\201303\dingcms\protected\Core\Extend\Driver\TagLib\TagLibDogocms.class.php 第 73 行.
NOTIC: [8] Undefined index:  modeid D:\AppServ\www\workspace\201303\dingcms\protected\Core\Extend\Driver\TagLib\TagLibDogocms.class.php 第 74 行.
NOTIC: [8] Undefined index:  model_name D:\AppServ\www\workspace\201303\dingcms\protected\Core\Extend\Driver\TagLib\TagLibDogocms.class.php 第 75 行.
NOTIC: [8] Undefined index:  flag D:\AppServ\www\workspace\201303\dingcms\protected\Core\Extend\Driver\TagLib\TagLibDogocms.class.php 第 77 行.
NOTIC: [8] Undefined index:  keywords D:\AppServ\www\workspace\201303\dingcms\protected\Core\Extend\Driver\TagLib\TagLibDogocms.class.php 第 79 行.
NOTIC: [8] Undefined index:  where D:\AppServ\www\workspace\201303\dingcms\protected\Core\Extend\Driver\TagLib\TagLibDogocms.class.php 第 169 行.
NOTIC: [8] Undefined index:  type D:\AppServ\www\workspace\201303\dingcms\protected\Core\Extend\Driver\TagLib\TagLibDogocms.class.php 第 71 行.
NOTIC: [8] Undefined index:  tid D:\AppServ\www\workspace\201303\dingcms\protected\Core\Extend\Driver\TagLib\TagLibDogocms.class.php 第 72 行.
NOTIC: [8] Undefined index:  id D:\AppServ\www\workspace\201303\dingcms\protected\Core\Extend\Driver\TagLib\TagLibDogocms.class.php 第 73 行.
NOTIC: [8] Undefined index:  modeid D:\AppServ\www\workspace\201303\dingcms\protected\Core\Extend\Driver\TagLib\TagLibDogocms.class.php 第 74 行.
NOTIC: [8] Undefined index:  model_name D:\AppServ\www\workspace\201303\dingcms\protected\Core\Extend\Driver\TagLib\TagLibDogocms.class.php 第 75 行.
NOTIC: [8] Undefined index:  flag D:\AppServ\www\workspace\201303\dingcms\protected\Core\Extend\Driver\TagLib\TagLibDogocms.class.php 第 77 行.
NOTIC: [8] Undefined index:  keywords D:\AppServ\www\workspace\201303\dingcms\protected\Core\Extend\Driver\TagLib\TagLibDogocms.class.php 第 79 行.
NOTIC: [8] Undefined index:  type D:\AppServ\www\workspace\201303\dingcms\protected\Core\Extend\Driver\TagLib\TagLibDogocms.class.php 第 71 行.
NOTIC: [8] Undefined index:  tid D:\AppServ\www\workspace\201303\dingcms\protected\Core\Extend\Driver\TagLib\TagLibDogocms.class.php 第 72 行.
NOTIC: [8] Undefined index:  id D:\AppServ\www\workspace\201303\dingcms\protected\Core\Extend\Driver\TagLib\TagLibDogocms.class.php 第 73 行.
NOTIC: [8] Undefined index:  modeid D:\AppServ\www\workspace\201303\dingcms\protected\Core\Extend\Driver\TagLib\TagLibDogocms.class.php 第 74 行.
NOTIC: [8] Undefined index:  model_name D:\AppServ\www\workspace\201303\dingcms\protected\Core\Extend\Driver\TagLib\TagLibDogocms.class.php 第 75 行.
NOTIC: [8] Undefined index:  flag D:\AppServ\www\workspace\201303\dingcms\protected\Core\Extend\Driver\TagLib\TagLibDogocms.class.php 第 77 行.
NOTIC: [8] Undefined index:  keywords D:\AppServ\www\workspace\201303\dingcms\protected\Core\Extend\Driver\TagLib\TagLibDogocms.class.php 第 79 行.
NOTIC: [8] Undefined index:  type D:\AppServ\www\workspace\201303\dingcms\protected\Core\Extend\Driver\TagLib\TagLibDogocms.class.php 第 71 行.
NOTIC: [8] Undefined index:  tid D:\AppServ\www\workspace\201303\dingcms\protected\Core\Extend\Driver\TagLib\TagLibDogocms.class.php 第 72 行.
NOTIC: [8] Undefined index:  id D:\AppServ\www\workspace\201303\dingcms\protected\Core\Extend\Driver\TagLib\TagLibDogocms.class.php 第 73 行.
NOTIC: [8] Undefined index:  modeid D:\AppServ\www\workspace\201303\dingcms\protected\Core\Extend\Driver\TagLib\TagLibDogocms.class.php 第 74 行.
NOTIC: [8] Undefined index:  model_name D:\AppServ\www\workspace\201303\dingcms\protected\Core\Extend\Driver\TagLib\TagLibDogocms.class.php 第 75 行.
NOTIC: [8] Undefined index:  flag D:\AppServ\www\workspace\201303\dingcms\protected\Core\Extend\Driver\TagLib\TagLibDogocms.class.php 第 77 行.
NOTIC: [8] Undefined index:  keywords D:\AppServ\www\workspace\201303\dingcms\protected\Core\Extend\Driver\TagLib\TagLibDogocms.class.php 第 79 行.
NOTIC: [8] Undefined index:  type D:\AppServ\www\workspace\201303\dingcms\protected\Core\Extend\Driver\TagLib\TagLibDogocms.class.php 第 71 行.
NOTIC: [8] Undefined index:  tid D:\AppServ\www\workspace\201303\dingcms\protected\Core\Extend\Driver\TagLib\TagLibDogocms.class.php 第 72 行.
NOTIC: [8] Undefined index:  id D:\AppServ\www\workspace\201303\dingcms\protected\Core\Extend\Driver\TagLib\TagLibDogocms.class.php 第 73 行.
NOTIC: [8] Undefined index:  modeid D:\AppServ\www\workspace\201303\dingcms\protected\Core\Extend\Driver\TagLib\TagLibDogocms.class.php 第 74 行.
NOTIC: [8] Undefined index:  model_name D:\AppServ\www\workspace\201303\dingcms\protected\Core\Extend\Driver\TagLib\TagLibDogocms.class.php 第 75 行.
NOTIC: [8] Undefined index:  flag D:\AppServ\www\workspace\201303\dingcms\protected\Core\Extend\Driver\TagLib\TagLibDogocms.class.php 第 77 行.
NOTIC: [8] Undefined index:  keywords D:\AppServ\www\workspace\201303\dingcms\protected\Core\Extend\Driver\TagLib\TagLibDogocms.class.php 第 79 行.
NOTIC: [8] Undefined index:  type D:\AppServ\www\workspace\201303\dingcms\protected\Core\Extend\Driver\TagLib\TagLibDogocms.class.php 第 71 行.
NOTIC: [8] Undefined index:  tid D:\AppServ\www\workspace\201303\dingcms\protected\Core\Extend\Driver\TagLib\TagLibDogocms.class.php 第 72 行.
NOTIC: [8] Undefined index:  id D:\AppServ\www\workspace\201303\dingcms\protected\Core\Extend\Driver\TagLib\TagLibDogocms.class.php 第 73 行.
NOTIC: [8] Undefined index:  modeid D:\AppServ\www\workspace\201303\dingcms\protected\Core\Extend\Driver\TagLib\TagLibDogocms.class.php 第 74 行.
NOTIC: [8] Undefined index:  model_name D:\AppServ\www\workspace\201303\dingcms\protected\Core\Extend\Driver\TagLib\TagLibDogocms.class.php 第 75 行.
NOTIC: [8] Undefined index:  flag D:\AppServ\www\workspace\201303\dingcms\protected\Core\Extend\Driver\TagLib\TagLibDogocms.class.php 第 77 行.
NOTIC: [8] Undefined index:  keywords D:\AppServ\www\workspace\201303\dingcms\protected\Core\Extend\Driver\TagLib\TagLibDogocms.class.php 第 79 行.
NOTIC: [8] Undefined index:  type D:\AppServ\www\workspace\201303\dingcms\protected\Core\Extend\Driver\TagLib\TagLibDogocms.class.php 第 71 行.
NOTIC: [8] Undefined index:  tid D:\AppServ\www\workspace\201303\dingcms\protected\Core\Extend\Driver\TagLib\TagLibDogocms.class.php 第 72 行.
NOTIC: [8] Undefined index:  id D:\AppServ\www\workspace\201303\dingcms\protected\Core\Extend\Driver\TagLib\TagLibDogocms.class.php 第 73 行.
NOTIC: [8] Undefined index:  modeid D:\AppServ\www\workspace\201303\dingcms\protected\Core\Extend\Driver\TagLib\TagLibDogocms.class.php 第 74 行.
NOTIC: [8] Undefined index:  model_name D:\AppServ\www\workspace\201303\dingcms\protected\Core\Extend\Driver\TagLib\TagLibDogocms.class.php 第 75 行.
NOTIC: [8] Undefined index:  flag D:\AppServ\www\workspace\201303\dingcms\protected\Core\Extend\Driver\TagLib\TagLibDogocms.class.php 第 77 行.
NOTIC: [8] Undefined index:  keywords D:\AppServ\www\workspace\201303\dingcms\protected\Core\Extend\Driver\TagLib\TagLibDogocms.class.php 第 79 行.
NOTIC: [8] Undefined index:  type D:\AppServ\www\workspace\201303\dingcms\protected\Core\Extend\Driver\TagLib\TagLibDogocms.class.php 第 71 行.
NOTIC: [8] Undefined index:  tid D:\AppServ\www\workspace\201303\dingcms\protected\Core\Extend\Driver\TagLib\TagLibDogocms.class.php 第 72 行.
NOTIC: [8] Undefined index:  id D:\AppServ\www\workspace\201303\dingcms\protected\Core\Extend\Driver\TagLib\TagLibDogocms.class.php 第 73 行.
NOTIC: [8] Undefined index:  modeid D:\AppServ\www\workspace\201303\dingcms\protected\Core\Extend\Driver\TagLib\TagLibDogocms.class.php 第 74 行.
NOTIC: [8] Undefined index:  model_name D:\AppServ\www\workspace\201303\dingcms\protected\Core\Extend\Driver\TagLib\TagLibDogocms.class.php 第 75 行.
NOTIC: [8] Undefined index:  flag D:\AppServ\www\workspace\201303\dingcms\protected\Core\Extend\Driver\TagLib\TagLibDogocms.class.php 第 77 行.
NOTIC: [8] Undefined index:  keywords D:\AppServ\www\workspace\201303\dingcms\protected\Core\Extend\Driver\TagLib\TagLibDogocms.class.php 第 79 行.
NOTIC: [8] Undefined index:  type D:\AppServ\www\workspace\201303\dingcms\protected\Core\Extend\Driver\TagLib\TagLibDogocms.class.php 第 71 行.
NOTIC: [8] Undefined index:  tid D:\AppServ\www\workspace\201303\dingcms\protected\Core\Extend\Driver\TagLib\TagLibDogocms.class.php 第 72 行.
NOTIC: [8] Undefined index:  id D:\AppServ\www\workspace\201303\dingcms\protected\Core\Extend\Driver\TagLib\TagLibDogocms.class.php 第 73 行.
NOTIC: [8] Undefined index:  modeid D:\AppServ\www\workspace\201303\dingcms\protected\Core\Extend\Driver\TagLib\TagLibDogocms.class.php 第 74 行.
NOTIC: [8] Undefined index:  model_name D:\AppServ\www\workspace\201303\dingcms\protected\Core\Extend\Driver\TagLib\TagLibDogocms.class.php 第 75 行.
NOTIC: [8] Undefined index:  flag D:\AppServ\www\workspace\201303\dingcms\protected\Core\Extend\Driver\TagLib\TagLibDogocms.class.php 第 77 行.
NOTIC: [8] Undefined index:  keywords D:\AppServ\www\workspace\201303\dingcms\protected\Core\Extend\Driver\TagLib\TagLibDogocms.class.php 第 79 行.
NOTIC: [8] Undefined index:  type D:\AppServ\www\workspace\201303\dingcms\protected\Core\Extend\Driver\TagLib\TagLibDogocms.class.php 第 71 行.
NOTIC: [8] Undefined index:  tid D:\AppServ\www\workspace\201303\dingcms\protected\Core\Extend\Driver\TagLib\TagLibDogocms.class.php 第 72 行.
NOTIC: [8] Undefined index:  id D:\AppServ\www\workspace\201303\dingcms\protected\Core\Extend\Driver\TagLib\TagLibDogocms.class.php 第 73 行.
NOTIC: [8] Undefined index:  modeid D:\AppServ\www\workspace\201303\dingcms\protected\Core\Extend\Driver\TagLib\TagLibDogocms.class.php 第 74 行.
NOTIC: [8] Undefined index:  model_name D:\AppServ\www\workspace\201303\dingcms\protected\Core\Extend\Driver\TagLib\TagLibDogocms.class.php 第 75 行.
NOTIC: [8] Undefined index:  flag D:\AppServ\www\workspace\201303\dingcms\protected\Core\Extend\Driver\TagLib\TagLibDogocms.class.php 第 77 行.
NOTIC: [8] Undefined index:  keywords D:\AppServ\www\workspace\201303\dingcms\protected\Core\Extend\Driver\TagLib\TagLibDogocms.class.php 第 79 行.
NOTIC: [8] Undefined index:  type D:\AppServ\www\workspace\201303\dingcms\protected\Core\Extend\Driver\TagLib\TagLibDogocms.class.php 第 71 行.
NOTIC: [8] Undefined index:  tid D:\AppServ\www\workspace\201303\dingcms\protected\Core\Extend\Driver\TagLib\TagLibDogocms.class.php 第 72 行.
NOTIC: [8] Undefined index:  id D:\AppServ\www\workspace\201303\dingcms\protected\Core\Extend\Driver\TagLib\TagLibDogocms.class.php 第 73 行.
NOTIC: [8] Undefined index:  modeid D:\AppServ\www\workspace\201303\dingcms\protected\Core\Extend\Driver\TagLib\TagLibDogocms.class.php 第 74 行.
NOTIC: [8] Undefined index:  model_name D:\AppServ\www\workspace\201303\dingcms\protected\Core\Extend\Driver\TagLib\TagLibDogocms.class.php 第 75 行.
NOTIC: [8] Undefined index:  flag D:\AppServ\www\workspace\201303\dingcms\protected\Core\Extend\Driver\TagLib\TagLibDogocms.class.php 第 77 行.
NOTIC: [8] Undefined index:  keywords D:\AppServ\www\workspace\201303\dingcms\protected\Core\Extend\Driver\TagLib\TagLibDogocms.class.php 第 79 行.
SQL: SELECT * FROM `ding_setting` WHERE ( `sys_name` = 'cfg_sitename' ) LIMIT 1   [ RunTime:0.001093s ]
NOTIC: [8] Undefined index:  result D:\AppServ\www\workspace\201303\dingcms\protected\Core\Lib\Core\Model.class.php 第 619 行.
SQL: SELECT * FROM `ding_setting` WHERE ( `sys_name` = 'cfg_copyright' ) LIMIT 1   [ RunTime:0.000898s ]
NOTIC: [8] Undefined index:  result D:\AppServ\www\workspace\201303\dingcms\protected\Core\Lib\Core\Model.class.php 第 619 行.
NOTIC: [8] Undefined index:  typeid D:\AppServ\www\workspace\201303\dingcms\protected\Core\Extend\Driver\TagLib\TagLibDogocms.class.php 第 235 行.
SQL: SHOW COLUMNS FROM `ding_nav_head` [ RunTime:0.003049s ]
SQL: SELECT * FROM `ding_nav_head` ORDER BY id asc LIMIT 0,50   [ RunTime:0.001412s ]
SQL: SHOW COLUMNS FROM `ding_flash` [ RunTime:0.003660s ]
SQL: SELECT * FROM `ding_flash` WHERE (  (`status`='true')  ) ORDER BY id desc LIMIT 0,6   [ RunTime:0.001786s ]
SQL: SHOW COLUMNS FROM `ding_title` [ RunTime:0.004121s ]
SQL: SELECT t.*,ns.text as sortname FROM ding_title t LEFT JOIN  ding_news_sort ns on ns.id=t.sort_id  WHERE (  (t.status='true') and (t.is_recycle='false')  ) ORDER BY id desc LIMIT 0,2   [ RunTime:0.000910s ]
SQL: SELECT t.*,ns.text as sortname FROM ding_title t LEFT JOIN  ding_news_sort ns on ns.id=t.sort_id  WHERE (  (t.status='true') and (t.is_recycle='false')  ) ORDER BY id desc LIMIT 0,5   [ RunTime:0.001073s ]
SQL: SELECT t.*,ns.text as sortname FROM ding_title t LEFT JOIN  ding_news_sort ns on ns.id=t.sort_id  WHERE (  (t.status='true') and (t.is_recycle='false')  ) ORDER BY id desc LIMIT 0,1   [ RunTime:0.001045s ]
SQL: SELECT t.*,ns.text as sortname FROM ding_title t LEFT JOIN  ding_news_sort ns on ns.id=t.sort_id  WHERE (  (t.status='true') and (t.is_recycle='false')  ) ORDER BY id desc LIMIT 0,6   [ RunTime:0.001080s ]
SQL: SELECT t.*,ns.text as sortname FROM ding_title t LEFT JOIN  ding_news_sort ns on ns.id=t.sort_id  WHERE (  (t.status='true') and (t.is_recycle='false')  ) ORDER BY id desc LIMIT 0,7   [ RunTime:0.001055s ]
SQL: SELECT t.*,ns.text as sortname FROM ding_title t LEFT JOIN  ding_news_sort ns on ns.id=t.sort_id  WHERE (  (t.`sort_id` in(26)) and (t.status='true') and (t.is_recycle='false')  ) ORDER BY id desc LIMIT 0,5   [ RunTime:0.001011s ]
SQL: SELECT t.*,ns.text as sortname FROM ding_title t LEFT JOIN  ding_news_sort ns on ns.id=t.sort_id  WHERE (  (t.status='true') and (t.is_recycle='false')  ) ORDER BY id desc LIMIT 0,6   [ RunTime:0.001041s ]
SQL: SELECT t.*,ns.text as sortname FROM ding_title t LEFT JOIN  ding_news_sort ns on ns.id=t.sort_id  WHERE (  (t.`sort_id` in(28)) and (t.status='true') and (t.is_recycle='false')  ) ORDER BY id desc LIMIT 0,4   [ RunTime:0.001044s ]
SQL: SELECT t.*,ns.text as sortname FROM ding_title t LEFT JOIN  ding_news_sort ns on ns.id=t.sort_id  WHERE (  (t.`sort_id` in(27)) and (t.status='true') and (t.is_recycle='false')  ) ORDER BY t.id desc LIMIT 0,10   [ RunTime:0.001169s ]
SQL: SELECT t.*,ns.text as sortname FROM ding_title t LEFT JOIN  ding_news_sort ns on ns.id=t.sort_id  WHERE (  (t.`sort_id` in(12)) and (t.status='true') and (t.is_recycle='false')  ) ORDER BY id desc LIMIT 0,10   [ RunTime:0.000847s ]
SQL: SELECT t.*,ns.text as sortname FROM ding_title t LEFT JOIN  ding_news_sort ns on ns.id=t.sort_id  WHERE (  (t.`sort_id` in(2)) and (t.status='true') and (t.is_recycle='false')  ) ORDER BY id desc LIMIT 0,10   [ RunTime:0.000903s ]
SQL: SELECT t.*,ns.text as sortname FROM ding_title t LEFT JOIN  ding_news_sort ns on ns.id=t.sort_id  WHERE (  (t.`sort_id` in(15)) and (t.status='true') and (t.is_recycle='false')  ) ORDER BY id desc LIMIT 0,12   [ RunTime:0.001323s ]
SQL: SELECT t.*,ns.text as sortname FROM ding_title t LEFT JOIN  ding_news_sort ns on ns.id=t.sort_id  WHERE (  (t.`sort_id` in(24)) and (t.status='true') and (t.is_recycle='false')  ) ORDER BY id desc LIMIT 0,3   [ RunTime:0.000957s ]
SQL: SELECT t.*,ns.text as sortname FROM ding_title t LEFT JOIN  ding_news_sort ns on ns.id=t.sort_id  WHERE (  (t.`sort_id` in(18)) and (t.status='true') and (t.is_recycle='false')  ) ORDER BY id desc LIMIT 0,10   [ RunTime:0.000979s ]
SQL: SELECT t.*,ns.text as sortname FROM ding_title t LEFT JOIN  ding_news_sort ns on ns.id=t.sort_id  WHERE (  (t.`sort_id` in(17)) and (t.status='true') and (t.is_recycle='false')  ) ORDER BY id desc LIMIT 0,10   [ RunTime:0.001148s ]
SQL: SELECT t.*,ns.text as sortname FROM ding_title t LEFT JOIN  ding_news_sort ns on ns.id=t.sort_id  WHERE (  (t.`sort_id` in(16)) and (t.status='true') and (t.is_recycle='false')  ) ORDER BY id desc LIMIT 0,10   [ RunTime:0.000798s ]
SQL: SELECT t.*,ns.text as sortname FROM ding_title t LEFT JOIN  ding_news_sort ns on ns.id=t.sort_id  WHERE (  (t.`sort_id` in(23)) and (t.status='true') and (t.is_recycle='false')  ) ORDER BY id desc LIMIT 0,10   [ RunTime:0.000802s ]
SQL: SHOW COLUMNS FROM `ding_links` [ RunTime:0.002706s ]
SQL: SELECT * FROM `ding_links` WHERE (  (`status`='true')  ) ORDER BY id desc LIMIT 0,10   [ RunTime:0.002611s ]
NOTIC: [8] Undefined index:  parent_id D:\AppServ\www\workspace\201303\dingcms\protected\Core\Extend\Function\extend.php 第 383 行.
NOTIC: [8] Undefined index:  parent_id D:\AppServ\www\workspace\201303\dingcms\protected\Core\Extend\Function\extend.php 第 383 行.
INFO: Run ParseTemplate Behavior [ RunTime:0.223903s ]
INFO: [ view_parse ] --END-- [ RunTime:0.224022s ]
INFO: [ view_filter ] --START--
INFO: Run ContentReplace Behavior [ RunTime:0.002214s ]
INFO: Run TokenBuild Behavior [ RunTime:0.001661s ]
INFO: Run WriteHtmlCache Behavior [ RunTime:0.001455s ]
INFO: Run ShowRuntime Behavior [ RunTime:0.002172s ]
INFO: [ view_filter ] --END-- [ RunTime:0.007901s ]
INFO: [ view_end ] --START--
INFO: Run ShowPageTrace Behavior [ RunTime:0.002169s ]
INFO: [ view_end ] --END-- [ RunTime:0.002293s ]

