[ 2013-03-23T23:15:56+08:00 ] 127.0.0.1 /
INFO: [ app_begin ] --START--
INFO: Run ReadHtmlCache Behavior [ RunTime:0.013321s ]
INFO: [ app_begin ] --END-- [ RunTime:0.025715s ]
SQL: SHOW COLUMNS FROM `ding_setting` [ RunTime:0.101785s ]
SQL: SELECT * FROM `ding_setting` WHERE ( `sys_name` = 'cfg_title' ) LIMIT 1   [ RunTime:0.001018s ]
NOTIC: [8] Undefined index:  result D:\AppServ\www\workspace\201303\dingcms\protected\Core\Lib\Core\Model.class.php 第 619 行.
SQL: SELECT * FROM `ding_setting` WHERE ( `sys_name` = 'cfg_keywords' ) LIMIT 1   [ RunTime:0.000748s ]
NOTIC: [8] Undefined index:  result D:\AppServ\www\workspace\201303\dingcms\protected\Core\Lib\Core\Model.class.php 第 619 行.
SQL: SELECT * FROM `ding_setting` WHERE ( `sys_name` = 'cfg_description' ) LIMIT 1   [ RunTime:0.000712s ]
NOTIC: [8] Undefined index:  result D:\AppServ\www\workspace\201303\dingcms\protected\Core\Lib\Core\Model.class.php 第 619 行.
INFO: [ view_template ] --START--
INFO: Run LocationTemplate Behavior [ RunTime:0.017534s ]
INFO: [ view_template ] --END-- [ RunTime:0.017703s ]
INFO: [ view_parse ] --START--
NOTIC: [8] Use of undefined constant level - assumed 'level' D:\AppServ\www\workspace\201303\dingcms\protected\Core\Lib\Core\Think.class.php 第 230 行.
NOTIC: [8] Use of undefined constant level - assumed 'level' D:\AppServ\www\workspace\201303\dingcms\protected\Core\Lib\Core\Think.class.php 第 230 行.
NOTIC: [8] Use of undefined constant level - assumed 'level' D:\AppServ\www\workspace\201303\dingcms\protected\Core\Lib\Core\Think.class.php 第 230 行.
NOTIC: [8] Use of undefined constant level - assumed 'level' D:\AppServ\www\workspace\201303\dingcms\protected\Core\Lib\Core\Think.class.php 第 230 行.
NOTIC: [8] Use of undefined constant level - assumed 'level' D:\AppServ\www\workspace\201303\dingcms\protected\Core\Lib\Core\Think.class.php 第 230 行.
NOTIC: [8] Use of undefined constant level - assumed 'level' D:\AppServ\www\workspace\201303\dingcms\protected\Core\Lib\Core\Think.class.php 第 230 行.
NOTIC: [8] Use of undefined constant level - assumed 'level' D:\AppServ\www\workspace\201303\dingcms\protected\Core\Lib\Core\Think.class.php 第 230 行.
NOTIC: [8] Use of undefined constant level - assumed 'level' D:\AppServ\www\workspace\201303\dingcms\protected\Core\Lib\Core\Think.class.php 第 230 行.
NOTIC: [8] Use of undefined constant level - assumed 'level' D:\AppServ\www\workspace\201303\dingcms\protected\Core\Lib\Core\Think.class.php 第 230 行.
NOTIC: [8] Use of undefined constant level - assumed 'level' D:\AppServ\www\workspace\201303\dingcms\protected\Core\Lib\Core\Think.class.php 第 230 行.
NOTIC: [8] Use of undefined constant level - assumed 'level' D:\AppServ\www\workspace\201303\dingcms\protected\Core\Lib\Core\Think.class.php 第 230 行.
NOTIC: [8] Use of undefined constant level - assumed 'level' D:\AppServ\www\workspace\201303\dingcms\protected\Core\Lib\Core\Think.class.php 第 230 行.
NOTIC: [8] Use of undefined constant level - assumed 'level' D:\AppServ\www\workspace\201303\dingcms\protected\Core\Lib\Core\Think.class.php 第 230 行.
NOTIC: [8] Undefined index:  id D:\AppServ\www\workspace\201303\dingcms\protected\Core\Extend\Driver\TagLib\TagLibDogocms.class.php 第 47 行.
NOTIC: [8] Undefined index:  where D:\AppServ\www\workspace\201303\dingcms\protected\Core\Extend\Driver\TagLib\TagLibDogocms.class.php 第 52 行.
NOTIC: [8] Undefined index:  typeid D:\AppServ\www\workspace\201303\dingcms\protected\Core\Extend\Driver\TagLib\TagLibDogocms.class.php 第 70 行.
NOTIC: [8] Undefined index:  type D:\AppServ\www\workspace\201303\dingcms\protected\Core\Extend\Driver\TagLib\TagLibDogocms.class.php 第 71 行.
NOTIC: [8] Undefined index:  tid D:\AppServ\www\workspace\201303\dingcms\protected\Core\Extend\Driver\TagLib\TagLibDogocms.class.php 第 72 行.
NOTIC: [8] Undefined index:  id D:\AppServ\www\workspace\201303\dingcms\protected\Core\Extend\Driver\TagLib\TagLibDogocms.class.php 第 73 行.
NOTIC: [8] Undefined index:  modeid D:\AppServ\www\workspace\201303\dingcms\protected\Core\Extend\Driver\TagLib\TagLibDogocms.class.php 第 74 行.
NOTIC: [8] Undefined index:  model_name D:\AppServ\www\workspace\201303\dingcms\protected\Core\Extend\Driver\TagLib\TagLibDogocms.class.php 第 75 行.
NOTIC: [8] Undefined index:  flag D:\AppServ\www\workspace\201303\dingcms\protected\Core\Extend\Driver\TagLib\TagLibDogocms.class.php 第 77 行.
NOTIC: [8] Undefined index:  keywords D:\AppServ\www\workspace\201303\dingcms\protected\Core\Extend\Driver\TagLib\TagLibDogocms.class.php 第 79 行.
NOTIC: [8] Undefined index:  where D:\AppServ\www\workspace\201303\dingcms\protected\Core\Extend\Driver\TagLib\TagLibDogocms.class.php 第 169 行.
NOTIC: [8] Undefined index:  typeid D:\AppServ\www\workspace\201303\dingcms\protected\Core\Extend\Driver\TagLib\TagLibDogocms.class.php 第 70 行.
NOTIC: [8] Undefined index:  type D:\AppServ\www\workspace\201303\dingcms\protected\Core\Extend\Driver\TagLib\TagLibDogocms.class.php 第 71 行.
NOTIC: [8] Undefined index:  tid D:\AppServ\www\workspace\201303\dingcms\protected\Core\Extend\Driver\TagLib\TagLibDogocms.class.php 第 72 行.
NOTIC: [8] Undefined index:  id D:\AppServ\www\workspace\201303\dingcms\protected\Core\Extend\Driver\TagLib\TagLibDogocms.class.php 第 73 行.
NOTIC: [8] Undefined index:  modeid D:\AppServ\www\workspace\201303\dingcms\protected\Core\Extend\Driver\TagLib\TagLibDogocms.class.php 第 74 行.
NOTIC: [8] Undefined index:  model_name D:\AppServ\www\workspace\201303\dingcms\protected\Core\Extend\Driver\TagLib\TagLibDogocms.class.php 第 75 行.
NOTIC: [8] Undefined index:  flag D:\AppServ\www\workspace\201303\dingcms\protected\Core\Extend\Driver\TagLib\TagLibDogocms.class.php 第 77 行.
NOTIC: [8] Undefined index:  keywords D:\AppServ\www\workspace\201303\dingcms\protected\Core\Extend\Driver\TagLib\TagLibDogocms.class.php 第 79 行.
NOTIC: [8] Undefined index:  where D:\AppServ\www\workspace\201303\dingcms\protected\Core\Extend\Driver\TagLib\TagLibDogocms.class.php 第 169 行.
NOTIC: [8] Undefined index:  typeid D:\AppServ\www\workspace\201303\dingcms\protected\Core\Extend\Driver\TagLib\TagLibDogocms.class.php 第 70 行.
NOTIC: [8] Undefined index:  type D:\AppServ\www\workspace\201303\dingcms\protected\Core\Extend\Driver\TagLib\TagLibDogocms.class.php 第 71 行.
NOTIC: [8] Undefined index:  tid D:\AppServ\www\workspace\201303\dingcms\protected\Core\Extend\Driver\TagLib\TagLibDogocms.class.php 第 72 行.
NOTIC: [8] Undefined index:  id D:\AppServ\www\workspace\201303\dingcms\protected\Core\Extend\Driver\TagLib\TagLibDogocms.class.php 第 73 行.
NOTIC: [8] Undefined index:  modeid D:\AppServ\www\workspace\201303\dingcms\protected\Core\Extend\Driver\TagLib\TagLibDogocms.class.php 第 74 行.
NOTIC: [8] Undefined index:  model_name D:\AppServ\www\workspace\201303\dingcms\protected\Core\Extend\Driver\TagLib\TagLibDogocms.class.php 第 75 行.
NOTIC: [8] Undefined index:  flag D:\AppServ\www\workspace\201303\dingcms\protected\Core\Extend\Driver\TagLib\TagLibDogocms.class.php 第 77 行.
NOTIC: [8] Undefined index:  keywords D:\AppServ\www\workspace\201303\dingcms\protected\Core\Extend\Driver\TagLib\TagLibDogocms.class.php 第 79 行.
NOTIC: [8] Undefined index:  where D:\AppServ\www\workspace\201303\dingcms\protected\Core\Extend\Driver\TagLib\TagLibDogocms.class.php 第 169 行.
NOTIC: [8] Undefined index:  typeid D:\AppServ\www\workspace\201303\dingcms\protected\Core\Extend\Driver\TagLib\TagLibDogocms.class.php 第 70 行.
NOTIC: [8] Undefined index:  type D:\AppServ\www\workspace\201303\dingcms\protected\Core\Extend\Driver\TagLib\TagLibDogocms.class.php 第 71 行.
NOTIC: [8] Undefined index:  tid D:\AppServ\www\workspace\201303\dingcms\protected\Core\Extend\Driver\TagLib\TagLibDogocms.class.php 第 72 行.
NOTIC: [8] Undefined index:  id D:\AppServ\www\workspace\201303\dingcms\protected\Core\Extend\Driver\TagLib\TagLibDogocms.class.php 第 73 行.
NOTIC: [8] Undefined index:  modeid D:\AppServ\www\workspace\201303\dingcms\protected\Core\Extend\Driver\TagLib\TagLibDogocms.class.php 第 74 行.
NOTIC: [8] Undefined index:  model_name D:\AppServ\www\workspace\201303\dingcms\protected\Core\Extend\Driver\TagLib\TagLibDogocms.class.php 第 75 行.
NOTIC: [8] Undefined index:  flag D:\AppServ\www\workspace\201303\dingcms\protected\Core\Extend\Driver\TagLib\TagLibDogocms.class.php 第 77 行.
NOTIC: [8] Undefined index:  keywords D:\AppServ\www\workspace\201303\dingcms\protected\Core\Extend\Driver\TagLib\TagLibDogocms.class.php 第 79 行.
NOTIC: [8] Undefined index:  where D:\AppServ\www\workspace\201303\dingcms\protected\Core\Extend\Driver\TagLib\TagLibDogocms.class.php 第 169 行.
NOTIC: [8] Undefined index:  typeid D:\AppServ\www\workspace\201303\dingcms\protected\Core\Extend\Driver\TagLib\TagLibDogocms.class.php 第 70 行.
NOTIC: [8] Undefined index:  type D:\AppServ\www\workspace\201303\dingcms\protected\Core\Extend\Driver\TagLib\TagLibDogocms.class.php 第 71 行.
NOTIC: [8] Undefined index:  tid D:\AppServ\www\workspace\201303\dingcms\protected\Core\Extend\Driver\TagLib\TagLibDogocms.class.php 第 72 行.
NOTIC: [8] Undefined index:  id D:\AppServ\www\workspace\201303\dingcms\protected\Core\Extend\Driver\TagLib\TagLibDogocms.class.php 第 73 行.
NOTIC: [8] Undefined index:  modeid D:\AppServ\www\workspace\201303\dingcms\protected\Core\Extend\Driver\TagLib\TagLibDogocms.class.php 第 74 行.
NOTIC: [8] Undefined index:  model_name D:\AppServ\www\workspace\201303\dingcms\protected\Core\Extend\Driver\TagLib\TagLibDogocms.class.php 第 75 行.
NOTIC: [8] Undefined index:  flag D:\AppServ\www\workspace\201303\dingcms\protected\Core\Extend\Driver\TagLib\TagLibDogocms.class.php 第 77 行.
NOTIC: [8] Undefined index:  keywords D:\AppServ\www\workspace\201303\dingcms\protected\Core\Extend\Driver\TagLib\TagLibDogocms.class.php 第 79 行.
NOTIC: [8] Undefined index:  where D:\AppServ\www\workspace\201303\dingcms\protected\Core\Extend\Driver\TagLib\TagLibDogocms.class.php 第 169 行.
NOTIC: [8] Undefined index:  type D:\AppServ\www\workspace\201303\dingcms\protected\Core\Extend\Driver\TagLib\TagLibDogocms.class.php 第 71 行.
NOTIC: [8] Undefined index:  tid D:\AppServ\www\workspace\201303\dingcms\protected\Core\Extend\Driver\TagLib\TagLibDogocms.class.php 第 72 行.
NOTIC: [8] Undefined index:  id D:\AppServ\www\workspace\201303\dingcms\protected\Core\Extend\Driver\TagLib\TagLibDogocms.class.php 第 73 行.
NOTIC: [8] Undefined index:  modeid D:\AppServ\www\workspace\201303\dingcms\protected\Core\Extend\Driver\TagLib\TagLibDogocms.class.php 第 74 行.
NOTIC: [8] Undefined index:  model_name D:\AppServ\www\workspace\201303\dingcms\protected\Core\Extend\Driver\TagLib\TagLibDogocms.class.php 第 75 行.
NOTIC: [8] Undefined index:  flag D:\AppServ\www\workspace\201303\dingcms\protected\Core\Extend\Driver\TagLib\TagLibDogocms.class.php 第 77 行.
NOTIC: [8] Undefined index:  keywords D:\AppServ\www\workspace\201303\dingcms\protected\Core\Extend\Driver\TagLib\TagLibDogocms.class.php 第 79 行.
NOTIC: [8] Undefined index:  typeid D:\AppServ\www\workspace\201303\dingcms\protected\Core\Extend\Driver\TagLib\TagLibDogocms.class.php 第 70 行.
NOTIC: [8] Undefined index:  type D:\AppServ\www\workspace\201303\dingcms\protected\Core\Extend\Driver\TagLib\TagLibDogocms.class.php 第 71 行.
NOTIC: [8] Undefined index:  tid D:\AppServ\www\workspace\201303\dingcms\protected\Core\Extend\Driver\TagLib\TagLibDogocms.class.php 第 72 行.
NOTIC: [8] Undefined index:  id D:\AppServ\www\workspace\201303\dingcms\protected\Core\Extend\Driver\TagLib\TagLibDogocms.class.php 第 73 行.
NOTIC: [8] Undefined index:  modeid D:\AppServ\www\workspace\201303\dingcms\protected\Core\Extend\Driver\TagLib\TagLibDogocms.class.php 第 74 行.
NOTIC: [8] Undefined index:  model_name D:\AppServ\www\workspace\201303\dingcms\protected\Core\Extend\Driver\TagLib\TagLibDogocms.class.php 第 75 行.
NOTIC: [8] Undefined index:  flag D:\AppServ\www\workspace\201303\dingcms\protected\Core\Extend\Driver\TagLib\TagLibDogocms.class.php 第 77 行.
NOTIC: [8] Undefined index:  keywords D:\AppServ\www\workspace\201303\dingcms\protected\Core\Extend\Driver\TagLib\TagLibDogocms.class.php 第 79 行.
NOTIC: [8] Undefined index:  where D:\AppServ\www\workspace\201303\dingcms\protected\Core\Extend\Driver\TagLib\TagLibDogocms.class.php 第 169 行.
NOTIC: [8] Undefined index:  type D:\AppServ\www\workspace\201303\dingcms\protected\Core\Extend\Driver\TagLib\TagLibDogocms.class.php 第 71 行.
NOTIC: [8] Undefined index:  tid D:\AppServ\www\workspace\201303\dingcms\protected\Core\Extend\Driver\TagLib\TagLibDogocms.class.php 第 72 行.
NOTIC: [8] Undefined index:  id D:\AppServ\www\workspace\201303\dingcms\protected\Core\Extend\Driver\TagLib\TagLibDogocms.class.php 第 73 行.
NOTIC: [8] Undefined index:  modeid D:\AppServ\www\workspace\201303\dingcms\protected\Core\Extend\Driver\TagLib\TagLibDogocms.class.php 第 74 行.
NOTIC: [8] Undefined index:  model_name D:\AppServ\www\workspace\201303\dingcms\protected\Core\Extend\Driver\TagLib\TagLibDogocms.class.php 第 75 行.
NOTIC: [8] Undefined index:  flag D:\AppServ\www\workspace\201303\dingcms\protected\Core\Extend\Driver\TagLib\TagLibDogocms.class.php 第 77 行.
NOTIC: [8] Undefined index:  keywords D:\AppServ\www\workspace\201303\dingcms\protected\Core\Extend\Driver\TagLib\TagLibDogocms.class.php 第 79 行.
NOTIC: [8] Undefined index:  type D:\AppServ\www\workspace\201303\dingcms\protected\Core\Extend\Driver\TagLib\TagLibDogocms.class.php 第 71 行.
NOTIC: [8] Undefined index:  tid D:\AppServ\www\workspace\201303\dingcms\protected\Core\Extend\Driver\TagLib\TagLibDogocms.class.php 第 72 行.
NOTIC: [8] Undefined index:  id D:\AppServ\www\workspace\201303\dingcms\protected\Core\Extend\Driver\TagLib\TagLibDogocms.class.php 第 73 行.
NOTIC: [8] Undefined index:  modeid D:\AppServ\www\workspace\201303\dingcms\protected\Core\Extend\Driver\TagLib\TagLibDogocms.class.php 第 74 行.
NOTIC: [8] Undefined index:  model_name D:\AppServ\www\workspace\201303\dingcms\protected\Core\Extend\Driver\TagLib\TagLibDogocms.class.php 第 75 行.
NOTIC: [8] Undefined index:  flag D:\AppServ\www\workspace\201303\dingcms\protected\Core\Extend\Driver\TagLib\TagLibDogocms.class.php 第 77 行.
NOTIC: [8] Undefined index:  keywords D:\AppServ\www\workspace\201303\dingcms\protected\Core\Extend\Driver\TagLib\TagLibDogocms.class.php 第 79 行.
NOTIC: [8] Undefined index:  type D:\AppServ\www\workspace\201303\dingcms\protected\Core\Extend\Driver\TagLib\TagLibDogocms.class.php 第 71 行.
NOTIC: [8] Undefined index:  tid D:\AppServ\www\workspace\201303\dingcms\protected\Core\Extend\Driver\TagLib\TagLibDogocms.class.php 第 72 行.
NOTIC: [8] Undefined index:  id D:\AppServ\www\workspace\201303\dingcms\protected\Core\Extend\Driver\TagLib\TagLibDogocms.class.php 第 73 行.
NOTIC: [8] Undefined index:  modeid D:\AppServ\www\workspace\201303\dingcms\protected\Core\Extend\Driver\TagLib\TagLibDogocms.class.php 第 74 行.
NOTIC: [8] Undefined index:  model_name D:\AppServ\www\workspace\201303\dingcms\protected\Core\Extend\Driver\TagLib\TagLibDogocms.class.php 第 75 行.
NOTIC: [8] Undefined index:  flag D:\AppServ\www\workspace\201303\dingcms\protected\Core\Extend\Driver\TagLib\TagLibDogocms.class.php 第 77 行.
NOTIC: [8] Undefined index:  keywords D:\AppServ\www\workspace\201303\dingcms\protected\Core\Extend\Driver\TagLib\TagLibDogocms.class.php 第 79 行.
NOTIC: [8] Undefined index:  type D:\AppServ\www\workspace\201303\dingcms\protected\Core\Extend\Driver\TagLib\TagLibDogocms.class.php 第 71 行.
NOTIC: [8] Undefined index:  tid D:\AppServ\www\workspace\201303\dingcms\protected\Core\Extend\Driver\TagLib\TagLibDogocms.class.php 第 72 行.
NOTIC: [8] Undefined index:  id D:\AppServ\www\workspace\201303\dingcms\protected\Core\Extend\Driver\TagLib\TagLibDogocms.class.php 第 73 行.
NOTIC: [8] Undefined index:  modeid D:\AppServ\www\workspace\201303\dingcms\protected\Core\Extend\Driver\TagLib\TagLibDogocms.class.php 第 74 行.
NOTIC: [8] Undefined index:  model_name D:\AppServ\www\workspace\201303\dingcms\protected\Core\Extend\Driver\TagLib\TagLibDogocms.class.php 第 75 行.
NOTIC: [8] Undefined index:  flag D:\AppServ\www\workspace\201303\dingcms\protected\Core\Extend\Driver\TagLib\TagLibDogocms.class.php 第 77 行.
NOTIC: [8] Undefined index:  keywords D:\AppServ\www\workspace\201303\dingcms\protected\Core\Extend\Driver\TagLib\TagLibDogocms.class.php 第 79 行.
NOTIC: [8] Undefined index:  type D:\AppServ\www\workspace\201303\dingcms\protected\Core\Extend\Driver\TagLib\TagLibDogocms.class.php 第 71 行.
NOTIC: [8] Undefined index:  tid D:\AppServ\www\workspace\201303\dingcms\protected\Core\Extend\Driver\TagLib\TagLibDogocms.class.php 第 72 行.
NOTIC: [8] Undefined index:  id D:\AppServ\www\workspace\201303\dingcms\protected\Core\Extend\Driver\TagLib\TagLibDogocms.class.php 第 73 行.
NOTIC: [8] Undefined index:  modeid D:\AppServ\www\workspace\201303\dingcms\protected\Core\Extend\Driver\TagLib\TagLibDogocms.class.php 第 74 行.
NOTIC: [8] Undefined index:  model_name D:\AppServ\www\workspace\201303\dingcms\protected\Core\Extend\Driver\TagLib\TagLibDogocms.class.php 第 75 行.
NOTIC: [8] Undefined index:  flag D:\AppServ\www\workspace\201303\dingcms\protected\Core\Extend\Driver\TagLib\TagLibDogocms.class.php 第 77 行.
NOTIC: [8] Undefined index:  keywords D:\AppServ\www\workspace\201303\dingcms\protected\Core\Extend\Driver\TagLib\TagLibDogocms.class.php 第 79 行.
NOTIC: [8] Undefined index:  type D:\AppServ\www\workspace\201303\dingcms\protected\Core\Extend\Driver\TagLib\TagLibDogocms.class.php 第 71 行.
NOTIC: [8] Undefined index:  tid D:\AppServ\www\workspace\201303\dingcms\protected\Core\Extend\Driver\TagLib\TagLibDogocms.class.php 第 72 行.
NOTIC: [8] Undefined index:  id D:\AppServ\www\workspace\201303\dingcms\protected\Core\Extend\Driver\TagLib\TagLibDogocms.class.php 第 73 行.
NOTIC: [8] Undefined index:  modeid D:\AppServ\www\workspace\201303\dingcms\protected\Core\Extend\Driver\TagLib\TagLibDogocms.class.php 第 74 行.
NOTIC: [8] Undefined index:  model_name D:\AppServ\www\workspace\201303\dingcms\protected\Core\Extend\Driver\TagLib\TagLibDogocms.class.php 第 75 行.
NOTIC: [8] Undefined index:  flag D:\AppServ\www\workspace\201303\dingcms\protected\Core\Extend\Driver\TagLib\TagLibDogocms.class.php 第 77 行.
NOTIC: [8] Undefined index:  keywords D:\AppServ\www\workspace\201303\dingcms\protected\Core\Extend\Driver\TagLib\TagLibDogocms.class.php 第 79 行.
NOTIC: [8] Undefined index:  type D:\AppServ\www\workspace\201303\dingcms\protected\Core\Extend\Driver\TagLib\TagLibDogocms.class.php 第 71 行.
NOTIC: [8] Undefined index:  tid D:\AppServ\www\workspace\201303\dingcms\protected\Core\Extend\Driver\TagLib\TagLibDogocms.class.php 第 72 行.
NOTIC: [8] Undefined index:  id D:\AppServ\www\workspace\201303\dingcms\protected\Core\Extend\Driver\TagLib\TagLibDogocms.class.php 第 73 行.
NOTIC: [8] Undefined index:  modeid D:\AppServ\www\workspace\201303\dingcms\protected\Core\Extend\Driver\TagLib\TagLibDogocms.class.php 第 74 行.
NOTIC: [8] Undefined index:  model_name D:\AppServ\www\workspace\201303\dingcms\protected\Core\Extend\Driver\TagLib\TagLibDogocms.class.php 第 75 行.
NOTIC: [8] Undefined index:  flag D:\AppServ\www\workspace\201303\dingcms\protected\Core\Extend\Driver\TagLib\TagLibDogocms.class.php 第 77 行.
NOTIC: [8] Undefined index:  keywords D:\AppServ\www\workspace\201303\dingcms\protected\Core\Extend\Driver\TagLib\TagLibDogocms.class.php 第 79 行.
NOTIC: [8] Undefined index:  type D:\AppServ\www\workspace\201303\dingcms\protected\Core\Extend\Driver\TagLib\TagLibDogocms.class.php 第 71 行.
NOTIC: [8] Undefined index:  tid D:\AppServ\www\workspace\201303\dingcms\protected\Core\Extend\Driver\TagLib\TagLibDogocms.class.php 第 72 行.
NOTIC: [8] Undefined index:  id D:\AppServ\www\workspace\201303\dingcms\protected\Core\Extend\Driver\TagLib\TagLibDogocms.class.php 第 73 行.
NOTIC: [8] Undefined index:  modeid D:\AppServ\www\workspace\201303\dingcms\protected\Core\Extend\Driver\TagLib\TagLibDogocms.class.php 第 74 行.
NOTIC: [8] Undefined index:  model_name D:\AppServ\www\workspace\201303\dingcms\protected\Core\Extend\Driver\TagLib\TagLibDogocms.class.php 第 75 行.
NOTIC: [8] Undefined index:  flag D:\AppServ\www\workspace\201303\dingcms\protected\Core\Extend\Driver\TagLib\TagLibDogocms.class.php 第 77 行.
NOTIC: [8] Undefined index:  keywords D:\AppServ\www\workspace\201303\dingcms\protected\Core\Extend\Driver\TagLib\TagLibDogocms.class.php 第 79 行.
NOTIC: [8] Undefined index:  type D:\AppServ\www\workspace\201303\dingcms\protected\Core\Extend\Driver\TagLib\TagLibDogocms.class.php 第 71 行.
NOTIC: [8] Undefined index:  tid D:\AppServ\www\workspace\201303\dingcms\protected\Core\Extend\Driver\TagLib\TagLibDogocms.class.php 第 72 行.
NOTIC: [8] Undefined index:  id D:\AppServ\www\workspace\201303\dingcms\protected\Core\Extend\Driver\TagLib\TagLibDogocms.class.php 第 73 行.
NOTIC: [8] Undefined index:  modeid D:\AppServ\www\workspace\201303\dingcms\protected\Core\Extend\Driver\TagLib\TagLibDogocms.class.php 第 74 行.
NOTIC: [8] Undefined index:  model_name D:\AppServ\www\workspace\201303\dingcms\protected\Core\Extend\Driver\TagLib\TagLibDogocms.class.php 第 75 行.
NOTIC: [8] Undefined index:  flag D:\AppServ\www\workspace\201303\dingcms\protected\Core\Extend\Driver\TagLib\TagLibDogocms.class.php 第 77 行.
NOTIC: [8] Undefined index:  keywords D:\AppServ\www\workspace\201303\dingcms\protected\Core\Extend\Driver\TagLib\TagLibDogocms.class.php 第 79 行.
NOTIC: [8] Undefined index:  type D:\AppServ\www\workspace\201303\dingcms\protected\Core\Extend\Driver\TagLib\TagLibDogocms.class.php 第 71 行.
NOTIC: [8] Undefined index:  tid D:\AppServ\www\workspace\201303\dingcms\protected\Core\Extend\Driver\TagLib\TagLibDogocms.class.php 第 72 行.
NOTIC: [8] Undefined index:  id D:\AppServ\www\workspace\201303\dingcms\protected\Core\Extend\Driver\TagLib\TagLibDogocms.class.php 第 73 行.
NOTIC: [8] Undefined index:  modeid D:\AppServ\www\workspace\201303\dingcms\protected\Core\Extend\Driver\TagLib\TagLibDogocms.class.php 第 74 行.
NOTIC: [8] Undefined index:  model_name D:\AppServ\www\workspace\201303\dingcms\protected\Core\Extend\Driver\TagLib\TagLibDogocms.class.php 第 75 行.
NOTIC: [8] Undefined index:  flag D:\AppServ\www\workspace\201303\dingcms\protected\Core\Extend\Driver\TagLib\TagLibDogocms.class.php 第 77 行.
NOTIC: [8] Undefined index:  keywords D:\AppServ\www\workspace\201303\dingcms\protected\Core\Extend\Driver\TagLib\TagLibDogocms.class.php 第 79 行.
SQL: SELECT * FROM `ding_setting` WHERE ( `sys_name` = 'cfg_sitename' ) LIMIT 1   [ RunTime:0.000748s ]
NOTIC: [8] Undefined index:  result D:\AppServ\www\workspace\201303\dingcms\protected\Core\Lib\Core\Model.class.php 第 619 行.
SQL: SELECT * FROM `ding_setting` WHERE ( `sys_name` = 'cfg_copyright' ) LIMIT 1   [ RunTime:0.000780s ]
NOTIC: [8] Undefined index:  result D:\AppServ\www\workspace\201303\dingcms\protected\Core\Lib\Core\Model.class.php 第 619 行.
NOTIC: [8] Undefined index:  typeid D:\AppServ\www\workspace\201303\dingcms\protected\Core\Extend\Driver\TagLib\TagLibDogocms.class.php 第 235 行.
SQL: SHOW COLUMNS FROM `ding_nav_head` [ RunTime:0.024645s ]
SQL: SELECT * FROM `ding_nav_head` ORDER BY id asc LIMIT 0,50   [ RunTime:0.000889s ]
SQL: SHOW COLUMNS FROM `ding_flash` [ RunTime:0.019955s ]
SQL: SELECT * FROM `ding_flash` WHERE (  (`status`='true')  ) ORDER BY id desc LIMIT 0,6   [ RunTime:0.000872s ]
SQL: SHOW COLUMNS FROM `ding_title` [ RunTime:0.005064s ]
SQL: SELECT t.*,ns.text as sortname FROM ding_title t LEFT JOIN  ding_news_sort ns on ns.id=t.sort_id  WHERE (  (t.status='true') and (t.is_recycle='false')  ) ORDER BY id desc LIMIT 0,2   [ RunTime:0.003283s ]
SQL: SELECT t.*,ns.text as sortname FROM ding_title t LEFT JOIN  ding_news_sort ns on ns.id=t.sort_id  WHERE (  (t.status='true') and (t.is_recycle='false')  ) ORDER BY id desc LIMIT 0,5   [ RunTime:0.001042s ]
SQL: SELECT t.*,ns.text as sortname FROM ding_title t LEFT JOIN  ding_news_sort ns on ns.id=t.sort_id  WHERE (  (t.status='true') and (t.is_recycle='false')  ) ORDER BY id desc LIMIT 0,1   [ RunTime:0.000800s ]
SQL: SELECT t.*,ns.text as sortname FROM ding_title t LEFT JOIN  ding_news_sort ns on ns.id=t.sort_id  WHERE (  (t.status='true') and (t.is_recycle='false')  ) ORDER BY id desc LIMIT 0,6   [ RunTime:0.001014s ]
SQL: SELECT t.*,ns.text as sortname FROM ding_title t LEFT JOIN  ding_news_sort ns on ns.id=t.sort_id  WHERE (  (t.status='true') and (t.is_recycle='false')  ) ORDER BY id desc LIMIT 0,7   [ RunTime:0.001054s ]
SQL: SELECT t.*,ns.text as sortname FROM ding_title t LEFT JOIN  ding_news_sort ns on ns.id=t.sort_id  WHERE (  (t.`sort_id` in(26)) and (t.status='true') and (t.is_recycle='false')  ) ORDER BY id desc LIMIT 0,5   [ RunTime:0.000980s ]
SQL: SELECT t.*,ns.text as sortname FROM ding_title t LEFT JOIN  ding_news_sort ns on ns.id=t.sort_id  WHERE (  (t.status='true') and (t.is_recycle='false')  ) ORDER BY id desc LIMIT 0,6   [ RunTime:0.001038s ]
SQL: SELECT t.*,ns.text as sortname FROM ding_title t LEFT JOIN  ding_news_sort ns on ns.id=t.sort_id  WHERE (  (t.`sort_id` in(28)) and (t.status='true') and (t.is_recycle='false')  ) ORDER BY id desc LIMIT 0,4   [ RunTime:0.000937s ]
SQL: SELECT t.*,ns.text as sortname FROM ding_title t LEFT JOIN  ding_news_sort ns on ns.id=t.sort_id  WHERE (  (t.`sort_id` in(27)) and (t.status='true') and (t.is_recycle='false')  ) ORDER BY t.id desc LIMIT 0,10   [ RunTime:0.001208s ]
SQL: SELECT t.*,ns.text as sortname FROM ding_title t LEFT JOIN  ding_news_sort ns on ns.id=t.sort_id  WHERE (  (t.`sort_id` in(12)) and (t.status='true') and (t.is_recycle='false')  ) ORDER BY id desc LIMIT 0,10   [ RunTime:0.000971s ]
SQL: SELECT t.*,ns.text as sortname FROM ding_title t LEFT JOIN  ding_news_sort ns on ns.id=t.sort_id  WHERE (  (t.`sort_id` in(2)) and (t.status='true') and (t.is_recycle='false')  ) ORDER BY id desc LIMIT 0,10   [ RunTime:0.000996s ]
SQL: SELECT t.*,ns.text as sortname FROM ding_title t LEFT JOIN  ding_news_sort ns on ns.id=t.sort_id  WHERE (  (t.`sort_id` in(15)) and (t.status='true') and (t.is_recycle='false')  ) ORDER BY id desc LIMIT 0,12   [ RunTime:0.001068s ]
SQL: SELECT t.*,ns.text as sortname FROM ding_title t LEFT JOIN  ding_news_sort ns on ns.id=t.sort_id  WHERE (  (t.`sort_id` in(24)) and (t.status='true') and (t.is_recycle='false')  ) ORDER BY id desc LIMIT 0,3   [ RunTime:0.000944s ]
SQL: SELECT t.*,ns.text as sortname FROM ding_title t LEFT JOIN  ding_news_sort ns on ns.id=t.sort_id  WHERE (  (t.`sort_id` in(18)) and (t.status='true') and (t.is_recycle='false')  ) ORDER BY id desc LIMIT 0,10   [ RunTime:0.000912s ]
SQL: SELECT t.*,ns.text as sortname FROM ding_title t LEFT JOIN  ding_news_sort ns on ns.id=t.sort_id  WHERE (  (t.`sort_id` in(17)) and (t.status='true') and (t.is_recycle='false')  ) ORDER BY id desc LIMIT 0,10   [ RunTime:0.000929s ]
SQL: SELECT t.*,ns.text as sortname FROM ding_title t LEFT JOIN  ding_news_sort ns on ns.id=t.sort_id  WHERE (  (t.`sort_id` in(16)) and (t.status='true') and (t.is_recycle='false')  ) ORDER BY id desc LIMIT 0,10   [ RunTime:0.000921s ]
SQL: SELECT t.*,ns.text as sortname FROM ding_title t LEFT JOIN  ding_news_sort ns on ns.id=t.sort_id  WHERE (  (t.`sort_id` in(23)) and (t.status='true') and (t.is_recycle='false')  ) ORDER BY id desc LIMIT 0,10   [ RunTime:0.001132s ]
SQL: SHOW COLUMNS FROM `ding_links` [ RunTime:0.012290s ]
SQL: SELECT * FROM `ding_links` WHERE (  (`status`='true')  ) ORDER BY id desc LIMIT 0,10   [ RunTime:0.000905s ]
NOTIC: [8] Undefined index:  parent_id D:\AppServ\www\workspace\201303\dingcms\protected\Core\Extend\Function\extend.php 第 383 行.
NOTIC: [8] Undefined index:  parent_id D:\AppServ\www\workspace\201303\dingcms\protected\Core\Extend\Function\extend.php 第 383 行.
INFO: Run ParseTemplate Behavior [ RunTime:0.391968s ]
INFO: [ view_parse ] --END-- [ RunTime:0.392071s ]
INFO: [ view_filter ] --START--
INFO: Run ContentReplace Behavior [ RunTime:0.014590s ]
INFO: Run TokenBuild Behavior [ RunTime:0.002831s ]
INFO: Run WriteHtmlCache Behavior [ RunTime:0.002596s ]
INFO: Run ShowRuntime Behavior [ RunTime:0.002922s ]
INFO: [ view_filter ] --END-- [ RunTime:0.023332s ]
INFO: [ view_end ] --START--
INFO: Run ShowPageTrace Behavior [ RunTime:0.003452s ]
INFO: [ view_end ] --END-- [ RunTime:0.003575s ]

[ 2013-03-23T23:16:22+08:00 ] 127.0.0.1 /index.php/Content/?id=20
INFO: [ route_check ] --START--
INFO: Run CheckRoute Behavior [ RunTime:0.010572s ]
INFO: [ route_check ] --END-- [ RunTime:0.010746s ]
INFO: [ app_begin ] --START--
INFO: Run ReadHtmlCache Behavior [ RunTime:0.001971s ]
INFO: [ app_begin ] --END-- [ RunTime:0.002402s ]
SQL: SHOW COLUMNS FROM `ding_title` [ RunTime:0.002867s ]
SQL: SELECT ms.emark FROM ding_title t LEFT JOIN ding_news_sort ns ON ns.id=t.sort_id LEFT JOIN ding_model_sort ms ON ms.id=ns.model_id WHERE ( t.id=20 and t.status='true' and t.is_recycle='false' ) LIMIT 1   [ RunTime:0.017687s ]
NOTIC: [8] Undefined index:  result D:\AppServ\www\workspace\201303\dingcms\protected\Core\Lib\Core\Model.class.php 第 619 行.
SQL: SELECT t.*,m.*,c.* FROM ding_title t LEFT JOIN ding_addarticle m ON m.title_id=t.id LEFT JOIN ding_content c ON c.title_id = t.id  WHERE ( t.id=20 and t.status='true' and t.is_recycle='false' ) LIMIT 1   [ RunTime:0.053833s ]
NOTIC: [8] Undefined index:  result D:\AppServ\www\workspace\201303\dingcms\protected\Core\Lib\Core\Model.class.php 第 619 行.
SQL: UPDATE `ding_title` SET `views`=views+1 WHERE ( id=20 ) [ RunTime:0.000809s ]
INFO: [ view_template ] --START--
INFO: Run LocationTemplate Behavior [ RunTime:0.002856s ]
INFO: [ view_template ] --END-- [ RunTime:0.002981s ]
INFO: [ view_parse ] --START--
NOTIC: [8] Use of undefined constant level - assumed 'level' D:\AppServ\www\workspace\201303\dingcms\protected\Core\Lib\Core\Think.class.php 第 230 行.
NOTIC: [8] Use of undefined constant level - assumed 'level' D:\AppServ\www\workspace\201303\dingcms\protected\Core\Lib\Core\Think.class.php 第 230 行.
NOTIC: [8] Use of undefined constant level - assumed 'level' D:\AppServ\www\workspace\201303\dingcms\protected\Core\Lib\Core\Think.class.php 第 230 行.
NOTIC: [8] Use of undefined constant level - assumed 'level' D:\AppServ\www\workspace\201303\dingcms\protected\Core\Lib\Core\Think.class.php 第 230 行.
NOTIC: [8] Use of undefined constant level - assumed 'level' D:\AppServ\www\workspace\201303\dingcms\protected\Core\Lib\Core\Think.class.php 第 230 行.
NOTIC: [8] Use of undefined constant level - assumed 'level' D:\AppServ\www\workspace\201303\dingcms\protected\Core\Lib\Core\Think.class.php 第 230 行.
NOTIC: [8] Use of undefined constant level - assumed 'level' D:\AppServ\www\workspace\201303\dingcms\protected\Core\Lib\Core\Think.class.php 第 230 行.
NOTIC: [8] Use of undefined constant level - assumed 'level' D:\AppServ\www\workspace\201303\dingcms\protected\Core\Lib\Core\Think.class.php 第 230 行.
NOTIC: [8] Use of undefined constant level - assumed 'level' D:\AppServ\www\workspace\201303\dingcms\protected\Core\Lib\Core\Think.class.php 第 230 行.
NOTIC: [8] Use of undefined constant level - assumed 'level' D:\AppServ\www\workspace\201303\dingcms\protected\Core\Lib\Core\Think.class.php 第 230 行.
NOTIC: [8] Use of undefined constant level - assumed 'level' D:\AppServ\www\workspace\201303\dingcms\protected\Core\Lib\Core\Think.class.php 第 230 行.
NOTIC: [8] Use of undefined constant level - assumed 'level' D:\AppServ\www\workspace\201303\dingcms\protected\Core\Lib\Core\Think.class.php 第 230 行.
NOTIC: [8] Use of undefined constant level - assumed 'level' D:\AppServ\www\workspace\201303\dingcms\protected\Core\Lib\Core\Think.class.php 第 230 行.
NOTIC: [8] Undefined index:  id D:\AppServ\www\workspace\201303\dingcms\protected\Core\Extend\Driver\TagLib\TagLibDogocms.class.php 第 47 行.
NOTIC: [8] Undefined index:  where D:\AppServ\www\workspace\201303\dingcms\protected\Core\Extend\Driver\TagLib\TagLibDogocms.class.php 第 52 行.
NOTIC: [8] Undefined index:  typeid D:\AppServ\www\workspace\201303\dingcms\protected\Core\Extend\Driver\TagLib\TagLibDogocms.class.php 第 70 行.
NOTIC: [8] Undefined index:  type D:\AppServ\www\workspace\201303\dingcms\protected\Core\Extend\Driver\TagLib\TagLibDogocms.class.php 第 71 行.
NOTIC: [8] Undefined index:  tid D:\AppServ\www\workspace\201303\dingcms\protected\Core\Extend\Driver\TagLib\TagLibDogocms.class.php 第 72 行.
NOTIC: [8] Undefined index:  id D:\AppServ\www\workspace\201303\dingcms\protected\Core\Extend\Driver\TagLib\TagLibDogocms.class.php 第 73 行.
NOTIC: [8] Undefined index:  modeid D:\AppServ\www\workspace\201303\dingcms\protected\Core\Extend\Driver\TagLib\TagLibDogocms.class.php 第 74 行.
NOTIC: [8] Undefined index:  model_name D:\AppServ\www\workspace\201303\dingcms\protected\Core\Extend\Driver\TagLib\TagLibDogocms.class.php 第 75 行.
NOTIC: [8] Undefined index:  flag D:\AppServ\www\workspace\201303\dingcms\protected\Core\Extend\Driver\TagLib\TagLibDogocms.class.php 第 77 行.
NOTIC: [8] Undefined index:  keywords D:\AppServ\www\workspace\201303\dingcms\protected\Core\Extend\Driver\TagLib\TagLibDogocms.class.php 第 79 行.
NOTIC: [8] Undefined index:  where D:\AppServ\www\workspace\201303\dingcms\protected\Core\Extend\Driver\TagLib\TagLibDogocms.class.php 第 169 行.
NOTIC: [8] Undefined index:  typeid D:\AppServ\www\workspace\201303\dingcms\protected\Core\Extend\Driver\TagLib\TagLibDogocms.class.php 第 70 行.
NOTIC: [8] Undefined index:  type D:\AppServ\www\workspace\201303\dingcms\protected\Core\Extend\Driver\TagLib\TagLibDogocms.class.php 第 71 行.
NOTIC: [8] Undefined index:  tid D:\AppServ\www\workspace\201303\dingcms\protected\Core\Extend\Driver\TagLib\TagLibDogocms.class.php 第 72 行.
NOTIC: [8] Undefined index:  id D:\AppServ\www\workspace\201303\dingcms\protected\Core\Extend\Driver\TagLib\TagLibDogocms.class.php 第 73 行.
NOTIC: [8] Undefined index:  modeid D:\AppServ\www\workspace\201303\dingcms\protected\Core\Extend\Driver\TagLib\TagLibDogocms.class.php 第 74 行.
NOTIC: [8] Undefined index:  model_name D:\AppServ\www\workspace\201303\dingcms\protected\Core\Extend\Driver\TagLib\TagLibDogocms.class.php 第 75 行.
NOTIC: [8] Undefined index:  flag D:\AppServ\www\workspace\201303\dingcms\protected\Core\Extend\Driver\TagLib\TagLibDogocms.class.php 第 77 行.
NOTIC: [8] Undefined index:  keywords D:\AppServ\www\workspace\201303\dingcms\protected\Core\Extend\Driver\TagLib\TagLibDogocms.class.php 第 79 行.
NOTIC: [8] Undefined index:  where D:\AppServ\www\workspace\201303\dingcms\protected\Core\Extend\Driver\TagLib\TagLibDogocms.class.php 第 169 行.
SQL: SHOW COLUMNS FROM `ding_setting` [ RunTime:0.003150s ]
SQL: SELECT * FROM `ding_setting` WHERE ( `sys_name` = 'cfg_sitename' ) LIMIT 1   [ RunTime:0.000772s ]
NOTIC: [8] Undefined index:  result D:\AppServ\www\workspace\201303\dingcms\protected\Core\Lib\Core\Model.class.php 第 619 行.
SQL: SELECT * FROM `ding_setting` WHERE ( `sys_name` = 'cfg_copyright' ) LIMIT 1   [ RunTime:0.000813s ]
NOTIC: [8] Undefined index:  result D:\AppServ\www\workspace\201303\dingcms\protected\Core\Lib\Core\Model.class.php 第 619 行.
SQL: SHOW COLUMNS FROM `ding_nav_head` [ RunTime:0.003336s ]
SQL: SELECT * FROM `ding_nav_head` ORDER BY id asc LIMIT 0,50   [ RunTime:0.001674s ]
SQL: SHOW COLUMNS FROM `ding_flash` [ RunTime:0.003895s ]
SQL: SELECT * FROM `ding_flash` WHERE (  (`status`='true')  ) ORDER BY id desc LIMIT 0,6   [ RunTime:0.000856s ]
SQL: SELECT t.*,ns.text as sortname FROM ding_title t LEFT JOIN  ding_news_sort ns on ns.id=t.sort_id  WHERE (  (t.status='true') and (t.is_recycle='false')  ) ORDER BY id desc LIMIT 0,2   [ RunTime:0.000872s ]
SQL: SELECT t.*,ns.text as sortname FROM ding_title t LEFT JOIN  ding_news_sort ns on ns.id=t.sort_id  WHERE (  (t.status='true') and (t.is_recycle='false')  ) ORDER BY id desc LIMIT 0,10   [ RunTime:0.001215s ]
INFO: Run ParseTemplate Behavior [ RunTime:0.108706s ]
INFO: [ view_parse ] --END-- [ RunTime:0.108803s ]
INFO: [ view_filter ] --START--
INFO: Run ContentReplace Behavior [ RunTime:0.001800s ]
INFO: Run TokenBuild Behavior [ RunTime:0.001997s ]
INFO: Run WriteHtmlCache Behavior [ RunTime:0.001390s ]
INFO: Run ShowRuntime Behavior [ RunTime:0.001675s ]
INFO: [ view_filter ] --END-- [ RunTime:0.007247s ]
INFO: [ view_end ] --START--
INFO: Run ShowPageTrace Behavior [ RunTime:0.001961s ]
INFO: [ view_end ] --END-- [ RunTime:0.002079s ]

[ 2013-03-23T23:16:22+08:00 ] 127.0.0.1 /index.php/Content/dedede
INFO: [ route_check ] --START--
INFO: Run CheckRoute Behavior [ RunTime:0.002234s ]
INFO: [ route_check ] --END-- [ RunTime:0.002436s ]
INFO: [ app_begin ] --START--
INFO: Run ReadHtmlCache Behavior [ RunTime:0.018841s ]
INFO: [ app_begin ] --END-- [ RunTime:0.018993s ]
NOTIC: [8] Undefined index:  class D:\AppServ\www\workspace\201303\dingcms\protected\Core\Lib\Core\Think.class.php 第 259 行.
NOTIC: [8] Undefined index:  type D:\AppServ\www\workspace\201303\dingcms\protected\Core\Lib\Core\Think.class.php 第 259 行.
NOTIC: [8] Undefined index:  args D:\AppServ\www\workspace\201303\dingcms\protected\Core\Lib\Core\Think.class.php 第 260 行.
NOTIC: [2] implode() [<a href='function.implode'>function.implode</a>]: Invalid arguments passed D:\AppServ\www\workspace\201303\dingcms\protected\Core\Lib\Core\Think.class.php 第 260 行.
NOTIC: [8] Undefined index:  class D:\AppServ\www\workspace\201303\dingcms\protected\Core\Lib\Core\Think.class.php 第 259 行.
NOTIC: [8] Undefined index:  type D:\AppServ\www\workspace\201303\dingcms\protected\Core\Lib\Core\Think.class.php 第 259 行.
NOTIC: [8] Undefined index:  args D:\AppServ\www\workspace\201303\dingcms\protected\Core\Lib\Core\Think.class.php 第 260 行.
NOTIC: [2] implode() [<a href='function.implode'>function.implode</a>]: Invalid arguments passed D:\AppServ\www\workspace\201303\dingcms\protected\Core\Lib\Core\Think.class.php 第 260 行.
NOTIC: [8] Undefined index:  file D:\AppServ\www\workspace\201303\dingcms\protected\Core\Lib\Core\Think.class.php 第 258 行.
NOTIC: [8] Undefined index:  line D:\AppServ\www\workspace\201303\dingcms\protected\Core\Lib\Core\Think.class.php 第 258 行.
NOTIC: [4096] Object of class ContentAction could not be converted to string D:\AppServ\www\workspace\201303\dingcms\protected\Core\Lib\Core\Think.class.php 第 260 行.
NOTIC: [8] Array to string conversion D:\AppServ\www\workspace\201303\dingcms\protected\Core\Lib\Core\Think.class.php 第 260 行.
NOTIC: [8] Undefined index:  class D:\AppServ\www\workspace\201303\dingcms\protected\Core\Lib\Core\Think.class.php 第 259 行.
NOTIC: [8] Undefined index:  type D:\AppServ\www\workspace\201303\dingcms\protected\Core\Lib\Core\Think.class.php 第 259 行.
NOTIC: [8] Undefined index:  class D:\AppServ\www\workspace\201303\dingcms\protected\Core\Lib\Core\Think.class.php 第 259 行.
NOTIC: [8] Undefined index:  type D:\AppServ\www\workspace\201303\dingcms\protected\Core\Lib\Core\Think.class.php 第 259 行.

[ 2013-03-23T23:16:22+08:00 ] 127.0.0.1 /index.php/Comment/vercode
INFO: [ route_check ] --START--
INFO: Run CheckRoute Behavior [ RunTime:0.003487s ]
INFO: [ route_check ] --END-- [ RunTime:0.003660s ]
INFO: [ app_begin ] --START--
INFO: Run ReadHtmlCache Behavior [ RunTime:0.001465s ]
INFO: [ app_begin ] --END-- [ RunTime:0.001653s ]

