[ 2013-03-29T23:16:15+08:00 ] 127.0.0.1 /
INFO: [ app_begin ] --START--
INFO: Run ReadHtmlCache Behavior [ RunTime:0.002566s ]
INFO: [ app_begin ] --END-- [ RunTime:0.002746s ]
SQL: SHOW COLUMNS FROM `ding_setting` [ RunTime:0.003418s ]
SQL: SELECT * FROM `ding_setting` WHERE ( `sys_name` = 'cfg_title' ) LIMIT 1   [ RunTime:0.000830s ]
NOTIC: [8] Undefined index:  result D:\AppServ\www\workspace\201303\dingcms\protected\Core\Lib\Core\Model.class.php 第 619 行.
SQL: SELECT * FROM `ding_setting` WHERE ( `sys_name` = 'cfg_keywords' ) LIMIT 1   [ RunTime:0.000837s ]
NOTIC: [8] Undefined index:  result D:\AppServ\www\workspace\201303\dingcms\protected\Core\Lib\Core\Model.class.php 第 619 行.
SQL: SELECT * FROM `ding_setting` WHERE ( `sys_name` = 'cfg_description' ) LIMIT 1   [ RunTime:0.000657s ]
NOTIC: [8] Undefined index:  result D:\AppServ\www\workspace\201303\dingcms\protected\Core\Lib\Core\Model.class.php 第 619 行.
INFO: [ view_template ] --START--
INFO: Run LocationTemplate Behavior [ RunTime:0.016130s ]
INFO: [ view_template ] --END-- [ RunTime:0.016308s ]
INFO: [ view_parse ] --START--
NOTIC: [8] Use of undefined constant level - assumed 'level' D:\AppServ\www\workspace\201303\dingcms\protected\Core\Lib\Core\Think.class.php 第 230 行.
NOTIC: [8] Use of undefined constant level - assumed 'level' D:\AppServ\www\workspace\201303\dingcms\protected\Core\Lib\Core\Think.class.php 第 230 行.
NOTIC: [8] Use of undefined constant level - assumed 'level' D:\AppServ\www\workspace\201303\dingcms\protected\Core\Lib\Core\Think.class.php 第 230 行.
NOTIC: [8] Use of undefined constant level - assumed 'level' D:\AppServ\www\workspace\201303\dingcms\protected\Core\Lib\Core\Think.class.php 第 230 行.
NOTIC: [8] Use of undefined constant level - assumed 'level' D:\AppServ\www\workspace\201303\dingcms\protected\Core\Lib\Core\Think.class.php 第 230 行.
NOTIC: [8] Use of undefined constant level - assumed 'level' D:\AppServ\www\workspace\201303\dingcms\protected\Core\Lib\Core\Think.class.php 第 230 行.
NOTIC: [8] Use of undefined constant level - assumed 'level' D:\AppServ\www\workspace\201303\dingcms\protected\Core\Lib\Core\Think.class.php 第 230 行.
NOTIC: [8] Use of undefined constant level - assumed 'level' D:\AppServ\www\workspace\201303\dingcms\protected\Core\Lib\Core\Think.class.php 第 230 行.
NOTIC: [8] Use of undefined constant level - assumed 'level' D:\AppServ\www\workspace\201303\dingcms\protected\Core\Lib\Core\Think.class.php 第 230 行.
NOTIC: [8] Use of undefined constant level - assumed 'level' D:\AppServ\www\workspace\201303\dingcms\protected\Core\Lib\Core\Think.class.php 第 230 行.
NOTIC: [8] Use of undefined constant level - assumed 'level' D:\AppServ\www\workspace\201303\dingcms\protected\Core\Lib\Core\Think.class.php 第 230 行.
NOTIC: [8] Use of undefined constant level - assumed 'level' D:\AppServ\www\workspace\201303\dingcms\protected\Core\Lib\Core\Think.class.php 第 230 行.
NOTIC: [8] Use of undefined constant level - assumed 'level' D:\AppServ\www\workspace\201303\dingcms\protected\Core\Lib\Core\Think.class.php 第 230 行.
NOTIC: [8] Undefined index:  id D:\AppServ\www\workspace\201303\dingcms\protected\Core\Extend\Driver\TagLib\TagLibDogocms.class.php 第 47 行.
NOTIC: [8] Undefined index:  where D:\AppServ\www\workspace\201303\dingcms\protected\Core\Extend\Driver\TagLib\TagLibDogocms.class.php 第 52 行.
NOTIC: [8] Undefined index:  typeid D:\AppServ\www\workspace\201303\dingcms\protected\Core\Extend\Driver\TagLib\TagLibDogocms.class.php 第 70 行.
NOTIC: [8] Undefined index:  type D:\AppServ\www\workspace\201303\dingcms\protected\Core\Extend\Driver\TagLib\TagLibDogocms.class.php 第 71 行.
NOTIC: [8] Undefined index:  tid D:\AppServ\www\workspace\201303\dingcms\protected\Core\Extend\Driver\TagLib\TagLibDogocms.class.php 第 72 行.
NOTIC: [8] Undefined index:  id D:\AppServ\www\workspace\201303\dingcms\protected\Core\Extend\Driver\TagLib\TagLibDogocms.class.php 第 73 行.
NOTIC: [8] Undefined index:  modeid D:\AppServ\www\workspace\201303\dingcms\protected\Core\Extend\Driver\TagLib\TagLibDogocms.class.php 第 74 行.
NOTIC: [8] Undefined index:  model_name D:\AppServ\www\workspace\201303\dingcms\protected\Core\Extend\Driver\TagLib\TagLibDogocms.class.php 第 75 行.
NOTIC: [8] Undefined index:  flag D:\AppServ\www\workspace\201303\dingcms\protected\Core\Extend\Driver\TagLib\TagLibDogocms.class.php 第 77 行.
NOTIC: [8] Undefined index:  keywords D:\AppServ\www\workspace\201303\dingcms\protected\Core\Extend\Driver\TagLib\TagLibDogocms.class.php 第 79 行.
NOTIC: [8] Undefined index:  where D:\AppServ\www\workspace\201303\dingcms\protected\Core\Extend\Driver\TagLib\TagLibDogocms.class.php 第 169 行.
NOTIC: [8] Undefined index:  typeid D:\AppServ\www\workspace\201303\dingcms\protected\Core\Extend\Driver\TagLib\TagLibDogocms.class.php 第 70 行.
NOTIC: [8] Undefined index:  type D:\AppServ\www\workspace\201303\dingcms\protected\Core\Extend\Driver\TagLib\TagLibDogocms.class.php 第 71 行.
NOTIC: [8] Undefined index:  tid D:\AppServ\www\workspace\201303\dingcms\protected\Core\Extend\Driver\TagLib\TagLibDogocms.class.php 第 72 行.
NOTIC: [8] Undefined index:  id D:\AppServ\www\workspace\201303\dingcms\protected\Core\Extend\Driver\TagLib\TagLibDogocms.class.php 第 73 行.
NOTIC: [8] Undefined index:  modeid D:\AppServ\www\workspace\201303\dingcms\protected\Core\Extend\Driver\TagLib\TagLibDogocms.class.php 第 74 行.
NOTIC: [8] Undefined index:  model_name D:\AppServ\www\workspace\201303\dingcms\protected\Core\Extend\Driver\TagLib\TagLibDogocms.class.php 第 75 行.
NOTIC: [8] Undefined index:  flag D:\AppServ\www\workspace\201303\dingcms\protected\Core\Extend\Driver\TagLib\TagLibDogocms.class.php 第 77 行.
NOTIC: [8] Undefined index:  keywords D:\AppServ\www\workspace\201303\dingcms\protected\Core\Extend\Driver\TagLib\TagLibDogocms.class.php 第 79 行.
NOTIC: [8] Undefined index:  where D:\AppServ\www\workspace\201303\dingcms\protected\Core\Extend\Driver\TagLib\TagLibDogocms.class.php 第 169 行.
NOTIC: [8] Undefined index:  typeid D:\AppServ\www\workspace\201303\dingcms\protected\Core\Extend\Driver\TagLib\TagLibDogocms.class.php 第 70 行.
NOTIC: [8] Undefined index:  type D:\AppServ\www\workspace\201303\dingcms\protected\Core\Extend\Driver\TagLib\TagLibDogocms.class.php 第 71 行.
NOTIC: [8] Undefined index:  tid D:\AppServ\www\workspace\201303\dingcms\protected\Core\Extend\Driver\TagLib\TagLibDogocms.class.php 第 72 行.
NOTIC: [8] Undefined index:  id D:\AppServ\www\workspace\201303\dingcms\protected\Core\Extend\Driver\TagLib\TagLibDogocms.class.php 第 73 行.
NOTIC: [8] Undefined index:  modeid D:\AppServ\www\workspace\201303\dingcms\protected\Core\Extend\Driver\TagLib\TagLibDogocms.class.php 第 74 行.
NOTIC: [8] Undefined index:  model_name D:\AppServ\www\workspace\201303\dingcms\protected\Core\Extend\Driver\TagLib\TagLibDogocms.class.php 第 75 行.
NOTIC: [8] Undefined index:  flag D:\AppServ\www\workspace\201303\dingcms\protected\Core\Extend\Driver\TagLib\TagLibDogocms.class.php 第 77 行.
NOTIC: [8] Undefined index:  keywords D:\AppServ\www\workspace\201303\dingcms\protected\Core\Extend\Driver\TagLib\TagLibDogocms.class.php 第 79 行.
NOTIC: [8] Undefined index:  where D:\AppServ\www\workspace\201303\dingcms\protected\Core\Extend\Driver\TagLib\TagLibDogocms.class.php 第 169 行.
NOTIC: [8] Undefined index:  typeid D:\AppServ\www\workspace\201303\dingcms\protected\Core\Extend\Driver\TagLib\TagLibDogocms.class.php 第 70 行.
NOTIC: [8] Undefined index:  type D:\AppServ\www\workspace\201303\dingcms\protected\Core\Extend\Driver\TagLib\TagLibDogocms.class.php 第 71 行.
NOTIC: [8] Undefined index:  tid D:\AppServ\www\workspace\201303\dingcms\protected\Core\Extend\Driver\TagLib\TagLibDogocms.class.php 第 72 行.
NOTIC: [8] Undefined index:  id D:\AppServ\www\workspace\201303\dingcms\protected\Core\Extend\Driver\TagLib\TagLibDogocms.class.php 第 73 行.
NOTIC: [8] Undefined index:  modeid D:\AppServ\www\workspace\201303\dingcms\protected\Core\Extend\Driver\TagLib\TagLibDogocms.class.php 第 74 行.
NOTIC: [8] Undefined index:  model_name D:\AppServ\www\workspace\201303\dingcms\protected\Core\Extend\Driver\TagLib\TagLibDogocms.class.php 第 75 行.
NOTIC: [8] Undefined index:  flag D:\AppServ\www\workspace\201303\dingcms\protected\Core\Extend\Driver\TagLib\TagLibDogocms.class.php 第 77 行.
NOTIC: [8] Undefined index:  keywords D:\AppServ\www\workspace\201303\dingcms\protected\Core\Extend\Driver\TagLib\TagLibDogocms.class.php 第 79 行.
NOTIC: [8] Undefined index:  where D:\AppServ\www\workspace\201303\dingcms\protected\Core\Extend\Driver\TagLib\TagLibDogocms.class.php 第 169 行.
NOTIC: [8] Undefined index:  typeid D:\AppServ\www\workspace\201303\dingcms\protected\Core\Extend\Driver\TagLib\TagLibDogocms.class.php 第 70 行.
NOTIC: [8] Undefined index:  type D:\AppServ\www\workspace\201303\dingcms\protected\Core\Extend\Driver\TagLib\TagLibDogocms.class.php 第 71 行.
NOTIC: [8] Undefined index:  tid D:\AppServ\www\workspace\201303\dingcms\protected\Core\Extend\Driver\TagLib\TagLibDogocms.class.php 第 72 行.
NOTIC: [8] Undefined index:  id D:\AppServ\www\workspace\201303\dingcms\protected\Core\Extend\Driver\TagLib\TagLibDogocms.class.php 第 73 行.
NOTIC: [8] Undefined index:  modeid D:\AppServ\www\workspace\201303\dingcms\protected\Core\Extend\Driver\TagLib\TagLibDogocms.class.php 第 74 行.
NOTIC: [8] Undefined index:  model_name D:\AppServ\www\workspace\201303\dingcms\protected\Core\Extend\Driver\TagLib\TagLibDogocms.class.php 第 75 行.
NOTIC: [8] Undefined index:  flag D:\AppServ\www\workspace\201303\dingcms\protected\Core\Extend\Driver\TagLib\TagLibDogocms.class.php 第 77 行.
NOTIC: [8] Undefined index:  keywords D:\AppServ\www\workspace\201303\dingcms\protected\Core\Extend\Driver\TagLib\TagLibDogocms.class.php 第 79 行.
NOTIC: [8] Undefined index:  where D:\AppServ\www\workspace\201303\dingcms\protected\Core\Extend\Driver\TagLib\TagLibDogocms.class.php 第 169 行.
NOTIC: [8] Undefined index:  type D:\AppServ\www\workspace\201303\dingcms\protected\Core\Extend\Driver\TagLib\TagLibDogocms.class.php 第 71 行.
NOTIC: [8] Undefined index:  tid D:\AppServ\www\workspace\201303\dingcms\protected\Core\Extend\Driver\TagLib\TagLibDogocms.class.php 第 72 行.
NOTIC: [8] Undefined index:  id D:\AppServ\www\workspace\201303\dingcms\protected\Core\Extend\Driver\TagLib\TagLibDogocms.class.php 第 73 行.
NOTIC: [8] Undefined index:  modeid D:\AppServ\www\workspace\201303\dingcms\protected\Core\Extend\Driver\TagLib\TagLibDogocms.class.php 第 74 行.
NOTIC: [8] Undefined index:  model_name D:\AppServ\www\workspace\201303\dingcms\protected\Core\Extend\Driver\TagLib\TagLibDogocms.class.php 第 75 行.
NOTIC: [8] Undefined index:  flag D:\AppServ\www\workspace\201303\dingcms\protected\Core\Extend\Driver\TagLib\TagLibDogocms.class.php 第 77 行.
NOTIC: [8] Undefined index:  keywords D:\AppServ\www\workspace\201303\dingcms\protected\Core\Extend\Driver\TagLib\TagLibDogocms.class.php 第 79 行.
NOTIC: [8] Undefined index:  typeid D:\AppServ\www\workspace\201303\dingcms\protected\Core\Extend\Driver\TagLib\TagLibDogocms.class.php 第 70 行.
NOTIC: [8] Undefined index:  type D:\AppServ\www\workspace\201303\dingcms\protected\Core\Extend\Driver\TagLib\TagLibDogocms.class.php 第 71 行.
NOTIC: [8] Undefined index:  tid D:\AppServ\www\workspace\201303\dingcms\protected\Core\Extend\Driver\TagLib\TagLibDogocms.class.php 第 72 行.
NOTIC: [8] Undefined index:  id D:\AppServ\www\workspace\201303\dingcms\protected\Core\Extend\Driver\TagLib\TagLibDogocms.class.php 第 73 行.
NOTIC: [8] Undefined index:  modeid D:\AppServ\www\workspace\201303\dingcms\protected\Core\Extend\Driver\TagLib\TagLibDogocms.class.php 第 74 行.
NOTIC: [8] Undefined index:  model_name D:\AppServ\www\workspace\201303\dingcms\protected\Core\Extend\Driver\TagLib\TagLibDogocms.class.php 第 75 行.
NOTIC: [8] Undefined index:  flag D:\AppServ\www\workspace\201303\dingcms\protected\Core\Extend\Driver\TagLib\TagLibDogocms.class.php 第 77 行.
NOTIC: [8] Undefined index:  keywords D:\AppServ\www\workspace\201303\dingcms\protected\Core\Extend\Driver\TagLib\TagLibDogocms.class.php 第 79 行.
NOTIC: [8] Undefined index:  where D:\AppServ\www\workspace\201303\dingcms\protected\Core\Extend\Driver\TagLib\TagLibDogocms.class.php 第 169 行.
NOTIC: [8] Undefined index:  type D:\AppServ\www\workspace\201303\dingcms\protected\Core\Extend\Driver\TagLib\TagLibDogocms.class.php 第 71 行.
NOTIC: [8] Undefined index:  tid D:\AppServ\www\workspace\201303\dingcms\protected\Core\Extend\Driver\TagLib\TagLibDogocms.class.php 第 72 行.
NOTIC: [8] Undefined index:  id D:\AppServ\www\workspace\201303\dingcms\protected\Core\Extend\Driver\TagLib\TagLibDogocms.class.php 第 73 行.
NOTIC: [8] Undefined index:  modeid D:\AppServ\www\workspace\201303\dingcms\protected\Core\Extend\Driver\TagLib\TagLibDogocms.class.php 第 74 行.
NOTIC: [8] Undefined index:  model_name D:\AppServ\www\workspace\201303\dingcms\protected\Core\Extend\Driver\TagLib\TagLibDogocms.class.php 第 75 行.
NOTIC: [8] Undefined index:  flag D:\AppServ\www\workspace\201303\dingcms\protected\Core\Extend\Driver\TagLib\TagLibDogocms.class.php 第 77 行.
NOTIC: [8] Undefined index:  keywords D:\AppServ\www\workspace\201303\dingcms\protected\Core\Extend\Driver\TagLib\TagLibDogocms.class.php 第 79 行.
NOTIC: [8] Undefined index:  type D:\AppServ\www\workspace\201303\dingcms\protected\Core\Extend\Driver\TagLib\TagLibDogocms.class.php 第 71 行.
NOTIC: [8] Undefined index:  tid D:\AppServ\www\workspace\201303\dingcms\protected\Core\Extend\Driver\TagLib\TagLibDogocms.class.php 第 72 行.
NOTIC: [8] Undefined index:  id D:\AppServ\www\workspace\201303\dingcms\protected\Core\Extend\Driver\TagLib\TagLibDogocms.class.php 第 73 行.
NOTIC: [8] Undefined index:  modeid D:\AppServ\www\workspace\201303\dingcms\protected\Core\Extend\Driver\TagLib\TagLibDogocms.class.php 第 74 行.
NOTIC: [8] Undefined index:  model_name D:\AppServ\www\workspace\201303\dingcms\protected\Core\Extend\Driver\TagLib\TagLibDogocms.class.php 第 75 行.
NOTIC: [8] Undefined index:  flag D:\AppServ\www\workspace\201303\dingcms\protected\Core\Extend\Driver\TagLib\TagLibDogocms.class.php 第 77 行.
NOTIC: [8] Undefined index:  keywords D:\AppServ\www\workspace\201303\dingcms\protected\Core\Extend\Driver\TagLib\TagLibDogocms.class.php 第 79 行.
NOTIC: [8] Undefined index:  type D:\AppServ\www\workspace\201303\dingcms\protected\Core\Extend\Driver\TagLib\TagLibDogocms.class.php 第 71 行.
NOTIC: [8] Undefined index:  tid D:\AppServ\www\workspace\201303\dingcms\protected\Core\Extend\Driver\TagLib\TagLibDogocms.class.php 第 72 行.
NOTIC: [8] Undefined index:  id D:\AppServ\www\workspace\201303\dingcms\protected\Core\Extend\Driver\TagLib\TagLibDogocms.class.php 第 73 行.
NOTIC: [8] Undefined index:  modeid D:\AppServ\www\workspace\201303\dingcms\protected\Core\Extend\Driver\TagLib\TagLibDogocms.class.php 第 74 行.
NOTIC: [8] Undefined index:  model_name D:\AppServ\www\workspace\201303\dingcms\protected\Core\Extend\Driver\TagLib\TagLibDogocms.class.php 第 75 行.
NOTIC: [8] Undefined index:  flag D:\AppServ\www\workspace\201303\dingcms\protected\Core\Extend\Driver\TagLib\TagLibDogocms.class.php 第 77 行.
NOTIC: [8] Undefined index:  keywords D:\AppServ\www\workspace\201303\dingcms\protected\Core\Extend\Driver\TagLib\TagLibDogocms.class.php 第 79 行.
NOTIC: [8] Undefined index:  type D:\AppServ\www\workspace\201303\dingcms\protected\Core\Extend\Driver\TagLib\TagLibDogocms.class.php 第 71 行.
NOTIC: [8] Undefined index:  tid D:\AppServ\www\workspace\201303\dingcms\protected\Core\Extend\Driver\TagLib\TagLibDogocms.class.php 第 72 行.
NOTIC: [8] Undefined index:  id D:\AppServ\www\workspace\201303\dingcms\protected\Core\Extend\Driver\TagLib\TagLibDogocms.class.php 第 73 行.
NOTIC: [8] Undefined index:  modeid D:\AppServ\www\workspace\201303\dingcms\protected\Core\Extend\Driver\TagLib\TagLibDogocms.class.php 第 74 行.
NOTIC: [8] Undefined index:  model_name D:\AppServ\www\workspace\201303\dingcms\protected\Core\Extend\Driver\TagLib\TagLibDogocms.class.php 第 75 行.
NOTIC: [8] Undefined index:  flag D:\AppServ\www\workspace\201303\dingcms\protected\Core\Extend\Driver\TagLib\TagLibDogocms.class.php 第 77 行.
NOTIC: [8] Undefined index:  keywords D:\AppServ\www\workspace\201303\dingcms\protected\Core\Extend\Driver\TagLib\TagLibDogocms.class.php 第 79 行.
NOTIC: [8] Undefined index:  type D:\AppServ\www\workspace\201303\dingcms\protected\Core\Extend\Driver\TagLib\TagLibDogocms.class.php 第 71 行.
NOTIC: [8] Undefined index:  tid D:\AppServ\www\workspace\201303\dingcms\protected\Core\Extend\Driver\TagLib\TagLibDogocms.class.php 第 72 行.
NOTIC: [8] Undefined index:  id D:\AppServ\www\workspace\201303\dingcms\protected\Core\Extend\Driver\TagLib\TagLibDogocms.class.php 第 73 行.
NOTIC: [8] Undefined index:  modeid D:\AppServ\www\workspace\201303\dingcms\protected\Core\Extend\Driver\TagLib\TagLibDogocms.class.php 第 74 行.
NOTIC: [8] Undefined index:  model_name D:\AppServ\www\workspace\201303\dingcms\protected\Core\Extend\Driver\TagLib\TagLibDogocms.class.php 第 75 行.
NOTIC: [8] Undefined index:  flag D:\AppServ\www\workspace\201303\dingcms\protected\Core\Extend\Driver\TagLib\TagLibDogocms.class.php 第 77 行.
NOTIC: [8] Undefined index:  keywords D:\AppServ\www\workspace\201303\dingcms\protected\Core\Extend\Driver\TagLib\TagLibDogocms.class.php 第 79 行.
NOTIC: [8] Undefined index:  type D:\AppServ\www\workspace\201303\dingcms\protected\Core\Extend\Driver\TagLib\TagLibDogocms.class.php 第 71 行.
NOTIC: [8] Undefined index:  tid D:\AppServ\www\workspace\201303\dingcms\protected\Core\Extend\Driver\TagLib\TagLibDogocms.class.php 第 72 行.
NOTIC: [8] Undefined index:  id D:\AppServ\www\workspace\201303\dingcms\protected\Core\Extend\Driver\TagLib\TagLibDogocms.class.php 第 73 行.
NOTIC: [8] Undefined index:  modeid D:\AppServ\www\workspace\201303\dingcms\protected\Core\Extend\Driver\TagLib\TagLibDogocms.class.php 第 74 行.
NOTIC: [8] Undefined index:  model_name D:\AppServ\www\workspace\201303\dingcms\protected\Core\Extend\Driver\TagLib\TagLibDogocms.class.php 第 75 行.
NOTIC: [8] Undefined index:  flag D:\AppServ\www\workspace\201303\dingcms\protected\Core\Extend\Driver\TagLib\TagLibDogocms.class.php 第 77 行.
NOTIC: [8] Undefined index:  keywords D:\AppServ\www\workspace\201303\dingcms\protected\Core\Extend\Driver\TagLib\TagLibDogocms.class.php 第 79 行.
NOTIC: [8] Undefined index:  type D:\AppServ\www\workspace\201303\dingcms\protected\Core\Extend\Driver\TagLib\TagLibDogocms.class.php 第 71 行.
NOTIC: [8] Undefined index:  tid D:\AppServ\www\workspace\201303\dingcms\protected\Core\Extend\Driver\TagLib\TagLibDogocms.class.php 第 72 行.
NOTIC: [8] Undefined index:  id D:\AppServ\www\workspace\201303\dingcms\protected\Core\Extend\Driver\TagLib\TagLibDogocms.class.php 第 73 行.
NOTIC: [8] Undefined index:  modeid D:\AppServ\www\workspace\201303\dingcms\protected\Core\Extend\Driver\TagLib\TagLibDogocms.class.php 第 74 行.
NOTIC: [8] Undefined index:  model_name D:\AppServ\www\workspace\201303\dingcms\protected\Core\Extend\Driver\TagLib\TagLibDogocms.class.php 第 75 行.
NOTIC: [8] Undefined index:  flag D:\AppServ\www\workspace\201303\dingcms\protected\Core\Extend\Driver\TagLib\TagLibDogocms.class.php 第 77 行.
NOTIC: [8] Undefined index:  keywords D:\AppServ\www\workspace\201303\dingcms\protected\Core\Extend\Driver\TagLib\TagLibDogocms.class.php 第 79 行.
NOTIC: [8] Undefined index:  type D:\AppServ\www\workspace\201303\dingcms\protected\Core\Extend\Driver\TagLib\TagLibDogocms.class.php 第 71 行.
NOTIC: [8] Undefined index:  tid D:\AppServ\www\workspace\201303\dingcms\protected\Core\Extend\Driver\TagLib\TagLibDogocms.class.php 第 72 行.
NOTIC: [8] Undefined index:  id D:\AppServ\www\workspace\201303\dingcms\protected\Core\Extend\Driver\TagLib\TagLibDogocms.class.php 第 73 行.
NOTIC: [8] Undefined index:  modeid D:\AppServ\www\workspace\201303\dingcms\protected\Core\Extend\Driver\TagLib\TagLibDogocms.class.php 第 74 行.
NOTIC: [8] Undefined index:  model_name D:\AppServ\www\workspace\201303\dingcms\protected\Core\Extend\Driver\TagLib\TagLibDogocms.class.php 第 75 行.
NOTIC: [8] Undefined index:  flag D:\AppServ\www\workspace\201303\dingcms\protected\Core\Extend\Driver\TagLib\TagLibDogocms.class.php 第 77 行.
NOTIC: [8] Undefined index:  keywords D:\AppServ\www\workspace\201303\dingcms\protected\Core\Extend\Driver\TagLib\TagLibDogocms.class.php 第 79 行.
NOTIC: [8] Undefined index:  type D:\AppServ\www\workspace\201303\dingcms\protected\Core\Extend\Driver\TagLib\TagLibDogocms.class.php 第 71 行.
NOTIC: [8] Undefined index:  tid D:\AppServ\www\workspace\201303\dingcms\protected\Core\Extend\Driver\TagLib\TagLibDogocms.class.php 第 72 行.
NOTIC: [8] Undefined index:  id D:\AppServ\www\workspace\201303\dingcms\protected\Core\Extend\Driver\TagLib\TagLibDogocms.class.php 第 73 行.
NOTIC: [8] Undefined index:  modeid D:\AppServ\www\workspace\201303\dingcms\protected\Core\Extend\Driver\TagLib\TagLibDogocms.class.php 第 74 行.
NOTIC: [8] Undefined index:  model_name D:\AppServ\www\workspace\201303\dingcms\protected\Core\Extend\Driver\TagLib\TagLibDogocms.class.php 第 75 行.
NOTIC: [8] Undefined index:  flag D:\AppServ\www\workspace\201303\dingcms\protected\Core\Extend\Driver\TagLib\TagLibDogocms.class.php 第 77 行.
NOTIC: [8] Undefined index:  keywords D:\AppServ\www\workspace\201303\dingcms\protected\Core\Extend\Driver\TagLib\TagLibDogocms.class.php 第 79 行.
NOTIC: [8] Undefined index:  type D:\AppServ\www\workspace\201303\dingcms\protected\Core\Extend\Driver\TagLib\TagLibDogocms.class.php 第 71 行.
NOTIC: [8] Undefined index:  tid D:\AppServ\www\workspace\201303\dingcms\protected\Core\Extend\Driver\TagLib\TagLibDogocms.class.php 第 72 行.
NOTIC: [8] Undefined index:  id D:\AppServ\www\workspace\201303\dingcms\protected\Core\Extend\Driver\TagLib\TagLibDogocms.class.php 第 73 行.
NOTIC: [8] Undefined index:  modeid D:\AppServ\www\workspace\201303\dingcms\protected\Core\Extend\Driver\TagLib\TagLibDogocms.class.php 第 74 行.
NOTIC: [8] Undefined index:  model_name D:\AppServ\www\workspace\201303\dingcms\protected\Core\Extend\Driver\TagLib\TagLibDogocms.class.php 第 75 行.
NOTIC: [8] Undefined index:  flag D:\AppServ\www\workspace\201303\dingcms\protected\Core\Extend\Driver\TagLib\TagLibDogocms.class.php 第 77 行.
NOTIC: [8] Undefined index:  keywords D:\AppServ\www\workspace\201303\dingcms\protected\Core\Extend\Driver\TagLib\TagLibDogocms.class.php 第 79 行.
SQL: SELECT * FROM `ding_setting` WHERE ( `sys_name` = 'cfg_sitename' ) LIMIT 1   [ RunTime:0.000730s ]
NOTIC: [8] Undefined index:  result D:\AppServ\www\workspace\201303\dingcms\protected\Core\Lib\Core\Model.class.php 第 619 行.
SQL: SELECT * FROM `ding_setting` WHERE ( `sys_name` = 'cfg_copyright' ) LIMIT 1   [ RunTime:0.000827s ]
NOTIC: [8] Undefined index:  result D:\AppServ\www\workspace\201303\dingcms\protected\Core\Lib\Core\Model.class.php 第 619 行.
NOTIC: [8] Undefined index:  typeid D:\AppServ\www\workspace\201303\dingcms\protected\Core\Extend\Driver\TagLib\TagLibDogocms.class.php 第 235 行.
SQL: SHOW COLUMNS FROM `ding_nav_head` [ RunTime:0.006090s ]
SQL: SELECT * FROM `ding_nav_head` ORDER BY id asc LIMIT 0,50   [ RunTime:0.001010s ]
SQL: SHOW COLUMNS FROM `ding_flash` [ RunTime:0.004083s ]
SQL: SELECT * FROM `ding_flash` WHERE (  (`status`='true')  ) ORDER BY id desc LIMIT 0,6   [ RunTime:0.000906s ]
SQL: SHOW COLUMNS FROM `ding_title` [ RunTime:0.004505s ]
SQL: SELECT t.*,ns.text as sortname FROM ding_title t LEFT JOIN  ding_news_sort ns on ns.id=t.sort_id  WHERE (  (t.status='true') and (t.is_recycle='false')  ) ORDER BY id desc LIMIT 0,2   [ RunTime:0.001548s ]
SQL: SELECT t.*,ns.text as sortname FROM ding_title t LEFT JOIN  ding_news_sort ns on ns.id=t.sort_id  WHERE (  (t.status='true') and (t.is_recycle='false')  ) ORDER BY id desc LIMIT 0,5   [ RunTime:0.000888s ]
SQL: SELECT t.*,ns.text as sortname FROM ding_title t LEFT JOIN  ding_news_sort ns on ns.id=t.sort_id  WHERE (  (t.status='true') and (t.is_recycle='false')  ) ORDER BY id desc LIMIT 0,1   [ RunTime:0.000813s ]
SQL: SELECT t.*,ns.text as sortname FROM ding_title t LEFT JOIN  ding_news_sort ns on ns.id=t.sort_id  WHERE (  (t.status='true') and (t.is_recycle='false')  ) ORDER BY id desc LIMIT 0,6   [ RunTime:0.000918s ]
SQL: SELECT t.*,ns.text as sortname FROM ding_title t LEFT JOIN  ding_news_sort ns on ns.id=t.sort_id  WHERE (  (t.status='true') and (t.is_recycle='false')  ) ORDER BY id desc LIMIT 0,7   [ RunTime:0.001177s ]
SQL: SELECT t.*,ns.text as sortname FROM ding_title t LEFT JOIN  ding_news_sort ns on ns.id=t.sort_id  WHERE (  (t.`sort_id` in(26)) and (t.status='true') and (t.is_recycle='false')  ) ORDER BY id desc LIMIT 0,5   [ RunTime:0.002173s ]
SQL: SELECT t.*,ns.text as sortname FROM ding_title t LEFT JOIN  ding_news_sort ns on ns.id=t.sort_id  WHERE (  (t.status='true') and (t.is_recycle='false')  ) ORDER BY id desc LIMIT 0,6   [ RunTime:0.001017s ]
SQL: SELECT t.*,ns.text as sortname FROM ding_title t LEFT JOIN  ding_news_sort ns on ns.id=t.sort_id  WHERE (  (t.`sort_id` in(28)) and (t.status='true') and (t.is_recycle='false')  ) ORDER BY id desc LIMIT 0,4   [ RunTime:0.000989s ]
SQL: SELECT t.*,ns.text as sortname FROM ding_title t LEFT JOIN  ding_news_sort ns on ns.id=t.sort_id  WHERE (  (t.`sort_id` in(27)) and (t.status='true') and (t.is_recycle='false')  ) ORDER BY t.id desc LIMIT 0,10   [ RunTime:0.001127s ]
SQL: SELECT t.*,ns.text as sortname FROM ding_title t LEFT JOIN  ding_news_sort ns on ns.id=t.sort_id  WHERE (  (t.`sort_id` in(12)) and (t.status='true') and (t.is_recycle='false')  ) ORDER BY id desc LIMIT 0,10   [ RunTime:0.000970s ]
SQL: SELECT t.*,ns.text as sortname FROM ding_title t LEFT JOIN  ding_news_sort ns on ns.id=t.sort_id  WHERE (  (t.`sort_id` in(2)) and (t.status='true') and (t.is_recycle='false')  ) ORDER BY id desc LIMIT 0,10   [ RunTime:0.001059s ]
SQL: SELECT t.*,ns.text as sortname FROM ding_title t LEFT JOIN  ding_news_sort ns on ns.id=t.sort_id  WHERE (  (t.`sort_id` in(15)) and (t.status='true') and (t.is_recycle='false')  ) ORDER BY id desc LIMIT 0,12   [ RunTime:0.000972s ]
SQL: SELECT t.*,ns.text as sortname FROM ding_title t LEFT JOIN  ding_news_sort ns on ns.id=t.sort_id  WHERE (  (t.`sort_id` in(24)) and (t.status='true') and (t.is_recycle='false')  ) ORDER BY id desc LIMIT 0,3   [ RunTime:0.001080s ]
SQL: SELECT t.*,ns.text as sortname FROM ding_title t LEFT JOIN  ding_news_sort ns on ns.id=t.sort_id  WHERE (  (t.`sort_id` in(18)) and (t.status='true') and (t.is_recycle='false')  ) ORDER BY id desc LIMIT 0,10   [ RunTime:0.000955s ]
SQL: SELECT t.*,ns.text as sortname FROM ding_title t LEFT JOIN  ding_news_sort ns on ns.id=t.sort_id  WHERE (  (t.`sort_id` in(17)) and (t.status='true') and (t.is_recycle='false')  ) ORDER BY id desc LIMIT 0,10   [ RunTime:0.000959s ]
SQL: SELECT t.*,ns.text as sortname FROM ding_title t LEFT JOIN  ding_news_sort ns on ns.id=t.sort_id  WHERE (  (t.`sort_id` in(16)) and (t.status='true') and (t.is_recycle='false')  ) ORDER BY id desc LIMIT 0,10   [ RunTime:0.000964s ]
SQL: SELECT t.*,ns.text as sortname FROM ding_title t LEFT JOIN  ding_news_sort ns on ns.id=t.sort_id  WHERE (  (t.`sort_id` in(23)) and (t.status='true') and (t.is_recycle='false')  ) ORDER BY id desc LIMIT 0,10   [ RunTime:0.000956s ]
SQL: SHOW COLUMNS FROM `ding_links` [ RunTime:0.004238s ]
SQL: SELECT * FROM `ding_links` WHERE (  (`status`='true')  ) ORDER BY id desc LIMIT 0,10   [ RunTime:0.001135s ]
NOTIC: [8] Undefined index:  parent_id D:\AppServ\www\workspace\201303\dingcms\protected\Core\Extend\Function\extend.php 第 384 行.
NOTIC: [8] Undefined index:  parent_id D:\AppServ\www\workspace\201303\dingcms\protected\Core\Extend\Function\extend.php 第 384 行.
INFO: Run ParseTemplate Behavior [ RunTime:0.273442s ]
INFO: [ view_parse ] --END-- [ RunTime:0.273541s ]
INFO: [ view_filter ] --START--
INFO: Run ContentReplace Behavior [ RunTime:0.002634s ]
INFO: Run TokenBuild Behavior [ RunTime:0.003360s ]
INFO: Run WriteHtmlCache Behavior [ RunTime:0.002010s ]
INFO: Run ShowRuntime Behavior [ RunTime:0.002173s ]
INFO: [ view_filter ] --END-- [ RunTime:0.010746s ]
INFO: [ view_end ] --START--
INFO: Run ShowPageTrace Behavior [ RunTime:0.002869s ]
INFO: [ view_end ] --END-- [ RunTime:0.002998s ]

