[ 2013-03-17T12:11:36+08:00 ] 127.0.0.1 /
INFO: [ app_begin ] --START--
INFO: Run ReadHtmlCache Behavior [ RunTime:0.009983s ]
INFO: [ app_begin ] --END-- [ RunTime:0.010486s ]
SQL: SHOW COLUMNS FROM `ding_setting` [ RunTime:0.154266s ]
SQL: SELECT * FROM `ding_setting` WHERE ( `sys_name` = 'cfg_title' ) LIMIT 1   [ RunTime:0.029863s ]
NOTIC: [8] Undefined index:  result D:\AppServ\www\workspace\201303\dingcms\protected\Core\Lib\Core\Model.class.php 第 619 行.
SQL: SELECT * FROM `ding_setting` WHERE ( `sys_name` = 'cfg_keywords' ) LIMIT 1   [ RunTime:0.000804s ]
NOTIC: [8] Undefined index:  result D:\AppServ\www\workspace\201303\dingcms\protected\Core\Lib\Core\Model.class.php 第 619 行.
SQL: SELECT * FROM `ding_setting` WHERE ( `sys_name` = 'cfg_description' ) LIMIT 1   [ RunTime:0.000723s ]
NOTIC: [8] Undefined index:  result D:\AppServ\www\workspace\201303\dingcms\protected\Core\Lib\Core\Model.class.php 第 619 行.
INFO: [ view_template ] --START--
INFO: Run LocationTemplate Behavior [ RunTime:0.022330s ]
INFO: [ view_template ] --END-- [ RunTime:0.022464s ]
INFO: [ view_parse ] --START--
NOTIC: [8] Use of undefined constant level - assumed 'level' D:\AppServ\www\workspace\201303\dingcms\protected\Core\Lib\Core\Think.class.php 第 230 行.
NOTIC: [8] Use of undefined constant level - assumed 'level' D:\AppServ\www\workspace\201303\dingcms\protected\Core\Lib\Core\Think.class.php 第 230 行.
NOTIC: [8] Use of undefined constant level - assumed 'level' D:\AppServ\www\workspace\201303\dingcms\protected\Core\Lib\Core\Think.class.php 第 230 行.
NOTIC: [8] Use of undefined constant level - assumed 'level' D:\AppServ\www\workspace\201303\dingcms\protected\Core\Lib\Core\Think.class.php 第 230 行.
NOTIC: [8] Use of undefined constant level - assumed 'level' D:\AppServ\www\workspace\201303\dingcms\protected\Core\Lib\Core\Think.class.php 第 230 行.
NOTIC: [8] Use of undefined constant level - assumed 'level' D:\AppServ\www\workspace\201303\dingcms\protected\Core\Lib\Core\Think.class.php 第 230 行.
NOTIC: [8] Use of undefined constant level - assumed 'level' D:\AppServ\www\workspace\201303\dingcms\protected\Core\Lib\Core\Think.class.php 第 230 行.
NOTIC: [8] Use of undefined constant level - assumed 'level' D:\AppServ\www\workspace\201303\dingcms\protected\Core\Lib\Core\Think.class.php 第 230 行.
NOTIC: [8] Use of undefined constant level - assumed 'level' D:\AppServ\www\workspace\201303\dingcms\protected\Core\Lib\Core\Think.class.php 第 230 行.
NOTIC: [8] Use of undefined constant level - assumed 'level' D:\AppServ\www\workspace\201303\dingcms\protected\Core\Lib\Core\Think.class.php 第 230 行.
NOTIC: [8] Use of undefined constant level - assumed 'level' D:\AppServ\www\workspace\201303\dingcms\protected\Core\Lib\Core\Think.class.php 第 230 行.
NOTIC: [8] Use of undefined constant level - assumed 'level' D:\AppServ\www\workspace\201303\dingcms\protected\Core\Lib\Core\Think.class.php 第 230 行.
NOTIC: [8] Use of undefined constant level - assumed 'level' D:\AppServ\www\workspace\201303\dingcms\protected\Core\Lib\Core\Think.class.php 第 230 行.
NOTIC: [8] Undefined index:  id D:\AppServ\www\workspace\201303\dingcms\protected\Core\Extend\Driver\TagLib\TagLibDogocms.class.php 第 47 行.
NOTIC: [8] Undefined index:  where D:\AppServ\www\workspace\201303\dingcms\protected\Core\Extend\Driver\TagLib\TagLibDogocms.class.php 第 52 行.
NOTIC: [8] Undefined index:  typeid D:\AppServ\www\workspace\201303\dingcms\protected\Core\Extend\Driver\TagLib\TagLibDogocms.class.php 第 70 行.
NOTIC: [8] Undefined index:  type D:\AppServ\www\workspace\201303\dingcms\protected\Core\Extend\Driver\TagLib\TagLibDogocms.class.php 第 71 行.
NOTIC: [8] Undefined index:  tid D:\AppServ\www\workspace\201303\dingcms\protected\Core\Extend\Driver\TagLib\TagLibDogocms.class.php 第 72 行.
NOTIC: [8] Undefined index:  id D:\AppServ\www\workspace\201303\dingcms\protected\Core\Extend\Driver\TagLib\TagLibDogocms.class.php 第 73 行.
NOTIC: [8] Undefined index:  modeid D:\AppServ\www\workspace\201303\dingcms\protected\Core\Extend\Driver\TagLib\TagLibDogocms.class.php 第 74 行.
NOTIC: [8] Undefined index:  model_name D:\AppServ\www\workspace\201303\dingcms\protected\Core\Extend\Driver\TagLib\TagLibDogocms.class.php 第 75 行.
NOTIC: [8] Undefined index:  flag D:\AppServ\www\workspace\201303\dingcms\protected\Core\Extend\Driver\TagLib\TagLibDogocms.class.php 第 77 行.
NOTIC: [8] Undefined index:  keywords D:\AppServ\www\workspace\201303\dingcms\protected\Core\Extend\Driver\TagLib\TagLibDogocms.class.php 第 79 行.
NOTIC: [8] Undefined index:  where D:\AppServ\www\workspace\201303\dingcms\protected\Core\Extend\Driver\TagLib\TagLibDogocms.class.php 第 169 行.
NOTIC: [8] Undefined index:  typeid D:\AppServ\www\workspace\201303\dingcms\protected\Core\Extend\Driver\TagLib\TagLibDogocms.class.php 第 70 行.
NOTIC: [8] Undefined index:  type D:\AppServ\www\workspace\201303\dingcms\protected\Core\Extend\Driver\TagLib\TagLibDogocms.class.php 第 71 行.
NOTIC: [8] Undefined index:  tid D:\AppServ\www\workspace\201303\dingcms\protected\Core\Extend\Driver\TagLib\TagLibDogocms.class.php 第 72 行.
NOTIC: [8] Undefined index:  id D:\AppServ\www\workspace\201303\dingcms\protected\Core\Extend\Driver\TagLib\TagLibDogocms.class.php 第 73 行.
NOTIC: [8] Undefined index:  modeid D:\AppServ\www\workspace\201303\dingcms\protected\Core\Extend\Driver\TagLib\TagLibDogocms.class.php 第 74 行.
NOTIC: [8] Undefined index:  model_name D:\AppServ\www\workspace\201303\dingcms\protected\Core\Extend\Driver\TagLib\TagLibDogocms.class.php 第 75 行.
NOTIC: [8] Undefined index:  flag D:\AppServ\www\workspace\201303\dingcms\protected\Core\Extend\Driver\TagLib\TagLibDogocms.class.php 第 77 行.
NOTIC: [8] Undefined index:  keywords D:\AppServ\www\workspace\201303\dingcms\protected\Core\Extend\Driver\TagLib\TagLibDogocms.class.php 第 79 行.
NOTIC: [8] Undefined index:  where D:\AppServ\www\workspace\201303\dingcms\protected\Core\Extend\Driver\TagLib\TagLibDogocms.class.php 第 169 行.
NOTIC: [8] Undefined index:  typeid D:\AppServ\www\workspace\201303\dingcms\protected\Core\Extend\Driver\TagLib\TagLibDogocms.class.php 第 70 行.
NOTIC: [8] Undefined index:  type D:\AppServ\www\workspace\201303\dingcms\protected\Core\Extend\Driver\TagLib\TagLibDogocms.class.php 第 71 行.
NOTIC: [8] Undefined index:  tid D:\AppServ\www\workspace\201303\dingcms\protected\Core\Extend\Driver\TagLib\TagLibDogocms.class.php 第 72 行.
NOTIC: [8] Undefined index:  id D:\AppServ\www\workspace\201303\dingcms\protected\Core\Extend\Driver\TagLib\TagLibDogocms.class.php 第 73 行.
NOTIC: [8] Undefined index:  modeid D:\AppServ\www\workspace\201303\dingcms\protected\Core\Extend\Driver\TagLib\TagLibDogocms.class.php 第 74 行.
NOTIC: [8] Undefined index:  model_name D:\AppServ\www\workspace\201303\dingcms\protected\Core\Extend\Driver\TagLib\TagLibDogocms.class.php 第 75 行.
NOTIC: [8] Undefined index:  flag D:\AppServ\www\workspace\201303\dingcms\protected\Core\Extend\Driver\TagLib\TagLibDogocms.class.php 第 77 行.
NOTIC: [8] Undefined index:  keywords D:\AppServ\www\workspace\201303\dingcms\protected\Core\Extend\Driver\TagLib\TagLibDogocms.class.php 第 79 行.
NOTIC: [8] Undefined index:  where D:\AppServ\www\workspace\201303\dingcms\protected\Core\Extend\Driver\TagLib\TagLibDogocms.class.php 第 169 行.
NOTIC: [8] Undefined index:  typeid D:\AppServ\www\workspace\201303\dingcms\protected\Core\Extend\Driver\TagLib\TagLibDogocms.class.php 第 70 行.
NOTIC: [8] Undefined index:  type D:\AppServ\www\workspace\201303\dingcms\protected\Core\Extend\Driver\TagLib\TagLibDogocms.class.php 第 71 行.
NOTIC: [8] Undefined index:  tid D:\AppServ\www\workspace\201303\dingcms\protected\Core\Extend\Driver\TagLib\TagLibDogocms.class.php 第 72 行.
NOTIC: [8] Undefined index:  id D:\AppServ\www\workspace\201303\dingcms\protected\Core\Extend\Driver\TagLib\TagLibDogocms.class.php 第 73 行.
NOTIC: [8] Undefined index:  modeid D:\AppServ\www\workspace\201303\dingcms\protected\Core\Extend\Driver\TagLib\TagLibDogocms.class.php 第 74 行.
NOTIC: [8] Undefined index:  model_name D:\AppServ\www\workspace\201303\dingcms\protected\Core\Extend\Driver\TagLib\TagLibDogocms.class.php 第 75 行.
NOTIC: [8] Undefined index:  flag D:\AppServ\www\workspace\201303\dingcms\protected\Core\Extend\Driver\TagLib\TagLibDogocms.class.php 第 77 行.
NOTIC: [8] Undefined index:  keywords D:\AppServ\www\workspace\201303\dingcms\protected\Core\Extend\Driver\TagLib\TagLibDogocms.class.php 第 79 行.
NOTIC: [8] Undefined index:  where D:\AppServ\www\workspace\201303\dingcms\protected\Core\Extend\Driver\TagLib\TagLibDogocms.class.php 第 169 行.
NOTIC: [8] Undefined index:  typeid D:\AppServ\www\workspace\201303\dingcms\protected\Core\Extend\Driver\TagLib\TagLibDogocms.class.php 第 70 行.
NOTIC: [8] Undefined index:  type D:\AppServ\www\workspace\201303\dingcms\protected\Core\Extend\Driver\TagLib\TagLibDogocms.class.php 第 71 行.
NOTIC: [8] Undefined index:  tid D:\AppServ\www\workspace\201303\dingcms\protected\Core\Extend\Driver\TagLib\TagLibDogocms.class.php 第 72 行.
NOTIC: [8] Undefined index:  id D:\AppServ\www\workspace\201303\dingcms\protected\Core\Extend\Driver\TagLib\TagLibDogocms.class.php 第 73 行.
NOTIC: [8] Undefined index:  modeid D:\AppServ\www\workspace\201303\dingcms\protected\Core\Extend\Driver\TagLib\TagLibDogocms.class.php 第 74 行.
NOTIC: [8] Undefined index:  model_name D:\AppServ\www\workspace\201303\dingcms\protected\Core\Extend\Driver\TagLib\TagLibDogocms.class.php 第 75 行.
NOTIC: [8] Undefined index:  flag D:\AppServ\www\workspace\201303\dingcms\protected\Core\Extend\Driver\TagLib\TagLibDogocms.class.php 第 77 行.
NOTIC: [8] Undefined index:  keywords D:\AppServ\www\workspace\201303\dingcms\protected\Core\Extend\Driver\TagLib\TagLibDogocms.class.php 第 79 行.
NOTIC: [8] Undefined index:  where D:\AppServ\www\workspace\201303\dingcms\protected\Core\Extend\Driver\TagLib\TagLibDogocms.class.php 第 169 行.
NOTIC: [8] Undefined index:  type D:\AppServ\www\workspace\201303\dingcms\protected\Core\Extend\Driver\TagLib\TagLibDogocms.class.php 第 71 行.
NOTIC: [8] Undefined index:  tid D:\AppServ\www\workspace\201303\dingcms\protected\Core\Extend\Driver\TagLib\TagLibDogocms.class.php 第 72 行.
NOTIC: [8] Undefined index:  id D:\AppServ\www\workspace\201303\dingcms\protected\Core\Extend\Driver\TagLib\TagLibDogocms.class.php 第 73 行.
NOTIC: [8] Undefined index:  modeid D:\AppServ\www\workspace\201303\dingcms\protected\Core\Extend\Driver\TagLib\TagLibDogocms.class.php 第 74 行.
NOTIC: [8] Undefined index:  model_name D:\AppServ\www\workspace\201303\dingcms\protected\Core\Extend\Driver\TagLib\TagLibDogocms.class.php 第 75 行.
NOTIC: [8] Undefined index:  flag D:\AppServ\www\workspace\201303\dingcms\protected\Core\Extend\Driver\TagLib\TagLibDogocms.class.php 第 77 行.
NOTIC: [8] Undefined index:  keywords D:\AppServ\www\workspace\201303\dingcms\protected\Core\Extend\Driver\TagLib\TagLibDogocms.class.php 第 79 行.
NOTIC: [8] Undefined index:  typeid D:\AppServ\www\workspace\201303\dingcms\protected\Core\Extend\Driver\TagLib\TagLibDogocms.class.php 第 70 行.
NOTIC: [8] Undefined index:  type D:\AppServ\www\workspace\201303\dingcms\protected\Core\Extend\Driver\TagLib\TagLibDogocms.class.php 第 71 行.
NOTIC: [8] Undefined index:  tid D:\AppServ\www\workspace\201303\dingcms\protected\Core\Extend\Driver\TagLib\TagLibDogocms.class.php 第 72 行.
NOTIC: [8] Undefined index:  id D:\AppServ\www\workspace\201303\dingcms\protected\Core\Extend\Driver\TagLib\TagLibDogocms.class.php 第 73 行.
NOTIC: [8] Undefined index:  modeid D:\AppServ\www\workspace\201303\dingcms\protected\Core\Extend\Driver\TagLib\TagLibDogocms.class.php 第 74 行.
NOTIC: [8] Undefined index:  model_name D:\AppServ\www\workspace\201303\dingcms\protected\Core\Extend\Driver\TagLib\TagLibDogocms.class.php 第 75 行.
NOTIC: [8] Undefined index:  flag D:\AppServ\www\workspace\201303\dingcms\protected\Core\Extend\Driver\TagLib\TagLibDogocms.class.php 第 77 行.
NOTIC: [8] Undefined index:  keywords D:\AppServ\www\workspace\201303\dingcms\protected\Core\Extend\Driver\TagLib\TagLibDogocms.class.php 第 79 行.
NOTIC: [8] Undefined index:  where D:\AppServ\www\workspace\201303\dingcms\protected\Core\Extend\Driver\TagLib\TagLibDogocms.class.php 第 169 行.
NOTIC: [8] Undefined index:  type D:\AppServ\www\workspace\201303\dingcms\protected\Core\Extend\Driver\TagLib\TagLibDogocms.class.php 第 71 行.
NOTIC: [8] Undefined index:  tid D:\AppServ\www\workspace\201303\dingcms\protected\Core\Extend\Driver\TagLib\TagLibDogocms.class.php 第 72 行.
NOTIC: [8] Undefined index:  id D:\AppServ\www\workspace\201303\dingcms\protected\Core\Extend\Driver\TagLib\TagLibDogocms.class.php 第 73 行.
NOTIC: [8] Undefined index:  modeid D:\AppServ\www\workspace\201303\dingcms\protected\Core\Extend\Driver\TagLib\TagLibDogocms.class.php 第 74 行.
NOTIC: [8] Undefined index:  model_name D:\AppServ\www\workspace\201303\dingcms\protected\Core\Extend\Driver\TagLib\TagLibDogocms.class.php 第 75 行.
NOTIC: [8] Undefined index:  flag D:\AppServ\www\workspace\201303\dingcms\protected\Core\Extend\Driver\TagLib\TagLibDogocms.class.php 第 77 行.
NOTIC: [8] Undefined index:  keywords D:\AppServ\www\workspace\201303\dingcms\protected\Core\Extend\Driver\TagLib\TagLibDogocms.class.php 第 79 行.
NOTIC: [8] Undefined index:  type D:\AppServ\www\workspace\201303\dingcms\protected\Core\Extend\Driver\TagLib\TagLibDogocms.class.php 第 71 行.
NOTIC: [8] Undefined index:  tid D:\AppServ\www\workspace\201303\dingcms\protected\Core\Extend\Driver\TagLib\TagLibDogocms.class.php 第 72 行.
NOTIC: [8] Undefined index:  id D:\AppServ\www\workspace\201303\dingcms\protected\Core\Extend\Driver\TagLib\TagLibDogocms.class.php 第 73 行.
NOTIC: [8] Undefined index:  modeid D:\AppServ\www\workspace\201303\dingcms\protected\Core\Extend\Driver\TagLib\TagLibDogocms.class.php 第 74 行.
NOTIC: [8] Undefined index:  model_name D:\AppServ\www\workspace\201303\dingcms\protected\Core\Extend\Driver\TagLib\TagLibDogocms.class.php 第 75 行.
NOTIC: [8] Undefined index:  flag D:\AppServ\www\workspace\201303\dingcms\protected\Core\Extend\Driver\TagLib\TagLibDogocms.class.php 第 77 行.
NOTIC: [8] Undefined index:  keywords D:\AppServ\www\workspace\201303\dingcms\protected\Core\Extend\Driver\TagLib\TagLibDogocms.class.php 第 79 行.
NOTIC: [8] Undefined index:  type D:\AppServ\www\workspace\201303\dingcms\protected\Core\Extend\Driver\TagLib\TagLibDogocms.class.php 第 71 行.
NOTIC: [8] Undefined index:  tid D:\AppServ\www\workspace\201303\dingcms\protected\Core\Extend\Driver\TagLib\TagLibDogocms.class.php 第 72 行.
NOTIC: [8] Undefined index:  id D:\AppServ\www\workspace\201303\dingcms\protected\Core\Extend\Driver\TagLib\TagLibDogocms.class.php 第 73 行.
NOTIC: [8] Undefined index:  modeid D:\AppServ\www\workspace\201303\dingcms\protected\Core\Extend\Driver\TagLib\TagLibDogocms.class.php 第 74 行.
NOTIC: [8] Undefined index:  model_name D:\AppServ\www\workspace\201303\dingcms\protected\Core\Extend\Driver\TagLib\TagLibDogocms.class.php 第 75 行.
NOTIC: [8] Undefined index:  flag D:\AppServ\www\workspace\201303\dingcms\protected\Core\Extend\Driver\TagLib\TagLibDogocms.class.php 第 77 行.
NOTIC: [8] Undefined index:  keywords D:\AppServ\www\workspace\201303\dingcms\protected\Core\Extend\Driver\TagLib\TagLibDogocms.class.php 第 79 行.
NOTIC: [8] Undefined index:  type D:\AppServ\www\workspace\201303\dingcms\protected\Core\Extend\Driver\TagLib\TagLibDogocms.class.php 第 71 行.
NOTIC: [8] Undefined index:  tid D:\AppServ\www\workspace\201303\dingcms\protected\Core\Extend\Driver\TagLib\TagLibDogocms.class.php 第 72 行.
NOTIC: [8] Undefined index:  id D:\AppServ\www\workspace\201303\dingcms\protected\Core\Extend\Driver\TagLib\TagLibDogocms.class.php 第 73 行.
NOTIC: [8] Undefined index:  modeid D:\AppServ\www\workspace\201303\dingcms\protected\Core\Extend\Driver\TagLib\TagLibDogocms.class.php 第 74 行.
NOTIC: [8] Undefined index:  model_name D:\AppServ\www\workspace\201303\dingcms\protected\Core\Extend\Driver\TagLib\TagLibDogocms.class.php 第 75 行.
NOTIC: [8] Undefined index:  flag D:\AppServ\www\workspace\201303\dingcms\protected\Core\Extend\Driver\TagLib\TagLibDogocms.class.php 第 77 行.
NOTIC: [8] Undefined index:  keywords D:\AppServ\www\workspace\201303\dingcms\protected\Core\Extend\Driver\TagLib\TagLibDogocms.class.php 第 79 行.
NOTIC: [8] Undefined index:  type D:\AppServ\www\workspace\201303\dingcms\protected\Core\Extend\Driver\TagLib\TagLibDogocms.class.php 第 71 行.
NOTIC: [8] Undefined index:  tid D:\AppServ\www\workspace\201303\dingcms\protected\Core\Extend\Driver\TagLib\TagLibDogocms.class.php 第 72 行.
NOTIC: [8] Undefined index:  id D:\AppServ\www\workspace\201303\dingcms\protected\Core\Extend\Driver\TagLib\TagLibDogocms.class.php 第 73 行.
NOTIC: [8] Undefined index:  modeid D:\AppServ\www\workspace\201303\dingcms\protected\Core\Extend\Driver\TagLib\TagLibDogocms.class.php 第 74 行.
NOTIC: [8] Undefined index:  model_name D:\AppServ\www\workspace\201303\dingcms\protected\Core\Extend\Driver\TagLib\TagLibDogocms.class.php 第 75 行.
NOTIC: [8] Undefined index:  flag D:\AppServ\www\workspace\201303\dingcms\protected\Core\Extend\Driver\TagLib\TagLibDogocms.class.php 第 77 行.
NOTIC: [8] Undefined index:  keywords D:\AppServ\www\workspace\201303\dingcms\protected\Core\Extend\Driver\TagLib\TagLibDogocms.class.php 第 79 行.
NOTIC: [8] Undefined index:  type D:\AppServ\www\workspace\201303\dingcms\protected\Core\Extend\Driver\TagLib\TagLibDogocms.class.php 第 71 行.
NOTIC: [8] Undefined index:  tid D:\AppServ\www\workspace\201303\dingcms\protected\Core\Extend\Driver\TagLib\TagLibDogocms.class.php 第 72 行.
NOTIC: [8] Undefined index:  id D:\AppServ\www\workspace\201303\dingcms\protected\Core\Extend\Driver\TagLib\TagLibDogocms.class.php 第 73 行.
NOTIC: [8] Undefined index:  modeid D:\AppServ\www\workspace\201303\dingcms\protected\Core\Extend\Driver\TagLib\TagLibDogocms.class.php 第 74 行.
NOTIC: [8] Undefined index:  model_name D:\AppServ\www\workspace\201303\dingcms\protected\Core\Extend\Driver\TagLib\TagLibDogocms.class.php 第 75 行.
NOTIC: [8] Undefined index:  flag D:\AppServ\www\workspace\201303\dingcms\protected\Core\Extend\Driver\TagLib\TagLibDogocms.class.php 第 77 行.
NOTIC: [8] Undefined index:  keywords D:\AppServ\www\workspace\201303\dingcms\protected\Core\Extend\Driver\TagLib\TagLibDogocms.class.php 第 79 行.
NOTIC: [8] Undefined index:  type D:\AppServ\www\workspace\201303\dingcms\protected\Core\Extend\Driver\TagLib\TagLibDogocms.class.php 第 71 行.
NOTIC: [8] Undefined index:  tid D:\AppServ\www\workspace\201303\dingcms\protected\Core\Extend\Driver\TagLib\TagLibDogocms.class.php 第 72 行.
NOTIC: [8] Undefined index:  id D:\AppServ\www\workspace\201303\dingcms\protected\Core\Extend\Driver\TagLib\TagLibDogocms.class.php 第 73 行.
NOTIC: [8] Undefined index:  modeid D:\AppServ\www\workspace\201303\dingcms\protected\Core\Extend\Driver\TagLib\TagLibDogocms.class.php 第 74 行.
NOTIC: [8] Undefined index:  model_name D:\AppServ\www\workspace\201303\dingcms\protected\Core\Extend\Driver\TagLib\TagLibDogocms.class.php 第 75 行.
NOTIC: [8] Undefined index:  flag D:\AppServ\www\workspace\201303\dingcms\protected\Core\Extend\Driver\TagLib\TagLibDogocms.class.php 第 77 行.
NOTIC: [8] Undefined index:  keywords D:\AppServ\www\workspace\201303\dingcms\protected\Core\Extend\Driver\TagLib\TagLibDogocms.class.php 第 79 行.
NOTIC: [8] Undefined index:  type D:\AppServ\www\workspace\201303\dingcms\protected\Core\Extend\Driver\TagLib\TagLibDogocms.class.php 第 71 行.
NOTIC: [8] Undefined index:  tid D:\AppServ\www\workspace\201303\dingcms\protected\Core\Extend\Driver\TagLib\TagLibDogocms.class.php 第 72 行.
NOTIC: [8] Undefined index:  id D:\AppServ\www\workspace\201303\dingcms\protected\Core\Extend\Driver\TagLib\TagLibDogocms.class.php 第 73 行.
NOTIC: [8] Undefined index:  modeid D:\AppServ\www\workspace\201303\dingcms\protected\Core\Extend\Driver\TagLib\TagLibDogocms.class.php 第 74 行.
NOTIC: [8] Undefined index:  model_name D:\AppServ\www\workspace\201303\dingcms\protected\Core\Extend\Driver\TagLib\TagLibDogocms.class.php 第 75 行.
NOTIC: [8] Undefined index:  flag D:\AppServ\www\workspace\201303\dingcms\protected\Core\Extend\Driver\TagLib\TagLibDogocms.class.php 第 77 行.
NOTIC: [8] Undefined index:  keywords D:\AppServ\www\workspace\201303\dingcms\protected\Core\Extend\Driver\TagLib\TagLibDogocms.class.php 第 79 行.
NOTIC: [8] Undefined index:  type D:\AppServ\www\workspace\201303\dingcms\protected\Core\Extend\Driver\TagLib\TagLibDogocms.class.php 第 71 行.
NOTIC: [8] Undefined index:  tid D:\AppServ\www\workspace\201303\dingcms\protected\Core\Extend\Driver\TagLib\TagLibDogocms.class.php 第 72 行.
NOTIC: [8] Undefined index:  id D:\AppServ\www\workspace\201303\dingcms\protected\Core\Extend\Driver\TagLib\TagLibDogocms.class.php 第 73 行.
NOTIC: [8] Undefined index:  modeid D:\AppServ\www\workspace\201303\dingcms\protected\Core\Extend\Driver\TagLib\TagLibDogocms.class.php 第 74 行.
NOTIC: [8] Undefined index:  model_name D:\AppServ\www\workspace\201303\dingcms\protected\Core\Extend\Driver\TagLib\TagLibDogocms.class.php 第 75 行.
NOTIC: [8] Undefined index:  flag D:\AppServ\www\workspace\201303\dingcms\protected\Core\Extend\Driver\TagLib\TagLibDogocms.class.php 第 77 行.
NOTIC: [8] Undefined index:  keywords D:\AppServ\www\workspace\201303\dingcms\protected\Core\Extend\Driver\TagLib\TagLibDogocms.class.php 第 79 行.
NOTIC: [8] Undefined index:  type D:\AppServ\www\workspace\201303\dingcms\protected\Core\Extend\Driver\TagLib\TagLibDogocms.class.php 第 71 行.
NOTIC: [8] Undefined index:  tid D:\AppServ\www\workspace\201303\dingcms\protected\Core\Extend\Driver\TagLib\TagLibDogocms.class.php 第 72 行.
NOTIC: [8] Undefined index:  id D:\AppServ\www\workspace\201303\dingcms\protected\Core\Extend\Driver\TagLib\TagLibDogocms.class.php 第 73 行.
NOTIC: [8] Undefined index:  modeid D:\AppServ\www\workspace\201303\dingcms\protected\Core\Extend\Driver\TagLib\TagLibDogocms.class.php 第 74 行.
NOTIC: [8] Undefined index:  model_name D:\AppServ\www\workspace\201303\dingcms\protected\Core\Extend\Driver\TagLib\TagLibDogocms.class.php 第 75 行.
NOTIC: [8] Undefined index:  flag D:\AppServ\www\workspace\201303\dingcms\protected\Core\Extend\Driver\TagLib\TagLibDogocms.class.php 第 77 行.
NOTIC: [8] Undefined index:  keywords D:\AppServ\www\workspace\201303\dingcms\protected\Core\Extend\Driver\TagLib\TagLibDogocms.class.php 第 79 行.
SQL: SELECT * FROM `ding_setting` WHERE ( `sys_name` = 'cfg_sitename' ) LIMIT 1   [ RunTime:0.001013s ]
NOTIC: [8] Undefined index:  result D:\AppServ\www\workspace\201303\dingcms\protected\Core\Lib\Core\Model.class.php 第 619 行.
SQL: SELECT * FROM `ding_setting` WHERE ( `sys_name` = 'cfg_copyright' ) LIMIT 1   [ RunTime:0.000756s ]
NOTIC: [8] Undefined index:  result D:\AppServ\www\workspace\201303\dingcms\protected\Core\Lib\Core\Model.class.php 第 619 行.
NOTIC: [8] Undefined index:  typeid D:\AppServ\www\workspace\201303\dingcms\protected\Core\Extend\Driver\TagLib\TagLibDogocms.class.php 第 235 行.
SQL: SHOW COLUMNS FROM `ding_nav_head` [ RunTime:0.024631s ]
SQL: SELECT * FROM `ding_nav_head` ORDER BY id asc LIMIT 0,50   [ RunTime:0.000782s ]
SQL: SHOW COLUMNS FROM `ding_flash` [ RunTime:0.014397s ]
SQL: SELECT * FROM `ding_flash` WHERE (  (`status`='true')  ) ORDER BY id desc LIMIT 0,6   [ RunTime:0.000799s ]
SQL: SHOW COLUMNS FROM `ding_title` [ RunTime:0.019359s ]
SQL: SELECT t.*,ns.text as sortname FROM ding_title t LEFT JOIN  ding_news_sort ns on ns.id=t.sort_id  WHERE (  (t.status='true') and (t.is_recycle='false')  ) ORDER BY id desc LIMIT 0,2   [ RunTime:0.049416s ]
SQL: SELECT t.*,ns.text as sortname FROM ding_title t LEFT JOIN  ding_news_sort ns on ns.id=t.sort_id  WHERE (  (t.status='true') and (t.is_recycle='false')  ) ORDER BY id desc LIMIT 0,5   [ RunTime:0.001132s ]
SQL: SELECT t.*,ns.text as sortname FROM ding_title t LEFT JOIN  ding_news_sort ns on ns.id=t.sort_id  WHERE (  (t.status='true') and (t.is_recycle='false')  ) ORDER BY id desc LIMIT 0,1   [ RunTime:0.000841s ]
SQL: SELECT t.*,ns.text as sortname FROM ding_title t LEFT JOIN  ding_news_sort ns on ns.id=t.sort_id  WHERE (  (t.status='true') and (t.is_recycle='false')  ) ORDER BY id desc LIMIT 0,6   [ RunTime:0.001138s ]
SQL: SELECT t.*,ns.text as sortname FROM ding_title t LEFT JOIN  ding_news_sort ns on ns.id=t.sort_id  WHERE (  (t.status='true') and (t.is_recycle='false')  ) ORDER BY id desc LIMIT 0,7   [ RunTime:0.001128s ]
SQL: SELECT t.*,ns.text as sortname FROM ding_title t LEFT JOIN  ding_news_sort ns on ns.id=t.sort_id  WHERE (  (t.`sort_id` in(26)) and (t.status='true') and (t.is_recycle='false')  ) ORDER BY id desc LIMIT 0,5   [ RunTime:0.010717s ]
SQL: SELECT t.*,ns.text as sortname FROM ding_title t LEFT JOIN  ding_news_sort ns on ns.id=t.sort_id  WHERE (  (t.status='true') and (t.is_recycle='false')  ) ORDER BY id desc LIMIT 0,6   [ RunTime:0.001280s ]
SQL: SELECT t.*,ns.text as sortname FROM ding_title t LEFT JOIN  ding_news_sort ns on ns.id=t.sort_id  WHERE (  (t.`sort_id` in(28)) and (t.status='true') and (t.is_recycle='false')  ) ORDER BY id desc LIMIT 0,4   [ RunTime:0.000968s ]
SQL: SELECT t.*,ns.text as sortname FROM ding_title t LEFT JOIN  ding_news_sort ns on ns.id=t.sort_id  WHERE (  (t.`sort_id` in(27)) and (t.status='true') and (t.is_recycle='false')  ) ORDER BY t.id desc LIMIT 0,10   [ RunTime:0.001244s ]
SQL: SELECT t.*,ns.text as sortname FROM ding_title t LEFT JOIN  ding_news_sort ns on ns.id=t.sort_id  WHERE (  (t.`sort_id` in(12)) and (t.status='true') and (t.is_recycle='false')  ) ORDER BY id desc LIMIT 0,10   [ RunTime:0.000949s ]
SQL: SELECT t.*,ns.text as sortname FROM ding_title t LEFT JOIN  ding_news_sort ns on ns.id=t.sort_id  WHERE (  (t.`sort_id` in(2)) and (t.status='true') and (t.is_recycle='false')  ) ORDER BY id desc LIMIT 0,10   [ RunTime:0.000967s ]
SQL: SELECT t.*,ns.text as sortname FROM ding_title t LEFT JOIN  ding_news_sort ns on ns.id=t.sort_id  WHERE (  (t.`sort_id` in(15)) and (t.status='true') and (t.is_recycle='false')  ) ORDER BY id desc LIMIT 0,12   [ RunTime:0.000938s ]
SQL: SELECT t.*,ns.text as sortname FROM ding_title t LEFT JOIN  ding_news_sort ns on ns.id=t.sort_id  WHERE (  (t.`sort_id` in(24)) and (t.status='true') and (t.is_recycle='false')  ) ORDER BY id desc LIMIT 0,3   [ RunTime:0.001195s ]
SQL: SELECT t.*,ns.text as sortname FROM ding_title t LEFT JOIN  ding_news_sort ns on ns.id=t.sort_id  WHERE (  (t.`sort_id` in(18)) and (t.status='true') and (t.is_recycle='false')  ) ORDER BY id desc LIMIT 0,10   [ RunTime:0.000948s ]
SQL: SELECT t.*,ns.text as sortname FROM ding_title t LEFT JOIN  ding_news_sort ns on ns.id=t.sort_id  WHERE (  (t.`sort_id` in(17)) and (t.status='true') and (t.is_recycle='false')  ) ORDER BY id desc LIMIT 0,10   [ RunTime:0.000996s ]
SQL: SELECT t.*,ns.text as sortname FROM ding_title t LEFT JOIN  ding_news_sort ns on ns.id=t.sort_id  WHERE (  (t.`sort_id` in(16)) and (t.status='true') and (t.is_recycle='false')  ) ORDER BY id desc LIMIT 0,10   [ RunTime:0.000929s ]
SQL: SELECT t.*,ns.text as sortname FROM ding_title t LEFT JOIN  ding_news_sort ns on ns.id=t.sort_id  WHERE (  (t.`sort_id` in(23)) and (t.status='true') and (t.is_recycle='false')  ) ORDER BY id desc LIMIT 0,10   [ RunTime:0.000939s ]
SQL: SHOW COLUMNS FROM `ding_links` [ RunTime:0.018868s ]
SQL: SELECT * FROM `ding_links` WHERE (  (`status`='true')  ) ORDER BY id desc LIMIT 0,10   [ RunTime:0.000841s ]
NOTIC: [8] Undefined index:  parent_id D:\AppServ\www\workspace\201303\dingcms\protected\Core\Extend\Function\extend.php 第 383 行.
NOTIC: [8] Undefined index:  parent_id D:\AppServ\www\workspace\201303\dingcms\protected\Core\Extend\Function\extend.php 第 383 行.
INFO: Run ParseTemplate Behavior [ RunTime:0.493239s ]
INFO: [ view_parse ] --END-- [ RunTime:0.493337s ]
INFO: [ view_filter ] --START--
INFO: Run ContentReplace Behavior [ RunTime:0.006641s ]
INFO: Run TokenBuild Behavior [ RunTime:0.002041s ]
INFO: Run WriteHtmlCache Behavior [ RunTime:0.001842s ]
INFO: Run ShowRuntime Behavior [ RunTime:0.002146s ]
INFO: [ view_filter ] --END-- [ RunTime:0.013067s ]
INFO: [ view_end ] --START--
INFO: Run ShowPageTrace Behavior [ RunTime:0.002500s ]
INFO: [ view_end ] --END-- [ RunTime:0.002623s ]

[ 2013-03-17T12:11:42+08:00 ] 127.0.0.1 /index.php/Content/?id=21
INFO: [ route_check ] --START--
INFO: Run CheckRoute Behavior [ RunTime:0.016131s ]
INFO: [ route_check ] --END-- [ RunTime:0.016313s ]
INFO: [ app_begin ] --START--
INFO: Run ReadHtmlCache Behavior [ RunTime:0.001898s ]
INFO: [ app_begin ] --END-- [ RunTime:0.002059s ]
SQL: SHOW COLUMNS FROM `ding_title` [ RunTime:0.022196s ]
SQL: SELECT ms.emark FROM ding_title t LEFT JOIN ding_news_sort ns ON ns.id=t.sort_id LEFT JOIN ding_model_sort ms ON ms.id=ns.model_id WHERE ( t.id=21 and t.status='true' and t.is_recycle='false' ) LIMIT 1   [ RunTime:0.033510s ]
NOTIC: [8] Undefined index:  result D:\AppServ\www\workspace\201303\dingcms\protected\Core\Lib\Core\Model.class.php 第 619 行.
SQL: SELECT t.*,m.*,c.* FROM ding_title t LEFT JOIN ding_addarticle m ON m.title_id=t.id LEFT JOIN ding_content c ON c.title_id = t.id  WHERE ( t.id=21 and t.status='true' and t.is_recycle='false' ) LIMIT 1   [ RunTime:0.051280s ]
NOTIC: [8] Undefined index:  result D:\AppServ\www\workspace\201303\dingcms\protected\Core\Lib\Core\Model.class.php 第 619 行.
SQL: UPDATE `ding_title` SET `views`=views+1 WHERE ( id=21 ) [ RunTime:0.000903s ]
INFO: [ view_template ] --START--
INFO: Run LocationTemplate Behavior [ RunTime:0.003468s ]
INFO: [ view_template ] --END-- [ RunTime:0.003606s ]
INFO: [ view_parse ] --START--
NOTIC: [8] Use of undefined constant level - assumed 'level' D:\AppServ\www\workspace\201303\dingcms\protected\Core\Lib\Core\Think.class.php 第 230 行.
NOTIC: [8] Use of undefined constant level - assumed 'level' D:\AppServ\www\workspace\201303\dingcms\protected\Core\Lib\Core\Think.class.php 第 230 行.
NOTIC: [8] Use of undefined constant level - assumed 'level' D:\AppServ\www\workspace\201303\dingcms\protected\Core\Lib\Core\Think.class.php 第 230 行.
NOTIC: [8] Use of undefined constant level - assumed 'level' D:\AppServ\www\workspace\201303\dingcms\protected\Core\Lib\Core\Think.class.php 第 230 行.
NOTIC: [8] Use of undefined constant level - assumed 'level' D:\AppServ\www\workspace\201303\dingcms\protected\Core\Lib\Core\Think.class.php 第 230 行.
NOTIC: [8] Use of undefined constant level - assumed 'level' D:\AppServ\www\workspace\201303\dingcms\protected\Core\Lib\Core\Think.class.php 第 230 行.
NOTIC: [8] Use of undefined constant level - assumed 'level' D:\AppServ\www\workspace\201303\dingcms\protected\Core\Lib\Core\Think.class.php 第 230 行.
NOTIC: [8] Use of undefined constant level - assumed 'level' D:\AppServ\www\workspace\201303\dingcms\protected\Core\Lib\Core\Think.class.php 第 230 行.
NOTIC: [8] Use of undefined constant level - assumed 'level' D:\AppServ\www\workspace\201303\dingcms\protected\Core\Lib\Core\Think.class.php 第 230 行.
NOTIC: [8] Use of undefined constant level - assumed 'level' D:\AppServ\www\workspace\201303\dingcms\protected\Core\Lib\Core\Think.class.php 第 230 行.
NOTIC: [8] Use of undefined constant level - assumed 'level' D:\AppServ\www\workspace\201303\dingcms\protected\Core\Lib\Core\Think.class.php 第 230 行.
NOTIC: [8] Use of undefined constant level - assumed 'level' D:\AppServ\www\workspace\201303\dingcms\protected\Core\Lib\Core\Think.class.php 第 230 行.
NOTIC: [8] Use of undefined constant level - assumed 'level' D:\AppServ\www\workspace\201303\dingcms\protected\Core\Lib\Core\Think.class.php 第 230 行.
NOTIC: [8] Undefined index:  id D:\AppServ\www\workspace\201303\dingcms\protected\Core\Extend\Driver\TagLib\TagLibDogocms.class.php 第 47 行.
NOTIC: [8] Undefined index:  where D:\AppServ\www\workspace\201303\dingcms\protected\Core\Extend\Driver\TagLib\TagLibDogocms.class.php 第 52 行.
NOTIC: [8] Undefined index:  typeid D:\AppServ\www\workspace\201303\dingcms\protected\Core\Extend\Driver\TagLib\TagLibDogocms.class.php 第 70 行.
NOTIC: [8] Undefined index:  type D:\AppServ\www\workspace\201303\dingcms\protected\Core\Extend\Driver\TagLib\TagLibDogocms.class.php 第 71 行.
NOTIC: [8] Undefined index:  tid D:\AppServ\www\workspace\201303\dingcms\protected\Core\Extend\Driver\TagLib\TagLibDogocms.class.php 第 72 行.
NOTIC: [8] Undefined index:  id D:\AppServ\www\workspace\201303\dingcms\protected\Core\Extend\Driver\TagLib\TagLibDogocms.class.php 第 73 行.
NOTIC: [8] Undefined index:  modeid D:\AppServ\www\workspace\201303\dingcms\protected\Core\Extend\Driver\TagLib\TagLibDogocms.class.php 第 74 行.
NOTIC: [8] Undefined index:  model_name D:\AppServ\www\workspace\201303\dingcms\protected\Core\Extend\Driver\TagLib\TagLibDogocms.class.php 第 75 行.
NOTIC: [8] Undefined index:  flag D:\AppServ\www\workspace\201303\dingcms\protected\Core\Extend\Driver\TagLib\TagLibDogocms.class.php 第 77 行.
NOTIC: [8] Undefined index:  keywords D:\AppServ\www\workspace\201303\dingcms\protected\Core\Extend\Driver\TagLib\TagLibDogocms.class.php 第 79 行.
NOTIC: [8] Undefined index:  where D:\AppServ\www\workspace\201303\dingcms\protected\Core\Extend\Driver\TagLib\TagLibDogocms.class.php 第 169 行.
NOTIC: [8] Undefined index:  typeid D:\AppServ\www\workspace\201303\dingcms\protected\Core\Extend\Driver\TagLib\TagLibDogocms.class.php 第 70 行.
NOTIC: [8] Undefined index:  type D:\AppServ\www\workspace\201303\dingcms\protected\Core\Extend\Driver\TagLib\TagLibDogocms.class.php 第 71 行.
NOTIC: [8] Undefined index:  tid D:\AppServ\www\workspace\201303\dingcms\protected\Core\Extend\Driver\TagLib\TagLibDogocms.class.php 第 72 行.
NOTIC: [8] Undefined index:  id D:\AppServ\www\workspace\201303\dingcms\protected\Core\Extend\Driver\TagLib\TagLibDogocms.class.php 第 73 行.
NOTIC: [8] Undefined index:  modeid D:\AppServ\www\workspace\201303\dingcms\protected\Core\Extend\Driver\TagLib\TagLibDogocms.class.php 第 74 行.
NOTIC: [8] Undefined index:  model_name D:\AppServ\www\workspace\201303\dingcms\protected\Core\Extend\Driver\TagLib\TagLibDogocms.class.php 第 75 行.
NOTIC: [8] Undefined index:  flag D:\AppServ\www\workspace\201303\dingcms\protected\Core\Extend\Driver\TagLib\TagLibDogocms.class.php 第 77 行.
NOTIC: [8] Undefined index:  keywords D:\AppServ\www\workspace\201303\dingcms\protected\Core\Extend\Driver\TagLib\TagLibDogocms.class.php 第 79 行.
NOTIC: [8] Undefined index:  where D:\AppServ\www\workspace\201303\dingcms\protected\Core\Extend\Driver\TagLib\TagLibDogocms.class.php 第 169 行.
SQL: SHOW COLUMNS FROM `ding_setting` [ RunTime:0.003098s ]
SQL: SELECT * FROM `ding_setting` WHERE ( `sys_name` = 'cfg_sitename' ) LIMIT 1   [ RunTime:0.000960s ]
NOTIC: [8] Undefined index:  result D:\AppServ\www\workspace\201303\dingcms\protected\Core\Lib\Core\Model.class.php 第 619 行.
SQL: SELECT * FROM `ding_setting` WHERE ( `sys_name` = 'cfg_copyright' ) LIMIT 1   [ RunTime:0.000803s ]
NOTIC: [8] Undefined index:  result D:\AppServ\www\workspace\201303\dingcms\protected\Core\Lib\Core\Model.class.php 第 619 行.
SQL: SHOW COLUMNS FROM `ding_nav_head` [ RunTime:0.003135s ]
SQL: SELECT * FROM `ding_nav_head` ORDER BY id asc LIMIT 0,50   [ RunTime:0.000863s ]
SQL: SHOW COLUMNS FROM `ding_flash` [ RunTime:0.003125s ]
SQL: SELECT * FROM `ding_flash` WHERE (  (`status`='true')  ) ORDER BY id desc LIMIT 0,6   [ RunTime:0.000854s ]
SQL: SELECT t.*,ns.text as sortname FROM ding_title t LEFT JOIN  ding_news_sort ns on ns.id=t.sort_id  WHERE (  (t.status='true') and (t.is_recycle='false')  ) ORDER BY id desc LIMIT 0,2   [ RunTime:0.000881s ]
SQL: SELECT t.*,ns.text as sortname FROM ding_title t LEFT JOIN  ding_news_sort ns on ns.id=t.sort_id  WHERE (  (t.status='true') and (t.is_recycle='false')  ) ORDER BY id desc LIMIT 0,10   [ RunTime:0.001257s ]
INFO: Run ParseTemplate Behavior [ RunTime:0.112696s ]
INFO: [ view_parse ] --END-- [ RunTime:0.112798s ]
INFO: [ view_filter ] --START--
INFO: Run ContentReplace Behavior [ RunTime:0.001891s ]
INFO: Run TokenBuild Behavior [ RunTime:0.001580s ]
INFO: Run WriteHtmlCache Behavior [ RunTime:0.001370s ]
INFO: Run ShowRuntime Behavior [ RunTime:0.001905s ]
INFO: [ view_filter ] --END-- [ RunTime:0.007130s ]
INFO: [ view_end ] --START--
INFO: Run ShowPageTrace Behavior [ RunTime:0.001899s ]
INFO: [ view_end ] --END-- [ RunTime:0.002015s ]

[ 2013-03-17T12:11:43+08:00 ] 127.0.0.1 /index.php/Comment/vercode
INFO: [ route_check ] --START--
INFO: Run CheckRoute Behavior [ RunTime:0.003330s ]
INFO: [ route_check ] --END-- [ RunTime:0.003513s ]
INFO: [ app_begin ] --START--
INFO: Run ReadHtmlCache Behavior [ RunTime:0.001070s ]
INFO: [ app_begin ] --END-- [ RunTime:0.001195s ]

[ 2013-03-17T12:11:43+08:00 ] ERR: (ThinkException) 非法操作:dedede
