[ 2013-03-12T22:52:52+08:00 ] 127.0.0.1 /
INFO: [ app_begin ] --START--
INFO: Run ReadHtmlCache Behavior [ RunTime:0.002574s ]
INFO: [ app_begin ] --END-- [ RunTime:0.002748s ]
SQL: SHOW COLUMNS FROM `ding_setting` [ RunTime:0.010788s ]
SQL: SELECT * FROM `ding_setting` WHERE ( `sys_name` = 'cfg_title' ) LIMIT 1   [ RunTime:0.001313s ]
NOTIC: [8] Undefined index:  result D:\AppServ\www\workspace\201303\dingcms\protected\Core\Lib\Core\Model.class.php 第 619 行.
SQL: SELECT * FROM `ding_setting` WHERE ( `sys_name` = 'cfg_keywords' ) LIMIT 1   [ RunTime:0.000672s ]
NOTIC: [8] Undefined index:  result D:\AppServ\www\workspace\201303\dingcms\protected\Core\Lib\Core\Model.class.php 第 619 行.
SQL: SELECT * FROM `ding_setting` WHERE ( `sys_name` = 'cfg_description' ) LIMIT 1   [ RunTime:0.000763s ]
NOTIC: [8] Undefined index:  result D:\AppServ\www\workspace\201303\dingcms\protected\Core\Lib\Core\Model.class.php 第 619 行.
INFO: [ view_template ] --START--
INFO: Run LocationTemplate Behavior [ RunTime:0.004876s ]
INFO: [ view_template ] --END-- [ RunTime:0.005031s ]
INFO: [ view_parse ] --START--
NOTIC: [8] Use of undefined constant level - assumed 'level' D:\AppServ\www\workspace\201303\dingcms\protected\Core\Lib\Core\Think.class.php 第 230 行.
NOTIC: [8] Use of undefined constant level - assumed 'level' D:\AppServ\www\workspace\201303\dingcms\protected\Core\Lib\Core\Think.class.php 第 230 行.
NOTIC: [8] Use of undefined constant level - assumed 'level' D:\AppServ\www\workspace\201303\dingcms\protected\Core\Lib\Core\Think.class.php 第 230 行.
NOTIC: [8] Use of undefined constant level - assumed 'level' D:\AppServ\www\workspace\201303\dingcms\protected\Core\Lib\Core\Think.class.php 第 230 行.
NOTIC: [8] Use of undefined constant level - assumed 'level' D:\AppServ\www\workspace\201303\dingcms\protected\Core\Lib\Core\Think.class.php 第 230 行.
NOTIC: [8] Use of undefined constant level - assumed 'level' D:\AppServ\www\workspace\201303\dingcms\protected\Core\Lib\Core\Think.class.php 第 230 行.
NOTIC: [8] Use of undefined constant level - assumed 'level' D:\AppServ\www\workspace\201303\dingcms\protected\Core\Lib\Core\Think.class.php 第 230 行.
NOTIC: [8] Use of undefined constant level - assumed 'level' D:\AppServ\www\workspace\201303\dingcms\protected\Core\Lib\Core\Think.class.php 第 230 行.
NOTIC: [8] Use of undefined constant level - assumed 'level' D:\AppServ\www\workspace\201303\dingcms\protected\Core\Lib\Core\Think.class.php 第 230 行.
NOTIC: [8] Use of undefined constant level - assumed 'level' D:\AppServ\www\workspace\201303\dingcms\protected\Core\Lib\Core\Think.class.php 第 230 行.
NOTIC: [8] Use of undefined constant level - assumed 'level' D:\AppServ\www\workspace\201303\dingcms\protected\Core\Lib\Core\Think.class.php 第 230 行.
NOTIC: [8] Use of undefined constant level - assumed 'level' D:\AppServ\www\workspace\201303\dingcms\protected\Core\Lib\Core\Think.class.php 第 230 行.
NOTIC: [8] Use of undefined constant level - assumed 'level' D:\AppServ\www\workspace\201303\dingcms\protected\Core\Lib\Core\Think.class.php 第 230 行.
NOTIC: [8] Undefined index:  id D:\AppServ\www\workspace\201303\dingcms\protected\Core\Extend\Driver\TagLib\TagLibDogocms.class.php 第 47 行.
NOTIC: [8] Undefined index:  where D:\AppServ\www\workspace\201303\dingcms\protected\Core\Extend\Driver\TagLib\TagLibDogocms.class.php 第 52 行.
NOTIC: [8] Undefined index:  typeid D:\AppServ\www\workspace\201303\dingcms\protected\Core\Extend\Driver\TagLib\TagLibDogocms.class.php 第 70 行.
NOTIC: [8] Undefined index:  type D:\AppServ\www\workspace\201303\dingcms\protected\Core\Extend\Driver\TagLib\TagLibDogocms.class.php 第 71 行.
NOTIC: [8] Undefined index:  tid D:\AppServ\www\workspace\201303\dingcms\protected\Core\Extend\Driver\TagLib\TagLibDogocms.class.php 第 72 行.
NOTIC: [8] Undefined index:  id D:\AppServ\www\workspace\201303\dingcms\protected\Core\Extend\Driver\TagLib\TagLibDogocms.class.php 第 73 行.
NOTIC: [8] Undefined index:  modeid D:\AppServ\www\workspace\201303\dingcms\protected\Core\Extend\Driver\TagLib\TagLibDogocms.class.php 第 74 行.
NOTIC: [8] Undefined index:  model_name D:\AppServ\www\workspace\201303\dingcms\protected\Core\Extend\Driver\TagLib\TagLibDogocms.class.php 第 75 行.
NOTIC: [8] Undefined index:  flag D:\AppServ\www\workspace\201303\dingcms\protected\Core\Extend\Driver\TagLib\TagLibDogocms.class.php 第 77 行.
NOTIC: [8] Undefined index:  keywords D:\AppServ\www\workspace\201303\dingcms\protected\Core\Extend\Driver\TagLib\TagLibDogocms.class.php 第 79 行.
NOTIC: [8] Undefined index:  where D:\AppServ\www\workspace\201303\dingcms\protected\Core\Extend\Driver\TagLib\TagLibDogocms.class.php 第 169 行.
NOTIC: [8] Undefined index:  typeid D:\AppServ\www\workspace\201303\dingcms\protected\Core\Extend\Driver\TagLib\TagLibDogocms.class.php 第 70 行.
NOTIC: [8] Undefined index:  type D:\AppServ\www\workspace\201303\dingcms\protected\Core\Extend\Driver\TagLib\TagLibDogocms.class.php 第 71 行.
NOTIC: [8] Undefined index:  tid D:\AppServ\www\workspace\201303\dingcms\protected\Core\Extend\Driver\TagLib\TagLibDogocms.class.php 第 72 行.
NOTIC: [8] Undefined index:  id D:\AppServ\www\workspace\201303\dingcms\protected\Core\Extend\Driver\TagLib\TagLibDogocms.class.php 第 73 行.
NOTIC: [8] Undefined index:  modeid D:\AppServ\www\workspace\201303\dingcms\protected\Core\Extend\Driver\TagLib\TagLibDogocms.class.php 第 74 行.
NOTIC: [8] Undefined index:  model_name D:\AppServ\www\workspace\201303\dingcms\protected\Core\Extend\Driver\TagLib\TagLibDogocms.class.php 第 75 行.
NOTIC: [8] Undefined index:  flag D:\AppServ\www\workspace\201303\dingcms\protected\Core\Extend\Driver\TagLib\TagLibDogocms.class.php 第 77 行.
NOTIC: [8] Undefined index:  keywords D:\AppServ\www\workspace\201303\dingcms\protected\Core\Extend\Driver\TagLib\TagLibDogocms.class.php 第 79 行.
NOTIC: [8] Undefined index:  where D:\AppServ\www\workspace\201303\dingcms\protected\Core\Extend\Driver\TagLib\TagLibDogocms.class.php 第 169 行.
NOTIC: [8] Undefined index:  typeid D:\AppServ\www\workspace\201303\dingcms\protected\Core\Extend\Driver\TagLib\TagLibDogocms.class.php 第 70 行.
NOTIC: [8] Undefined index:  type D:\AppServ\www\workspace\201303\dingcms\protected\Core\Extend\Driver\TagLib\TagLibDogocms.class.php 第 71 行.
NOTIC: [8] Undefined index:  tid D:\AppServ\www\workspace\201303\dingcms\protected\Core\Extend\Driver\TagLib\TagLibDogocms.class.php 第 72 行.
NOTIC: [8] Undefined index:  id D:\AppServ\www\workspace\201303\dingcms\protected\Core\Extend\Driver\TagLib\TagLibDogocms.class.php 第 73 行.
NOTIC: [8] Undefined index:  modeid D:\AppServ\www\workspace\201303\dingcms\protected\Core\Extend\Driver\TagLib\TagLibDogocms.class.php 第 74 行.
NOTIC: [8] Undefined index:  model_name D:\AppServ\www\workspace\201303\dingcms\protected\Core\Extend\Driver\TagLib\TagLibDogocms.class.php 第 75 行.
NOTIC: [8] Undefined index:  flag D:\AppServ\www\workspace\201303\dingcms\protected\Core\Extend\Driver\TagLib\TagLibDogocms.class.php 第 77 行.
NOTIC: [8] Undefined index:  keywords D:\AppServ\www\workspace\201303\dingcms\protected\Core\Extend\Driver\TagLib\TagLibDogocms.class.php 第 79 行.
NOTIC: [8] Undefined index:  where D:\AppServ\www\workspace\201303\dingcms\protected\Core\Extend\Driver\TagLib\TagLibDogocms.class.php 第 169 行.
NOTIC: [8] Undefined index:  typeid D:\AppServ\www\workspace\201303\dingcms\protected\Core\Extend\Driver\TagLib\TagLibDogocms.class.php 第 70 行.
NOTIC: [8] Undefined index:  type D:\AppServ\www\workspace\201303\dingcms\protected\Core\Extend\Driver\TagLib\TagLibDogocms.class.php 第 71 行.
NOTIC: [8] Undefined index:  tid D:\AppServ\www\workspace\201303\dingcms\protected\Core\Extend\Driver\TagLib\TagLibDogocms.class.php 第 72 行.
NOTIC: [8] Undefined index:  id D:\AppServ\www\workspace\201303\dingcms\protected\Core\Extend\Driver\TagLib\TagLibDogocms.class.php 第 73 行.
NOTIC: [8] Undefined index:  modeid D:\AppServ\www\workspace\201303\dingcms\protected\Core\Extend\Driver\TagLib\TagLibDogocms.class.php 第 74 行.
NOTIC: [8] Undefined index:  model_name D:\AppServ\www\workspace\201303\dingcms\protected\Core\Extend\Driver\TagLib\TagLibDogocms.class.php 第 75 行.
NOTIC: [8] Undefined index:  flag D:\AppServ\www\workspace\201303\dingcms\protected\Core\Extend\Driver\TagLib\TagLibDogocms.class.php 第 77 行.
NOTIC: [8] Undefined index:  keywords D:\AppServ\www\workspace\201303\dingcms\protected\Core\Extend\Driver\TagLib\TagLibDogocms.class.php 第 79 行.
NOTIC: [8] Undefined index:  where D:\AppServ\www\workspace\201303\dingcms\protected\Core\Extend\Driver\TagLib\TagLibDogocms.class.php 第 169 行.
NOTIC: [8] Undefined index:  typeid D:\AppServ\www\workspace\201303\dingcms\protected\Core\Extend\Driver\TagLib\TagLibDogocms.class.php 第 70 行.
NOTIC: [8] Undefined index:  type D:\AppServ\www\workspace\201303\dingcms\protected\Core\Extend\Driver\TagLib\TagLibDogocms.class.php 第 71 行.
NOTIC: [8] Undefined index:  tid D:\AppServ\www\workspace\201303\dingcms\protected\Core\Extend\Driver\TagLib\TagLibDogocms.class.php 第 72 行.
NOTIC: [8] Undefined index:  id D:\AppServ\www\workspace\201303\dingcms\protected\Core\Extend\Driver\TagLib\TagLibDogocms.class.php 第 73 行.
NOTIC: [8] Undefined index:  modeid D:\AppServ\www\workspace\201303\dingcms\protected\Core\Extend\Driver\TagLib\TagLibDogocms.class.php 第 74 行.
NOTIC: [8] Undefined index:  model_name D:\AppServ\www\workspace\201303\dingcms\protected\Core\Extend\Driver\TagLib\TagLibDogocms.class.php 第 75 行.
NOTIC: [8] Undefined index:  flag D:\AppServ\www\workspace\201303\dingcms\protected\Core\Extend\Driver\TagLib\TagLibDogocms.class.php 第 77 行.
NOTIC: [8] Undefined index:  keywords D:\AppServ\www\workspace\201303\dingcms\protected\Core\Extend\Driver\TagLib\TagLibDogocms.class.php 第 79 行.
NOTIC: [8] Undefined index:  where D:\AppServ\www\workspace\201303\dingcms\protected\Core\Extend\Driver\TagLib\TagLibDogocms.class.php 第 169 行.
NOTIC: [8] Undefined index:  type D:\AppServ\www\workspace\201303\dingcms\protected\Core\Extend\Driver\TagLib\TagLibDogocms.class.php 第 71 行.
NOTIC: [8] Undefined index:  tid D:\AppServ\www\workspace\201303\dingcms\protected\Core\Extend\Driver\TagLib\TagLibDogocms.class.php 第 72 行.
NOTIC: [8] Undefined index:  id D:\AppServ\www\workspace\201303\dingcms\protected\Core\Extend\Driver\TagLib\TagLibDogocms.class.php 第 73 行.
NOTIC: [8] Undefined index:  modeid D:\AppServ\www\workspace\201303\dingcms\protected\Core\Extend\Driver\TagLib\TagLibDogocms.class.php 第 74 行.
NOTIC: [8] Undefined index:  model_name D:\AppServ\www\workspace\201303\dingcms\protected\Core\Extend\Driver\TagLib\TagLibDogocms.class.php 第 75 行.
NOTIC: [8] Undefined index:  flag D:\AppServ\www\workspace\201303\dingcms\protected\Core\Extend\Driver\TagLib\TagLibDogocms.class.php 第 77 行.
NOTIC: [8] Undefined index:  keywords D:\AppServ\www\workspace\201303\dingcms\protected\Core\Extend\Driver\TagLib\TagLibDogocms.class.php 第 79 行.
NOTIC: [8] Undefined index:  typeid D:\AppServ\www\workspace\201303\dingcms\protected\Core\Extend\Driver\TagLib\TagLibDogocms.class.php 第 70 行.
NOTIC: [8] Undefined index:  type D:\AppServ\www\workspace\201303\dingcms\protected\Core\Extend\Driver\TagLib\TagLibDogocms.class.php 第 71 行.
NOTIC: [8] Undefined index:  tid D:\AppServ\www\workspace\201303\dingcms\protected\Core\Extend\Driver\TagLib\TagLibDogocms.class.php 第 72 行.
NOTIC: [8] Undefined index:  id D:\AppServ\www\workspace\201303\dingcms\protected\Core\Extend\Driver\TagLib\TagLibDogocms.class.php 第 73 行.
NOTIC: [8] Undefined index:  modeid D:\AppServ\www\workspace\201303\dingcms\protected\Core\Extend\Driver\TagLib\TagLibDogocms.class.php 第 74 行.
NOTIC: [8] Undefined index:  model_name D:\AppServ\www\workspace\201303\dingcms\protected\Core\Extend\Driver\TagLib\TagLibDogocms.class.php 第 75 行.
NOTIC: [8] Undefined index:  flag D:\AppServ\www\workspace\201303\dingcms\protected\Core\Extend\Driver\TagLib\TagLibDogocms.class.php 第 77 行.
NOTIC: [8] Undefined index:  keywords D:\AppServ\www\workspace\201303\dingcms\protected\Core\Extend\Driver\TagLib\TagLibDogocms.class.php 第 79 行.
NOTIC: [8] Undefined index:  where D:\AppServ\www\workspace\201303\dingcms\protected\Core\Extend\Driver\TagLib\TagLibDogocms.class.php 第 169 行.
NOTIC: [8] Undefined index:  type D:\AppServ\www\workspace\201303\dingcms\protected\Core\Extend\Driver\TagLib\TagLibDogocms.class.php 第 71 行.
NOTIC: [8] Undefined index:  tid D:\AppServ\www\workspace\201303\dingcms\protected\Core\Extend\Driver\TagLib\TagLibDogocms.class.php 第 72 行.
NOTIC: [8] Undefined index:  id D:\AppServ\www\workspace\201303\dingcms\protected\Core\Extend\Driver\TagLib\TagLibDogocms.class.php 第 73 行.
NOTIC: [8] Undefined index:  modeid D:\AppServ\www\workspace\201303\dingcms\protected\Core\Extend\Driver\TagLib\TagLibDogocms.class.php 第 74 行.
NOTIC: [8] Undefined index:  model_name D:\AppServ\www\workspace\201303\dingcms\protected\Core\Extend\Driver\TagLib\TagLibDogocms.class.php 第 75 行.
NOTIC: [8] Undefined index:  flag D:\AppServ\www\workspace\201303\dingcms\protected\Core\Extend\Driver\TagLib\TagLibDogocms.class.php 第 77 行.
NOTIC: [8] Undefined index:  keywords D:\AppServ\www\workspace\201303\dingcms\protected\Core\Extend\Driver\TagLib\TagLibDogocms.class.php 第 79 行.
NOTIC: [8] Undefined index:  type D:\AppServ\www\workspace\201303\dingcms\protected\Core\Extend\Driver\TagLib\TagLibDogocms.class.php 第 71 行.
NOTIC: [8] Undefined index:  tid D:\AppServ\www\workspace\201303\dingcms\protected\Core\Extend\Driver\TagLib\TagLibDogocms.class.php 第 72 行.
NOTIC: [8] Undefined index:  id D:\AppServ\www\workspace\201303\dingcms\protected\Core\Extend\Driver\TagLib\TagLibDogocms.class.php 第 73 行.
NOTIC: [8] Undefined index:  modeid D:\AppServ\www\workspace\201303\dingcms\protected\Core\Extend\Driver\TagLib\TagLibDogocms.class.php 第 74 行.
NOTIC: [8] Undefined index:  model_name D:\AppServ\www\workspace\201303\dingcms\protected\Core\Extend\Driver\TagLib\TagLibDogocms.class.php 第 75 行.
NOTIC: [8] Undefined index:  flag D:\AppServ\www\workspace\201303\dingcms\protected\Core\Extend\Driver\TagLib\TagLibDogocms.class.php 第 77 行.
NOTIC: [8] Undefined index:  keywords D:\AppServ\www\workspace\201303\dingcms\protected\Core\Extend\Driver\TagLib\TagLibDogocms.class.php 第 79 行.
NOTIC: [8] Undefined index:  type D:\AppServ\www\workspace\201303\dingcms\protected\Core\Extend\Driver\TagLib\TagLibDogocms.class.php 第 71 行.
NOTIC: [8] Undefined index:  tid D:\AppServ\www\workspace\201303\dingcms\protected\Core\Extend\Driver\TagLib\TagLibDogocms.class.php 第 72 行.
NOTIC: [8] Undefined index:  id D:\AppServ\www\workspace\201303\dingcms\protected\Core\Extend\Driver\TagLib\TagLibDogocms.class.php 第 73 行.
NOTIC: [8] Undefined index:  modeid D:\AppServ\www\workspace\201303\dingcms\protected\Core\Extend\Driver\TagLib\TagLibDogocms.class.php 第 74 行.
NOTIC: [8] Undefined index:  model_name D:\AppServ\www\workspace\201303\dingcms\protected\Core\Extend\Driver\TagLib\TagLibDogocms.class.php 第 75 行.
NOTIC: [8] Undefined index:  flag D:\AppServ\www\workspace\201303\dingcms\protected\Core\Extend\Driver\TagLib\TagLibDogocms.class.php 第 77 行.
NOTIC: [8] Undefined index:  keywords D:\AppServ\www\workspace\201303\dingcms\protected\Core\Extend\Driver\TagLib\TagLibDogocms.class.php 第 79 行.
NOTIC: [8] Undefined index:  type D:\AppServ\www\workspace\201303\dingcms\protected\Core\Extend\Driver\TagLib\TagLibDogocms.class.php 第 71 行.
NOTIC: [8] Undefined index:  tid D:\AppServ\www\workspace\201303\dingcms\protected\Core\Extend\Driver\TagLib\TagLibDogocms.class.php 第 72 行.
NOTIC: [8] Undefined index:  id D:\AppServ\www\workspace\201303\dingcms\protected\Core\Extend\Driver\TagLib\TagLibDogocms.class.php 第 73 行.
NOTIC: [8] Undefined index:  modeid D:\AppServ\www\workspace\201303\dingcms\protected\Core\Extend\Driver\TagLib\TagLibDogocms.class.php 第 74 行.
NOTIC: [8] Undefined index:  model_name D:\AppServ\www\workspace\201303\dingcms\protected\Core\Extend\Driver\TagLib\TagLibDogocms.class.php 第 75 行.
NOTIC: [8] Undefined index:  flag D:\AppServ\www\workspace\201303\dingcms\protected\Core\Extend\Driver\TagLib\TagLibDogocms.class.php 第 77 行.
NOTIC: [8] Undefined index:  keywords D:\AppServ\www\workspace\201303\dingcms\protected\Core\Extend\Driver\TagLib\TagLibDogocms.class.php 第 79 行.
NOTIC: [8] Undefined index:  type D:\AppServ\www\workspace\201303\dingcms\protected\Core\Extend\Driver\TagLib\TagLibDogocms.class.php 第 71 行.
NOTIC: [8] Undefined index:  tid D:\AppServ\www\workspace\201303\dingcms\protected\Core\Extend\Driver\TagLib\TagLibDogocms.class.php 第 72 行.
NOTIC: [8] Undefined index:  id D:\AppServ\www\workspace\201303\dingcms\protected\Core\Extend\Driver\TagLib\TagLibDogocms.class.php 第 73 行.
NOTIC: [8] Undefined index:  modeid D:\AppServ\www\workspace\201303\dingcms\protected\Core\Extend\Driver\TagLib\TagLibDogocms.class.php 第 74 行.
NOTIC: [8] Undefined index:  model_name D:\AppServ\www\workspace\201303\dingcms\protected\Core\Extend\Driver\TagLib\TagLibDogocms.class.php 第 75 行.
NOTIC: [8] Undefined index:  flag D:\AppServ\www\workspace\201303\dingcms\protected\Core\Extend\Driver\TagLib\TagLibDogocms.class.php 第 77 行.
NOTIC: [8] Undefined index:  keywords D:\AppServ\www\workspace\201303\dingcms\protected\Core\Extend\Driver\TagLib\TagLibDogocms.class.php 第 79 行.
NOTIC: [8] Undefined index:  type D:\AppServ\www\workspace\201303\dingcms\protected\Core\Extend\Driver\TagLib\TagLibDogocms.class.php 第 71 行.
NOTIC: [8] Undefined index:  tid D:\AppServ\www\workspace\201303\dingcms\protected\Core\Extend\Driver\TagLib\TagLibDogocms.class.php 第 72 行.
NOTIC: [8] Undefined index:  id D:\AppServ\www\workspace\201303\dingcms\protected\Core\Extend\Driver\TagLib\TagLibDogocms.class.php 第 73 行.
NOTIC: [8] Undefined index:  modeid D:\AppServ\www\workspace\201303\dingcms\protected\Core\Extend\Driver\TagLib\TagLibDogocms.class.php 第 74 行.
NOTIC: [8] Undefined index:  model_name D:\AppServ\www\workspace\201303\dingcms\protected\Core\Extend\Driver\TagLib\TagLibDogocms.class.php 第 75 行.
NOTIC: [8] Undefined index:  flag D:\AppServ\www\workspace\201303\dingcms\protected\Core\Extend\Driver\TagLib\TagLibDogocms.class.php 第 77 行.
NOTIC: [8] Undefined index:  keywords D:\AppServ\www\workspace\201303\dingcms\protected\Core\Extend\Driver\TagLib\TagLibDogocms.class.php 第 79 行.
NOTIC: [8] Undefined index:  type D:\AppServ\www\workspace\201303\dingcms\protected\Core\Extend\Driver\TagLib\TagLibDogocms.class.php 第 71 行.
NOTIC: [8] Undefined index:  tid D:\AppServ\www\workspace\201303\dingcms\protected\Core\Extend\Driver\TagLib\TagLibDogocms.class.php 第 72 行.
NOTIC: [8] Undefined index:  id D:\AppServ\www\workspace\201303\dingcms\protected\Core\Extend\Driver\TagLib\TagLibDogocms.class.php 第 73 行.
NOTIC: [8] Undefined index:  modeid D:\AppServ\www\workspace\201303\dingcms\protected\Core\Extend\Driver\TagLib\TagLibDogocms.class.php 第 74 行.
NOTIC: [8] Undefined index:  model_name D:\AppServ\www\workspace\201303\dingcms\protected\Core\Extend\Driver\TagLib\TagLibDogocms.class.php 第 75 行.
NOTIC: [8] Undefined index:  flag D:\AppServ\www\workspace\201303\dingcms\protected\Core\Extend\Driver\TagLib\TagLibDogocms.class.php 第 77 行.
NOTIC: [8] Undefined index:  keywords D:\AppServ\www\workspace\201303\dingcms\protected\Core\Extend\Driver\TagLib\TagLibDogocms.class.php 第 79 行.
NOTIC: [8] Undefined index:  type D:\AppServ\www\workspace\201303\dingcms\protected\Core\Extend\Driver\TagLib\TagLibDogocms.class.php 第 71 行.
NOTIC: [8] Undefined index:  tid D:\AppServ\www\workspace\201303\dingcms\protected\Core\Extend\Driver\TagLib\TagLibDogocms.class.php 第 72 行.
NOTIC: [8] Undefined index:  id D:\AppServ\www\workspace\201303\dingcms\protected\Core\Extend\Driver\TagLib\TagLibDogocms.class.php 第 73 行.
NOTIC: [8] Undefined index:  modeid D:\AppServ\www\workspace\201303\dingcms\protected\Core\Extend\Driver\TagLib\TagLibDogocms.class.php 第 74 行.
NOTIC: [8] Undefined index:  model_name D:\AppServ\www\workspace\201303\dingcms\protected\Core\Extend\Driver\TagLib\TagLibDogocms.class.php 第 75 行.
NOTIC: [8] Undefined index:  flag D:\AppServ\www\workspace\201303\dingcms\protected\Core\Extend\Driver\TagLib\TagLibDogocms.class.php 第 77 行.
NOTIC: [8] Undefined index:  keywords D:\AppServ\www\workspace\201303\dingcms\protected\Core\Extend\Driver\TagLib\TagLibDogocms.class.php 第 79 行.
NOTIC: [8] Undefined index:  type D:\AppServ\www\workspace\201303\dingcms\protected\Core\Extend\Driver\TagLib\TagLibDogocms.class.php 第 71 行.
NOTIC: [8] Undefined index:  tid D:\AppServ\www\workspace\201303\dingcms\protected\Core\Extend\Driver\TagLib\TagLibDogocms.class.php 第 72 行.
NOTIC: [8] Undefined index:  id D:\AppServ\www\workspace\201303\dingcms\protected\Core\Extend\Driver\TagLib\TagLibDogocms.class.php 第 73 行.
NOTIC: [8] Undefined index:  modeid D:\AppServ\www\workspace\201303\dingcms\protected\Core\Extend\Driver\TagLib\TagLibDogocms.class.php 第 74 行.
NOTIC: [8] Undefined index:  model_name D:\AppServ\www\workspace\201303\dingcms\protected\Core\Extend\Driver\TagLib\TagLibDogocms.class.php 第 75 行.
NOTIC: [8] Undefined index:  flag D:\AppServ\www\workspace\201303\dingcms\protected\Core\Extend\Driver\TagLib\TagLibDogocms.class.php 第 77 行.
NOTIC: [8] Undefined index:  keywords D:\AppServ\www\workspace\201303\dingcms\protected\Core\Extend\Driver\TagLib\TagLibDogocms.class.php 第 79 行.
NOTIC: [8] Undefined index:  type D:\AppServ\www\workspace\201303\dingcms\protected\Core\Extend\Driver\TagLib\TagLibDogocms.class.php 第 71 行.
NOTIC: [8] Undefined index:  tid D:\AppServ\www\workspace\201303\dingcms\protected\Core\Extend\Driver\TagLib\TagLibDogocms.class.php 第 72 行.
NOTIC: [8] Undefined index:  id D:\AppServ\www\workspace\201303\dingcms\protected\Core\Extend\Driver\TagLib\TagLibDogocms.class.php 第 73 行.
NOTIC: [8] Undefined index:  modeid D:\AppServ\www\workspace\201303\dingcms\protected\Core\Extend\Driver\TagLib\TagLibDogocms.class.php 第 74 行.
NOTIC: [8] Undefined index:  model_name D:\AppServ\www\workspace\201303\dingcms\protected\Core\Extend\Driver\TagLib\TagLibDogocms.class.php 第 75 行.
NOTIC: [8] Undefined index:  flag D:\AppServ\www\workspace\201303\dingcms\protected\Core\Extend\Driver\TagLib\TagLibDogocms.class.php 第 77 行.
NOTIC: [8] Undefined index:  keywords D:\AppServ\www\workspace\201303\dingcms\protected\Core\Extend\Driver\TagLib\TagLibDogocms.class.php 第 79 行.
SQL: SELECT * FROM `ding_setting` WHERE ( `sys_name` = 'cfg_sitename' ) LIMIT 1   [ RunTime:0.000636s ]
NOTIC: [8] Undefined index:  result D:\AppServ\www\workspace\201303\dingcms\protected\Core\Lib\Core\Model.class.php 第 619 行.
SQL: SELECT * FROM `ding_setting` WHERE ( `sys_name` = 'cfg_copyright' ) LIMIT 1   [ RunTime:0.000578s ]
NOTIC: [8] Undefined index:  result D:\AppServ\www\workspace\201303\dingcms\protected\Core\Lib\Core\Model.class.php 第 619 行.
NOTIC: [8] Undefined index:  typeid D:\AppServ\www\workspace\201303\dingcms\protected\Core\Extend\Driver\TagLib\TagLibDogocms.class.php 第 235 行.
SQL: SHOW COLUMNS FROM `ding_nav_head` [ RunTime:0.002892s ]
SQL: SELECT * FROM `ding_nav_head` ORDER BY id asc LIMIT 0,50   [ RunTime:0.000630s ]
SQL: SHOW COLUMNS FROM `ding_flash` [ RunTime:0.076602s ]
SQL: SELECT * FROM `ding_flash` WHERE (  (`status`='true')  ) ORDER BY id desc LIMIT 0,6   [ RunTime:0.000695s ]
SQL: SHOW COLUMNS FROM `ding_title` [ RunTime:0.004597s ]
SQL: SELECT t.*,ns.text as sortname FROM ding_title t LEFT JOIN  ding_news_sort ns on ns.id=t.sort_id  WHERE (  (t.status='true') and (t.is_recycle='false')  ) ORDER BY id desc LIMIT 0,2   [ RunTime:0.000736s ]
SQL: SELECT t.*,ns.text as sortname FROM ding_title t LEFT JOIN  ding_news_sort ns on ns.id=t.sort_id  WHERE (  (t.status='true') and (t.is_recycle='false')  ) ORDER BY id desc LIMIT 0,5   [ RunTime:0.000893s ]
SQL: SELECT t.*,ns.text as sortname FROM ding_title t LEFT JOIN  ding_news_sort ns on ns.id=t.sort_id  WHERE (  (t.status='true') and (t.is_recycle='false')  ) ORDER BY id desc LIMIT 0,1   [ RunTime:0.000623s ]
SQL: SELECT t.*,ns.text as sortname FROM ding_title t LEFT JOIN  ding_news_sort ns on ns.id=t.sort_id  WHERE (  (t.status='true') and (t.is_recycle='false')  ) ORDER BY id desc LIMIT 0,6   [ RunTime:0.000894s ]
SQL: SELECT t.*,ns.text as sortname FROM ding_title t LEFT JOIN  ding_news_sort ns on ns.id=t.sort_id  WHERE (  (t.status='true') and (t.is_recycle='false')  ) ORDER BY id desc LIMIT 0,7   [ RunTime:0.001045s ]
SQL: SELECT t.*,ns.text as sortname FROM ding_title t LEFT JOIN  ding_news_sort ns on ns.id=t.sort_id  WHERE (  (t.`sort_id` in(26)) and (t.status='true') and (t.is_recycle='false')  ) ORDER BY id desc LIMIT 0,5   [ RunTime:0.000764s ]
SQL: SELECT t.*,ns.text as sortname FROM ding_title t LEFT JOIN  ding_news_sort ns on ns.id=t.sort_id  WHERE (  (t.status='true') and (t.is_recycle='false')  ) ORDER BY id desc LIMIT 0,6   [ RunTime:0.000890s ]
SQL: SELECT t.*,ns.text as sortname FROM ding_title t LEFT JOIN  ding_news_sort ns on ns.id=t.sort_id  WHERE (  (t.`sort_id` in(28)) and (t.status='true') and (t.is_recycle='false')  ) ORDER BY id desc LIMIT 0,4   [ RunTime:0.000753s ]
SQL: SELECT t.*,ns.text as sortname FROM ding_title t LEFT JOIN  ding_news_sort ns on ns.id=t.sort_id  WHERE (  (t.`sort_id` in(27)) and (t.status='true') and (t.is_recycle='false')  ) ORDER BY t.id desc LIMIT 0,10   [ RunTime:0.001065s ]
SQL: SELECT t.*,ns.text as sortname FROM ding_title t LEFT JOIN  ding_news_sort ns on ns.id=t.sort_id  WHERE (  (t.`sort_id` in(12)) and (t.status='true') and (t.is_recycle='false')  ) ORDER BY id desc LIMIT 0,10   [ RunTime:0.000762s ]
SQL: SELECT t.*,ns.text as sortname FROM ding_title t LEFT JOIN  ding_news_sort ns on ns.id=t.sort_id  WHERE (  (t.`sort_id` in(2)) and (t.status='true') and (t.is_recycle='false')  ) ORDER BY id desc LIMIT 0,10   [ RunTime:0.000820s ]
SQL: SELECT t.*,ns.text as sortname FROM ding_title t LEFT JOIN  ding_news_sort ns on ns.id=t.sort_id  WHERE (  (t.`sort_id` in(15)) and (t.status='true') and (t.is_recycle='false')  ) ORDER BY id desc LIMIT 0,12   [ RunTime:0.000852s ]
SQL: SELECT t.*,ns.text as sortname FROM ding_title t LEFT JOIN  ding_news_sort ns on ns.id=t.sort_id  WHERE (  (t.`sort_id` in(24)) and (t.status='true') and (t.is_recycle='false')  ) ORDER BY id desc LIMIT 0,3   [ RunTime:0.000786s ]
SQL: SELECT t.*,ns.text as sortname FROM ding_title t LEFT JOIN  ding_news_sort ns on ns.id=t.sort_id  WHERE (  (t.`sort_id` in(18)) and (t.status='true') and (t.is_recycle='false')  ) ORDER BY id desc LIMIT 0,10   [ RunTime:0.000780s ]
SQL: SELECT t.*,ns.text as sortname FROM ding_title t LEFT JOIN  ding_news_sort ns on ns.id=t.sort_id  WHERE (  (t.`sort_id` in(17)) and (t.status='true') and (t.is_recycle='false')  ) ORDER BY id desc LIMIT 0,10   [ RunTime:0.000738s ]
SQL: SELECT t.*,ns.text as sortname FROM ding_title t LEFT JOIN  ding_news_sort ns on ns.id=t.sort_id  WHERE (  (t.`sort_id` in(16)) and (t.status='true') and (t.is_recycle='false')  ) ORDER BY id desc LIMIT 0,10   [ RunTime:0.000742s ]
SQL: SELECT t.*,ns.text as sortname FROM ding_title t LEFT JOIN  ding_news_sort ns on ns.id=t.sort_id  WHERE (  (t.`sort_id` in(23)) and (t.status='true') and (t.is_recycle='false')  ) ORDER BY id desc LIMIT 0,10   [ RunTime:0.000800s ]
SQL: SHOW COLUMNS FROM `ding_links` [ RunTime:0.012431s ]
SQL: SELECT * FROM `ding_links` WHERE (  (`status`='true')  ) ORDER BY id desc LIMIT 0,10   [ RunTime:0.001339s ]
NOTIC: [8] Undefined index:  parent_id D:\AppServ\www\workspace\201303\dingcms\protected\Core\Extend\Function\extend.php 第 383 行.
NOTIC: [8] Undefined index:  parent_id D:\AppServ\www\workspace\201303\dingcms\protected\Core\Extend\Function\extend.php 第 383 行.
INFO: Run ParseTemplate Behavior [ RunTime:0.284849s ]
INFO: [ view_parse ] --END-- [ RunTime:0.284992s ]
INFO: [ view_filter ] --START--
INFO: Run ContentReplace Behavior [ RunTime:0.002730s ]
INFO: Run TokenBuild Behavior [ RunTime:0.002800s ]
INFO: Run WriteHtmlCache Behavior [ RunTime:0.002797s ]
INFO: Run ShowRuntime Behavior [ RunTime:0.002561s ]
INFO: [ view_filter ] --END-- [ RunTime:0.011293s ]
INFO: [ view_end ] --START--
INFO: Run ShowPageTrace Behavior [ RunTime:0.003018s ]
INFO: [ view_end ] --END-- [ RunTime:0.003142s ]

[ 2013-03-12T22:53:06+08:00 ] 127.0.0.1 /index.php/Content/?id=22
INFO: [ route_check ] --START--
INFO: Run CheckRoute Behavior [ RunTime:0.003314s ]
INFO: [ route_check ] --END-- [ RunTime:0.003503s ]
INFO: [ app_begin ] --START--
INFO: Run ReadHtmlCache Behavior [ RunTime:0.002522s ]
INFO: [ app_begin ] --END-- [ RunTime:0.002666s ]
SQL: SHOW COLUMNS FROM `ding_title` [ RunTime:0.003192s ]
SQL: SELECT ms.emark FROM ding_title t LEFT JOIN ding_news_sort ns ON ns.id=t.sort_id LEFT JOIN ding_model_sort ms ON ms.id=ns.model_id WHERE ( t.id=22 and t.status='true' and t.is_recycle='false' ) LIMIT 1   [ RunTime:0.001303s ]
NOTIC: [8] Undefined index:  result D:\AppServ\www\workspace\201303\dingcms\protected\Core\Lib\Core\Model.class.php 第 619 行.
SQL: SELECT t.*,m.*,c.* FROM ding_title t LEFT JOIN ding_addarticle m ON m.title_id=t.id LEFT JOIN ding_content c ON c.title_id = t.id  WHERE ( t.id=22 and t.status='true' and t.is_recycle='false' ) LIMIT 1   [ RunTime:0.010308s ]
NOTIC: [8] Undefined index:  result D:\AppServ\www\workspace\201303\dingcms\protected\Core\Lib\Core\Model.class.php 第 619 行.
SQL: UPDATE `ding_title` SET `views`=views+1 WHERE ( id=22 ) [ RunTime:0.026533s ]
INFO: [ view_template ] --START--
INFO: Run LocationTemplate Behavior [ RunTime:0.004129s ]
INFO: [ view_template ] --END-- [ RunTime:0.004264s ]
INFO: [ view_parse ] --START--
NOTIC: [8] Use of undefined constant level - assumed 'level' D:\AppServ\www\workspace\201303\dingcms\protected\Core\Lib\Core\Think.class.php 第 230 行.
NOTIC: [8] Use of undefined constant level - assumed 'level' D:\AppServ\www\workspace\201303\dingcms\protected\Core\Lib\Core\Think.class.php 第 230 行.
NOTIC: [8] Use of undefined constant level - assumed 'level' D:\AppServ\www\workspace\201303\dingcms\protected\Core\Lib\Core\Think.class.php 第 230 行.
NOTIC: [8] Use of undefined constant level - assumed 'level' D:\AppServ\www\workspace\201303\dingcms\protected\Core\Lib\Core\Think.class.php 第 230 行.
NOTIC: [8] Use of undefined constant level - assumed 'level' D:\AppServ\www\workspace\201303\dingcms\protected\Core\Lib\Core\Think.class.php 第 230 行.
NOTIC: [8] Use of undefined constant level - assumed 'level' D:\AppServ\www\workspace\201303\dingcms\protected\Core\Lib\Core\Think.class.php 第 230 行.
NOTIC: [8] Use of undefined constant level - assumed 'level' D:\AppServ\www\workspace\201303\dingcms\protected\Core\Lib\Core\Think.class.php 第 230 行.
NOTIC: [8] Use of undefined constant level - assumed 'level' D:\AppServ\www\workspace\201303\dingcms\protected\Core\Lib\Core\Think.class.php 第 230 行.
NOTIC: [8] Use of undefined constant level - assumed 'level' D:\AppServ\www\workspace\201303\dingcms\protected\Core\Lib\Core\Think.class.php 第 230 行.
NOTIC: [8] Use of undefined constant level - assumed 'level' D:\AppServ\www\workspace\201303\dingcms\protected\Core\Lib\Core\Think.class.php 第 230 行.
NOTIC: [8] Use of undefined constant level - assumed 'level' D:\AppServ\www\workspace\201303\dingcms\protected\Core\Lib\Core\Think.class.php 第 230 行.
NOTIC: [8] Use of undefined constant level - assumed 'level' D:\AppServ\www\workspace\201303\dingcms\protected\Core\Lib\Core\Think.class.php 第 230 行.
NOTIC: [8] Use of undefined constant level - assumed 'level' D:\AppServ\www\workspace\201303\dingcms\protected\Core\Lib\Core\Think.class.php 第 230 行.
NOTIC: [8] Undefined index:  id D:\AppServ\www\workspace\201303\dingcms\protected\Core\Extend\Driver\TagLib\TagLibDogocms.class.php 第 47 行.
NOTIC: [8] Undefined index:  where D:\AppServ\www\workspace\201303\dingcms\protected\Core\Extend\Driver\TagLib\TagLibDogocms.class.php 第 52 行.
NOTIC: [8] Undefined index:  typeid D:\AppServ\www\workspace\201303\dingcms\protected\Core\Extend\Driver\TagLib\TagLibDogocms.class.php 第 70 行.
NOTIC: [8] Undefined index:  type D:\AppServ\www\workspace\201303\dingcms\protected\Core\Extend\Driver\TagLib\TagLibDogocms.class.php 第 71 行.
NOTIC: [8] Undefined index:  tid D:\AppServ\www\workspace\201303\dingcms\protected\Core\Extend\Driver\TagLib\TagLibDogocms.class.php 第 72 行.
NOTIC: [8] Undefined index:  id D:\AppServ\www\workspace\201303\dingcms\protected\Core\Extend\Driver\TagLib\TagLibDogocms.class.php 第 73 行.
NOTIC: [8] Undefined index:  modeid D:\AppServ\www\workspace\201303\dingcms\protected\Core\Extend\Driver\TagLib\TagLibDogocms.class.php 第 74 行.
NOTIC: [8] Undefined index:  model_name D:\AppServ\www\workspace\201303\dingcms\protected\Core\Extend\Driver\TagLib\TagLibDogocms.class.php 第 75 行.
NOTIC: [8] Undefined index:  flag D:\AppServ\www\workspace\201303\dingcms\protected\Core\Extend\Driver\TagLib\TagLibDogocms.class.php 第 77 行.
NOTIC: [8] Undefined index:  keywords D:\AppServ\www\workspace\201303\dingcms\protected\Core\Extend\Driver\TagLib\TagLibDogocms.class.php 第 79 行.
NOTIC: [8] Undefined index:  where D:\AppServ\www\workspace\201303\dingcms\protected\Core\Extend\Driver\TagLib\TagLibDogocms.class.php 第 169 行.
NOTIC: [8] Undefined index:  typeid D:\AppServ\www\workspace\201303\dingcms\protected\Core\Extend\Driver\TagLib\TagLibDogocms.class.php 第 70 行.
NOTIC: [8] Undefined index:  type D:\AppServ\www\workspace\201303\dingcms\protected\Core\Extend\Driver\TagLib\TagLibDogocms.class.php 第 71 行.
NOTIC: [8] Undefined index:  tid D:\AppServ\www\workspace\201303\dingcms\protected\Core\Extend\Driver\TagLib\TagLibDogocms.class.php 第 72 行.
NOTIC: [8] Undefined index:  id D:\AppServ\www\workspace\201303\dingcms\protected\Core\Extend\Driver\TagLib\TagLibDogocms.class.php 第 73 行.
NOTIC: [8] Undefined index:  modeid D:\AppServ\www\workspace\201303\dingcms\protected\Core\Extend\Driver\TagLib\TagLibDogocms.class.php 第 74 行.
NOTIC: [8] Undefined index:  model_name D:\AppServ\www\workspace\201303\dingcms\protected\Core\Extend\Driver\TagLib\TagLibDogocms.class.php 第 75 行.
NOTIC: [8] Undefined index:  flag D:\AppServ\www\workspace\201303\dingcms\protected\Core\Extend\Driver\TagLib\TagLibDogocms.class.php 第 77 行.
NOTIC: [8] Undefined index:  keywords D:\AppServ\www\workspace\201303\dingcms\protected\Core\Extend\Driver\TagLib\TagLibDogocms.class.php 第 79 行.
NOTIC: [8] Undefined index:  where D:\AppServ\www\workspace\201303\dingcms\protected\Core\Extend\Driver\TagLib\TagLibDogocms.class.php 第 169 行.
SQL: SHOW COLUMNS FROM `ding_setting` [ RunTime:0.002904s ]
SQL: SELECT * FROM `ding_setting` WHERE ( `sys_name` = 'cfg_sitename' ) LIMIT 1   [ RunTime:0.000576s ]
NOTIC: [8] Undefined index:  result D:\AppServ\www\workspace\201303\dingcms\protected\Core\Lib\Core\Model.class.php 第 619 行.
SQL: SELECT * FROM `ding_setting` WHERE ( `sys_name` = 'cfg_copyright' ) LIMIT 1   [ RunTime:0.000744s ]
NOTIC: [8] Undefined index:  result D:\AppServ\www\workspace\201303\dingcms\protected\Core\Lib\Core\Model.class.php 第 619 行.
SQL: SHOW COLUMNS FROM `ding_nav_head` [ RunTime:0.003662s ]
SQL: SELECT * FROM `ding_nav_head` ORDER BY id asc LIMIT 0,50   [ RunTime:0.000768s ]
SQL: SHOW COLUMNS FROM `ding_flash` [ RunTime:0.003200s ]
SQL: SELECT * FROM `ding_flash` WHERE (  (`status`='true')  ) ORDER BY id desc LIMIT 0,6   [ RunTime:0.000579s ]
SQL: SELECT t.*,ns.text as sortname FROM ding_title t LEFT JOIN  ding_news_sort ns on ns.id=t.sort_id  WHERE (  (t.status='true') and (t.is_recycle='false')  ) ORDER BY id desc LIMIT 0,2   [ RunTime:0.001151s ]
SQL: SELECT t.*,ns.text as sortname FROM ding_title t LEFT JOIN  ding_news_sort ns on ns.id=t.sort_id  WHERE (  (t.status='true') and (t.is_recycle='false')  ) ORDER BY id desc LIMIT 0,10   [ RunTime:0.001107s ]
INFO: Run ParseTemplate Behavior [ RunTime:0.092509s ]
INFO: [ view_parse ] --END-- [ RunTime:0.092610s ]
INFO: [ view_filter ] --START--
INFO: Run ContentReplace Behavior [ RunTime:0.002552s ]
INFO: Run TokenBuild Behavior [ RunTime:0.002521s ]
INFO: Run WriteHtmlCache Behavior [ RunTime:0.002168s ]
INFO: Run ShowRuntime Behavior [ RunTime:0.001719s ]
INFO: [ view_filter ] --END-- [ RunTime:0.009361s ]
INFO: [ view_end ] --START--
INFO: Run ShowPageTrace Behavior [ RunTime:0.002747s ]
INFO: [ view_end ] --END-- [ RunTime:0.003059s ]

[ 2013-03-12T22:53:06+08:00 ] ERR: (ThinkException) 非法操作:dedede
[ 2013-03-12T22:53:06+08:00 ] 127.0.0.1 /index.php/Comment/vercode
INFO: [ route_check ] --START--
INFO: Run CheckRoute Behavior [ RunTime:0.005249s ]
INFO: [ route_check ] --END-- [ RunTime:0.005460s ]
INFO: [ app_begin ] --START--
INFO: Run ReadHtmlCache Behavior [ RunTime:0.003648s ]
INFO: [ app_begin ] --END-- [ RunTime:0.003828s ]

[ 2013-03-12T22:53:16+08:00 ] 127.0.0.1 /index.php/Content/?id=22
INFO: [ route_check ] --START--
INFO: Run CheckRoute Behavior [ RunTime:0.004151s ]
INFO: [ route_check ] --END-- [ RunTime:0.004381s ]
INFO: [ app_begin ] --START--
INFO: Run ReadHtmlCache Behavior [ RunTime:0.002523s ]
INFO: [ app_begin ] --END-- [ RunTime:0.002713s ]
SQL: SHOW COLUMNS FROM `ding_title` [ RunTime:0.002760s ]
SQL: SELECT ms.emark FROM ding_title t LEFT JOIN ding_news_sort ns ON ns.id=t.sort_id LEFT JOIN ding_model_sort ms ON ms.id=ns.model_id WHERE ( t.id=22 and t.status='true' and t.is_recycle='false' ) LIMIT 1   [ RunTime:0.001884s ]
NOTIC: [8] Undefined index:  result D:\AppServ\www\workspace\201303\dingcms\protected\Core\Lib\Core\Model.class.php 第 619 行.
SQL: SELECT t.*,m.*,c.* FROM ding_title t LEFT JOIN ding_addarticle m ON m.title_id=t.id LEFT JOIN ding_content c ON c.title_id = t.id  WHERE ( t.id=22 and t.status='true' and t.is_recycle='false' ) LIMIT 1   [ RunTime:0.001038s ]
NOTIC: [8] Undefined index:  result D:\AppServ\www\workspace\201303\dingcms\protected\Core\Lib\Core\Model.class.php 第 619 行.
SQL: UPDATE `ding_title` SET `views`=views+1 WHERE ( id=22 ) [ RunTime:0.000594s ]
INFO: [ view_template ] --START--
INFO: Run LocationTemplate Behavior [ RunTime:0.004106s ]
INFO: [ view_template ] --END-- [ RunTime:0.004235s ]
INFO: [ view_parse ] --START--
NOTIC: [8] Use of undefined constant level - assumed 'level' D:\AppServ\www\workspace\201303\dingcms\protected\Core\Lib\Core\Think.class.php 第 230 行.
NOTIC: [8] Use of undefined constant level - assumed 'level' D:\AppServ\www\workspace\201303\dingcms\protected\Core\Lib\Core\Think.class.php 第 230 行.
NOTIC: [8] Use of undefined constant level - assumed 'level' D:\AppServ\www\workspace\201303\dingcms\protected\Core\Lib\Core\Think.class.php 第 230 行.
NOTIC: [8] Use of undefined constant level - assumed 'level' D:\AppServ\www\workspace\201303\dingcms\protected\Core\Lib\Core\Think.class.php 第 230 行.
NOTIC: [8] Use of undefined constant level - assumed 'level' D:\AppServ\www\workspace\201303\dingcms\protected\Core\Lib\Core\Think.class.php 第 230 行.
NOTIC: [8] Use of undefined constant level - assumed 'level' D:\AppServ\www\workspace\201303\dingcms\protected\Core\Lib\Core\Think.class.php 第 230 行.
NOTIC: [8] Use of undefined constant level - assumed 'level' D:\AppServ\www\workspace\201303\dingcms\protected\Core\Lib\Core\Think.class.php 第 230 行.
NOTIC: [8] Use of undefined constant level - assumed 'level' D:\AppServ\www\workspace\201303\dingcms\protected\Core\Lib\Core\Think.class.php 第 230 行.
NOTIC: [8] Use of undefined constant level - assumed 'level' D:\AppServ\www\workspace\201303\dingcms\protected\Core\Lib\Core\Think.class.php 第 230 行.
NOTIC: [8] Use of undefined constant level - assumed 'level' D:\AppServ\www\workspace\201303\dingcms\protected\Core\Lib\Core\Think.class.php 第 230 行.
NOTIC: [8] Use of undefined constant level - assumed 'level' D:\AppServ\www\workspace\201303\dingcms\protected\Core\Lib\Core\Think.class.php 第 230 行.
NOTIC: [8] Use of undefined constant level - assumed 'level' D:\AppServ\www\workspace\201303\dingcms\protected\Core\Lib\Core\Think.class.php 第 230 行.
NOTIC: [8] Use of undefined constant level - assumed 'level' D:\AppServ\www\workspace\201303\dingcms\protected\Core\Lib\Core\Think.class.php 第 230 行.
NOTIC: [8] Undefined index:  id D:\AppServ\www\workspace\201303\dingcms\protected\Core\Extend\Driver\TagLib\TagLibDogocms.class.php 第 47 行.
NOTIC: [8] Undefined index:  where D:\AppServ\www\workspace\201303\dingcms\protected\Core\Extend\Driver\TagLib\TagLibDogocms.class.php 第 52 行.
NOTIC: [8] Undefined index:  typeid D:\AppServ\www\workspace\201303\dingcms\protected\Core\Extend\Driver\TagLib\TagLibDogocms.class.php 第 70 行.
NOTIC: [8] Undefined index:  type D:\AppServ\www\workspace\201303\dingcms\protected\Core\Extend\Driver\TagLib\TagLibDogocms.class.php 第 71 行.
NOTIC: [8] Undefined index:  tid D:\AppServ\www\workspace\201303\dingcms\protected\Core\Extend\Driver\TagLib\TagLibDogocms.class.php 第 72 行.
NOTIC: [8] Undefined index:  id D:\AppServ\www\workspace\201303\dingcms\protected\Core\Extend\Driver\TagLib\TagLibDogocms.class.php 第 73 行.
NOTIC: [8] Undefined index:  modeid D:\AppServ\www\workspace\201303\dingcms\protected\Core\Extend\Driver\TagLib\TagLibDogocms.class.php 第 74 行.
NOTIC: [8] Undefined index:  model_name D:\AppServ\www\workspace\201303\dingcms\protected\Core\Extend\Driver\TagLib\TagLibDogocms.class.php 第 75 行.
NOTIC: [8] Undefined index:  flag D:\AppServ\www\workspace\201303\dingcms\protected\Core\Extend\Driver\TagLib\TagLibDogocms.class.php 第 77 行.
NOTIC: [8] Undefined index:  keywords D:\AppServ\www\workspace\201303\dingcms\protected\Core\Extend\Driver\TagLib\TagLibDogocms.class.php 第 79 行.
NOTIC: [8] Undefined index:  where D:\AppServ\www\workspace\201303\dingcms\protected\Core\Extend\Driver\TagLib\TagLibDogocms.class.php 第 169 行.
NOTIC: [8] Undefined index:  typeid D:\AppServ\www\workspace\201303\dingcms\protected\Core\Extend\Driver\TagLib\TagLibDogocms.class.php 第 70 行.
NOTIC: [8] Undefined index:  type D:\AppServ\www\workspace\201303\dingcms\protected\Core\Extend\Driver\TagLib\TagLibDogocms.class.php 第 71 行.
NOTIC: [8] Undefined index:  tid D:\AppServ\www\workspace\201303\dingcms\protected\Core\Extend\Driver\TagLib\TagLibDogocms.class.php 第 72 行.
NOTIC: [8] Undefined index:  id D:\AppServ\www\workspace\201303\dingcms\protected\Core\Extend\Driver\TagLib\TagLibDogocms.class.php 第 73 行.
NOTIC: [8] Undefined index:  modeid D:\AppServ\www\workspace\201303\dingcms\protected\Core\Extend\Driver\TagLib\TagLibDogocms.class.php 第 74 行.
NOTIC: [8] Undefined index:  model_name D:\AppServ\www\workspace\201303\dingcms\protected\Core\Extend\Driver\TagLib\TagLibDogocms.class.php 第 75 行.
NOTIC: [8] Undefined index:  flag D:\AppServ\www\workspace\201303\dingcms\protected\Core\Extend\Driver\TagLib\TagLibDogocms.class.php 第 77 行.
NOTIC: [8] Undefined index:  keywords D:\AppServ\www\workspace\201303\dingcms\protected\Core\Extend\Driver\TagLib\TagLibDogocms.class.php 第 79 行.
NOTIC: [8] Undefined index:  where D:\AppServ\www\workspace\201303\dingcms\protected\Core\Extend\Driver\TagLib\TagLibDogocms.class.php 第 169 行.
SQL: SHOW COLUMNS FROM `ding_setting` [ RunTime:0.003782s ]
SQL: SELECT * FROM `ding_setting` WHERE ( `sys_name` = 'cfg_sitename' ) LIMIT 1   [ RunTime:0.000675s ]
NOTIC: [8] Undefined index:  result D:\AppServ\www\workspace\201303\dingcms\protected\Core\Lib\Core\Model.class.php 第 619 行.
SQL: SELECT * FROM `ding_setting` WHERE ( `sys_name` = 'cfg_copyright' ) LIMIT 1   [ RunTime:0.000714s ]
NOTIC: [8] Undefined index:  result D:\AppServ\www\workspace\201303\dingcms\protected\Core\Lib\Core\Model.class.php 第 619 行.
SQL: SHOW COLUMNS FROM `ding_nav_head` [ RunTime:0.002835s ]
SQL: SELECT * FROM `ding_nav_head` ORDER BY id asc LIMIT 0,50   [ RunTime:0.000672s ]
SQL: SHOW COLUMNS FROM `ding_flash` [ RunTime:0.002802s ]
SQL: SELECT * FROM `ding_flash` WHERE (  (`status`='true')  ) ORDER BY id desc LIMIT 0,6   [ RunTime:0.000676s ]
SQL: SELECT t.*,ns.text as sortname FROM ding_title t LEFT JOIN  ding_news_sort ns on ns.id=t.sort_id  WHERE (  (t.status='true') and (t.is_recycle='false')  ) ORDER BY id desc LIMIT 0,2   [ RunTime:0.000798s ]
SQL: SELECT t.*,ns.text as sortname FROM ding_title t LEFT JOIN  ding_news_sort ns on ns.id=t.sort_id  WHERE (  (t.status='true') and (t.is_recycle='false')  ) ORDER BY id desc LIMIT 0,10   [ RunTime:0.001175s ]
INFO: Run ParseTemplate Behavior [ RunTime:0.090374s ]
INFO: [ view_parse ] --END-- [ RunTime:0.090473s ]
INFO: [ view_filter ] --START--
INFO: Run ContentReplace Behavior [ RunTime:0.002716s ]
INFO: Run TokenBuild Behavior [ RunTime:0.002386s ]
INFO: Run WriteHtmlCache Behavior [ RunTime:0.002226s ]
INFO: Run ShowRuntime Behavior [ RunTime:0.002592s ]
INFO: [ view_filter ] --END-- [ RunTime:0.010316s ]
INFO: [ view_end ] --START--
INFO: Run ShowPageTrace Behavior [ RunTime:0.002732s ]
INFO: [ view_end ] --END-- [ RunTime:0.002855s ]

[ 2013-03-12T22:53:16+08:00 ] ERR: (ThinkException) 非法操作:dedede
[ 2013-03-12T22:53:16+08:00 ] 127.0.0.1 /index.php/Comment/vercode
INFO: [ route_check ] --START--
INFO: Run CheckRoute Behavior [ RunTime:0.003081s ]
INFO: [ route_check ] --END-- [ RunTime:0.003265s ]
INFO: [ app_begin ] --START--
INFO: Run ReadHtmlCache Behavior [ RunTime:0.003172s ]
INFO: [ app_begin ] --END-- [ RunTime:0.003340s ]

