[ 2013-03-25T12:17:26+08:00 ] 127.0.0.1 /admin
INFO: [ app_begin ] --START--
INFO: Run ReadHtmlCache Behavior [ RunTime:0.001920s ]
INFO: Run CheckLang Behavior [ RunTime:0.171354s ]
INFO: [ app_begin ] --END-- [ RunTime:0.173550s ]
NOTIC: [8] Undefined index:  authId D:\AppServ\www\workspace\201303\dingcms\protected\Apps\Admin\Lib\Action\BaseAction.class.php 第 20 行.

[ 2013-03-25T12:17:27+08:00 ] 127.0.0.1 /admin.php/Passport
INFO: [ route_check ] --START--
INFO: Run CheckRoute Behavior [ RunTime:0.027703s ]
INFO: [ route_check ] --END-- [ RunTime:0.027921s ]
INFO: [ app_begin ] --START--
INFO: Run ReadHtmlCache Behavior [ RunTime:0.001013s ]
INFO: Run CheckLang Behavior [ RunTime:0.003512s ]
INFO: [ app_begin ] --END-- [ RunTime:0.004759s ]
INFO: [ view_template ] --START--
INFO: Run LocationTemplate Behavior [ RunTime:0.010637s ]
INFO: [ view_template ] --END-- [ RunTime:0.010801s ]
INFO: [ view_parse ] --START--
NOTIC: [8] Use of undefined constant level - assumed 'level' D:\AppServ\www\workspace\201303\dingcms\protected\Core\Lib\Core\Think.class.php 第 230 行.
NOTIC: [8] Use of undefined constant level - assumed 'level' D:\AppServ\www\workspace\201303\dingcms\protected\Core\Lib\Core\Think.class.php 第 230 行.
NOTIC: [8] Use of undefined constant level - assumed 'level' D:\AppServ\www\workspace\201303\dingcms\protected\Core\Lib\Core\Think.class.php 第 230 行.
NOTIC: [8] Use of undefined constant level - assumed 'level' D:\AppServ\www\workspace\201303\dingcms\protected\Core\Lib\Core\Think.class.php 第 230 行.
NOTIC: [8] Use of undefined constant level - assumed 'level' D:\AppServ\www\workspace\201303\dingcms\protected\Core\Lib\Core\Think.class.php 第 230 行.
NOTIC: [8] Use of undefined constant level - assumed 'level' D:\AppServ\www\workspace\201303\dingcms\protected\Core\Lib\Core\Think.class.php 第 230 行.
NOTIC: [8] Use of undefined constant level - assumed 'level' D:\AppServ\www\workspace\201303\dingcms\protected\Core\Lib\Core\Think.class.php 第 230 行.
NOTIC: [8] Use of undefined constant level - assumed 'level' D:\AppServ\www\workspace\201303\dingcms\protected\Core\Lib\Core\Think.class.php 第 230 行.
NOTIC: [8] Use of undefined constant level - assumed 'level' D:\AppServ\www\workspace\201303\dingcms\protected\Core\Lib\Core\Think.class.php 第 230 行.
NOTIC: [8] Use of undefined constant level - assumed 'level' D:\AppServ\www\workspace\201303\dingcms\protected\Core\Lib\Core\Think.class.php 第 230 行.
NOTIC: [8] Use of undefined constant level - assumed 'level' D:\AppServ\www\workspace\201303\dingcms\protected\Core\Lib\Core\Think.class.php 第 230 行.
NOTIC: [8] Use of undefined constant level - assumed 'level' D:\AppServ\www\workspace\201303\dingcms\protected\Core\Lib\Core\Think.class.php 第 230 行.
NOTIC: [8] Use of undefined constant level - assumed 'level' D:\AppServ\www\workspace\201303\dingcms\protected\Core\Lib\Core\Think.class.php 第 230 行.
INFO: Run ParseTemplate Behavior [ RunTime:0.097682s ]
INFO: [ view_parse ] --END-- [ RunTime:0.097844s ]
INFO: [ view_filter ] --START--
INFO: Run ContentReplace Behavior [ RunTime:0.001712s ]
INFO: Run TokenBuild Behavior [ RunTime:0.001605s ]
INFO: Run WriteHtmlCache Behavior [ RunTime:0.002807s ]
INFO: Run ShowRuntime Behavior [ RunTime:0.003117s ]
INFO: [ view_filter ] --END-- [ RunTime:0.009638s ]
INFO: [ view_end ] --START--
INFO: Run ShowPageTrace Behavior [ RunTime:0.002287s ]
INFO: [ view_end ] --END-- [ RunTime:0.002413s ]

[ 2013-03-25T12:17:27+08:00 ] 127.0.0.1 /admin.php/Passport/vercode
INFO: [ route_check ] --START--
INFO: Run CheckRoute Behavior [ RunTime:0.002326s ]
INFO: [ route_check ] --END-- [ RunTime:0.002496s ]
INFO: [ app_begin ] --START--
INFO: Run ReadHtmlCache Behavior [ RunTime:0.001771s ]
INFO: Run CheckLang Behavior [ RunTime:0.005827s ]
INFO: [ app_begin ] --END-- [ RunTime:0.007978s ]

[ 2013-03-25T12:17:41+08:00 ] 127.0.0.1 /admin.php/Passport/dologin
INFO: [ route_check ] --START--
INFO: Run CheckRoute Behavior [ RunTime:0.001341s ]
INFO: [ route_check ] --END-- [ RunTime:0.001505s ]
INFO: [ app_begin ] --START--
INFO: Run ReadHtmlCache Behavior [ RunTime:0.000885s ]
INFO: Run CheckLang Behavior [ RunTime:0.002529s ]
INFO: [ app_begin ] --END-- [ RunTime:0.003638s ]
SQL: SHOW COLUMNS FROM `ding_operators` [ RunTime:0.063521s ]
SQL: SELECT `username`,`creat_time`,`id`,`password` FROM `ding_operators` WHERE ( `username` = 'admin' ) LIMIT 1   [ RunTime:0.001147s ]
NOTIC: [8] Undefined index:  result D:\AppServ\www\workspace\201303\dingcms\protected\Core\Lib\Core\Model.class.php 第 619 行.
INFO: [ view_template ] --START--
INFO: Run LocationTemplate Behavior [ RunTime:0.002628s ]
INFO: [ view_template ] --END-- [ RunTime:0.002771s ]
INFO: [ view_parse ] --START--
NOTIC: [8] Use of undefined constant level - assumed 'level' D:\AppServ\www\workspace\201303\dingcms\protected\Core\Lib\Core\Think.class.php 第 230 行.
NOTIC: [8] Use of undefined constant level - assumed 'level' D:\AppServ\www\workspace\201303\dingcms\protected\Core\Lib\Core\Think.class.php 第 230 行.
NOTIC: [8] Use of undefined constant level - assumed 'level' D:\AppServ\www\workspace\201303\dingcms\protected\Core\Lib\Core\Think.class.php 第 230 行.
NOTIC: [8] Use of undefined constant level - assumed 'level' D:\AppServ\www\workspace\201303\dingcms\protected\Core\Lib\Core\Think.class.php 第 230 行.
NOTIC: [8] Use of undefined constant level - assumed 'level' D:\AppServ\www\workspace\201303\dingcms\protected\Core\Lib\Core\Think.class.php 第 230 行.
NOTIC: [8] Use of undefined constant level - assumed 'level' D:\AppServ\www\workspace\201303\dingcms\protected\Core\Lib\Core\Think.class.php 第 230 行.
NOTIC: [8] Use of undefined constant level - assumed 'level' D:\AppServ\www\workspace\201303\dingcms\protected\Core\Lib\Core\Think.class.php 第 230 行.
NOTIC: [8] Use of undefined constant level - assumed 'level' D:\AppServ\www\workspace\201303\dingcms\protected\Core\Lib\Core\Think.class.php 第 230 行.
NOTIC: [8] Use of undefined constant level - assumed 'level' D:\AppServ\www\workspace\201303\dingcms\protected\Core\Lib\Core\Think.class.php 第 230 行.
NOTIC: [8] Use of undefined constant level - assumed 'level' D:\AppServ\www\workspace\201303\dingcms\protected\Core\Lib\Core\Think.class.php 第 230 行.
NOTIC: [8] Use of undefined constant level - assumed 'level' D:\AppServ\www\workspace\201303\dingcms\protected\Core\Lib\Core\Think.class.php 第 230 行.
NOTIC: [8] Use of undefined constant level - assumed 'level' D:\AppServ\www\workspace\201303\dingcms\protected\Core\Lib\Core\Think.class.php 第 230 行.
NOTIC: [8] Use of undefined constant level - assumed 'level' D:\AppServ\www\workspace\201303\dingcms\protected\Core\Lib\Core\Think.class.php 第 230 行.
INFO: Run ParseTemplate Behavior [ RunTime:0.066559s ]
INFO: [ view_parse ] --END-- [ RunTime:0.066708s ]
INFO: [ view_filter ] --START--
INFO: Run ContentReplace Behavior [ RunTime:0.001612s ]
INFO: Run TokenBuild Behavior [ RunTime:0.001710s ]
INFO: Run WriteHtmlCache Behavior [ RunTime:0.001434s ]
INFO: Run ShowRuntime Behavior [ RunTime:0.001693s ]
INFO: [ view_filter ] --END-- [ RunTime:0.006828s ]
INFO: [ view_end ] --START--
INFO: Run ShowPageTrace Behavior [ RunTime:0.002165s ]
INFO: [ view_end ] --END-- [ RunTime:0.002289s ]

[ 2013-03-25T12:17:43+08:00 ] 127.0.0.1 /admin.php
INFO: [ app_begin ] --START--
INFO: Run ReadHtmlCache Behavior [ RunTime:0.000905s ]
INFO: Run CheckLang Behavior [ RunTime:0.002425s ]
INFO: [ app_begin ] --END-- [ RunTime:0.003576s ]
INFO: [ view_template ] --START--
INFO: Run LocationTemplate Behavior [ RunTime:0.002476s ]
INFO: [ view_template ] --END-- [ RunTime:0.002632s ]
INFO: [ view_parse ] --START--
NOTIC: [8] Use of undefined constant level - assumed 'level' D:\AppServ\www\workspace\201303\dingcms\protected\Core\Lib\Core\Think.class.php 第 230 行.
NOTIC: [8] Use of undefined constant level - assumed 'level' D:\AppServ\www\workspace\201303\dingcms\protected\Core\Lib\Core\Think.class.php 第 230 行.
NOTIC: [8] Use of undefined constant level - assumed 'level' D:\AppServ\www\workspace\201303\dingcms\protected\Core\Lib\Core\Think.class.php 第 230 行.
NOTIC: [8] Use of undefined constant level - assumed 'level' D:\AppServ\www\workspace\201303\dingcms\protected\Core\Lib\Core\Think.class.php 第 230 行.
NOTIC: [8] Use of undefined constant level - assumed 'level' D:\AppServ\www\workspace\201303\dingcms\protected\Core\Lib\Core\Think.class.php 第 230 行.
NOTIC: [8] Use of undefined constant level - assumed 'level' D:\AppServ\www\workspace\201303\dingcms\protected\Core\Lib\Core\Think.class.php 第 230 行.
NOTIC: [8] Use of undefined constant level - assumed 'level' D:\AppServ\www\workspace\201303\dingcms\protected\Core\Lib\Core\Think.class.php 第 230 行.
NOTIC: [8] Use of undefined constant level - assumed 'level' D:\AppServ\www\workspace\201303\dingcms\protected\Core\Lib\Core\Think.class.php 第 230 行.
NOTIC: [8] Use of undefined constant level - assumed 'level' D:\AppServ\www\workspace\201303\dingcms\protected\Core\Lib\Core\Think.class.php 第 230 行.
NOTIC: [8] Use of undefined constant level - assumed 'level' D:\AppServ\www\workspace\201303\dingcms\protected\Core\Lib\Core\Think.class.php 第 230 行.
NOTIC: [8] Use of undefined constant level - assumed 'level' D:\AppServ\www\workspace\201303\dingcms\protected\Core\Lib\Core\Think.class.php 第 230 行.
NOTIC: [8] Use of undefined constant level - assumed 'level' D:\AppServ\www\workspace\201303\dingcms\protected\Core\Lib\Core\Think.class.php 第 230 行.
NOTIC: [8] Use of undefined constant level - assumed 'level' D:\AppServ\www\workspace\201303\dingcms\protected\Core\Lib\Core\Think.class.php 第 230 行.
NOTIC: [8] Undefined index:  rel D:\AppServ\www\workspace\201303\dingcms\protected\Apps\Admin\Runtime\Cache\42752ecb57e1f9b4053043f881a566ff.php 第 125 行.
NOTIC: [8] Undefined index:  rel D:\AppServ\www\workspace\201303\dingcms\protected\Apps\Admin\Runtime\Cache\42752ecb57e1f9b4053043f881a566ff.php 第 125 行.
NOTIC: [8] Undefined index:  rel D:\AppServ\www\workspace\201303\dingcms\protected\Apps\Admin\Runtime\Cache\42752ecb57e1f9b4053043f881a566ff.php 第 125 行.
NOTIC: [8] Undefined index:  rel D:\AppServ\www\workspace\201303\dingcms\protected\Apps\Admin\Runtime\Cache\42752ecb57e1f9b4053043f881a566ff.php 第 125 行.
NOTIC: [8] Undefined index:  rel D:\AppServ\www\workspace\201303\dingcms\protected\Apps\Admin\Runtime\Cache\42752ecb57e1f9b4053043f881a566ff.php 第 125 行.
NOTIC: [8] Undefined index:  rel D:\AppServ\www\workspace\201303\dingcms\protected\Apps\Admin\Runtime\Cache\42752ecb57e1f9b4053043f881a566ff.php 第 125 行.
NOTIC: [8] Undefined index:  rel D:\AppServ\www\workspace\201303\dingcms\protected\Apps\Admin\Runtime\Cache\42752ecb57e1f9b4053043f881a566ff.php 第 125 行.
NOTIC: [8] Undefined index:  rel D:\AppServ\www\workspace\201303\dingcms\protected\Apps\Admin\Runtime\Cache\42752ecb57e1f9b4053043f881a566ff.php 第 125 行.
NOTIC: [8] Undefined index:  rel D:\AppServ\www\workspace\201303\dingcms\protected\Apps\Admin\Runtime\Cache\42752ecb57e1f9b4053043f881a566ff.php 第 125 行.
NOTIC: [8] Undefined index:  rel D:\AppServ\www\workspace\201303\dingcms\protected\Apps\Admin\Runtime\Cache\42752ecb57e1f9b4053043f881a566ff.php 第 125 行.
NOTIC: [8] Undefined index:  rel D:\AppServ\www\workspace\201303\dingcms\protected\Apps\Admin\Runtime\Cache\42752ecb57e1f9b4053043f881a566ff.php 第 125 行.
NOTIC: [8] Undefined index:  rel D:\AppServ\www\workspace\201303\dingcms\protected\Apps\Admin\Runtime\Cache\42752ecb57e1f9b4053043f881a566ff.php 第 125 行.
NOTIC: [8] Undefined index:  rel D:\AppServ\www\workspace\201303\dingcms\protected\Apps\Admin\Runtime\Cache\42752ecb57e1f9b4053043f881a566ff.php 第 125 行.
NOTIC: [8] Undefined index:  rel D:\AppServ\www\workspace\201303\dingcms\protected\Apps\Admin\Runtime\Cache\42752ecb57e1f9b4053043f881a566ff.php 第 125 行.
NOTIC: [8] Undefined index:  rel D:\AppServ\www\workspace\201303\dingcms\protected\Apps\Admin\Runtime\Cache\42752ecb57e1f9b4053043f881a566ff.php 第 125 行.
NOTIC: [8] Undefined index:  rel D:\AppServ\www\workspace\201303\dingcms\protected\Apps\Admin\Runtime\Cache\42752ecb57e1f9b4053043f881a566ff.php 第 125 行.
NOTIC: [8] Undefined index:  rel D:\AppServ\www\workspace\201303\dingcms\protected\Apps\Admin\Runtime\Cache\42752ecb57e1f9b4053043f881a566ff.php 第 125 行.
NOTIC: [8] Undefined index:  rel D:\AppServ\www\workspace\201303\dingcms\protected\Apps\Admin\Runtime\Cache\42752ecb57e1f9b4053043f881a566ff.php 第 125 行.
NOTIC: [8] Undefined index:  rel D:\AppServ\www\workspace\201303\dingcms\protected\Apps\Admin\Runtime\Cache\42752ecb57e1f9b4053043f881a566ff.php 第 125 行.
NOTIC: [8] Undefined index:  rel D:\AppServ\www\workspace\201303\dingcms\protected\Apps\Admin\Runtime\Cache\42752ecb57e1f9b4053043f881a566ff.php 第 125 行.
NOTIC: [8] Undefined index:  rel D:\AppServ\www\workspace\201303\dingcms\protected\Apps\Admin\Runtime\Cache\42752ecb57e1f9b4053043f881a566ff.php 第 125 行.
NOTIC: [8] Undefined index:  rel D:\AppServ\www\workspace\201303\dingcms\protected\Apps\Admin\Runtime\Cache\42752ecb57e1f9b4053043f881a566ff.php 第 125 行.
NOTIC: [8] Undefined index:  rel D:\AppServ\www\workspace\201303\dingcms\protected\Apps\Admin\Runtime\Cache\42752ecb57e1f9b4053043f881a566ff.php 第 125 行.
NOTIC: [8] Undefined index:  rel D:\AppServ\www\workspace\201303\dingcms\protected\Apps\Admin\Runtime\Cache\42752ecb57e1f9b4053043f881a566ff.php 第 125 行.
NOTIC: [8] Undefined index:  rel D:\AppServ\www\workspace\201303\dingcms\protected\Apps\Admin\Runtime\Cache\42752ecb57e1f9b4053043f881a566ff.php 第 125 行.
NOTIC: [8] Undefined index:  rel D:\AppServ\www\workspace\201303\dingcms\protected\Apps\Admin\Runtime\Cache\42752ecb57e1f9b4053043f881a566ff.php 第 125 行.
NOTIC: [8] Undefined index:  rel D:\AppServ\www\workspace\201303\dingcms\protected\Apps\Admin\Runtime\Cache\42752ecb57e1f9b4053043f881a566ff.php 第 125 行.
NOTIC: [8] Undefined index:  rel D:\AppServ\www\workspace\201303\dingcms\protected\Apps\Admin\Runtime\Cache\42752ecb57e1f9b4053043f881a566ff.php 第 125 行.
NOTIC: [8] Undefined index:  rel D:\AppServ\www\workspace\201303\dingcms\protected\Apps\Admin\Runtime\Cache\42752ecb57e1f9b4053043f881a566ff.php 第 125 行.
NOTIC: [8] Undefined index:  rel D:\AppServ\www\workspace\201303\dingcms\protected\Apps\Admin\Runtime\Cache\42752ecb57e1f9b4053043f881a566ff.php 第 125 行.
NOTIC: [8] Undefined index:  rel D:\AppServ\www\workspace\201303\dingcms\protected\Apps\Admin\Runtime\Cache\42752ecb57e1f9b4053043f881a566ff.php 第 125 行.
NOTIC: [8] Undefined index:  rel D:\AppServ\www\workspace\201303\dingcms\protected\Apps\Admin\Runtime\Cache\42752ecb57e1f9b4053043f881a566ff.php 第 125 行.
NOTIC: [8] Undefined index:  rel D:\AppServ\www\workspace\201303\dingcms\protected\Apps\Admin\Runtime\Cache\42752ecb57e1f9b4053043f881a566ff.php 第 125 行.
NOTIC: [8] Undefined index:  rel D:\AppServ\www\workspace\201303\dingcms\protected\Apps\Admin\Runtime\Cache\42752ecb57e1f9b4053043f881a566ff.php 第 125 行.
NOTIC: [8] Undefined index:  rel D:\AppServ\www\workspace\201303\dingcms\protected\Apps\Admin\Runtime\Cache\42752ecb57e1f9b4053043f881a566ff.php 第 125 行.
NOTIC: [8] Undefined index:  rel D:\AppServ\www\workspace\201303\dingcms\protected\Apps\Admin\Runtime\Cache\42752ecb57e1f9b4053043f881a566ff.php 第 125 行.
NOTIC: [8] Undefined index:  rel D:\AppServ\www\workspace\201303\dingcms\protected\Apps\Admin\Runtime\Cache\42752ecb57e1f9b4053043f881a566ff.php 第 125 行.
NOTIC: [8] Undefined index:  rel D:\AppServ\www\workspace\201303\dingcms\protected\Apps\Admin\Runtime\Cache\42752ecb57e1f9b4053043f881a566ff.php 第 125 行.
NOTIC: [8] Undefined index:  rel D:\AppServ\www\workspace\201303\dingcms\protected\Apps\Admin\Runtime\Cache\42752ecb57e1f9b4053043f881a566ff.php 第 125 行.
NOTIC: [8] Undefined index:  rel D:\AppServ\www\workspace\201303\dingcms\protected\Apps\Admin\Runtime\Cache\42752ecb57e1f9b4053043f881a566ff.php 第 125 行.
NOTIC: [8] Undefined index:  rel D:\AppServ\www\workspace\201303\dingcms\protected\Apps\Admin\Runtime\Cache\42752ecb57e1f9b4053043f881a566ff.php 第 125 行.
NOTIC: [8] Undefined index:  rel D:\AppServ\www\workspace\201303\dingcms\protected\Apps\Admin\Runtime\Cache\42752ecb57e1f9b4053043f881a566ff.php 第 125 行.
NOTIC: [8] Undefined index:  rel D:\AppServ\www\workspace\201303\dingcms\protected\Apps\Admin\Runtime\Cache\42752ecb57e1f9b4053043f881a566ff.php 第 125 行.
NOTIC: [8] Undefined index:  rel D:\AppServ\www\workspace\201303\dingcms\protected\Apps\Admin\Runtime\Cache\42752ecb57e1f9b4053043f881a566ff.php 第 125 行.
NOTIC: [8] Undefined index:  rel D:\AppServ\www\workspace\201303\dingcms\protected\Apps\Admin\Runtime\Cache\42752ecb57e1f9b4053043f881a566ff.php 第 125 行.
NOTIC: [8] Undefined index:  rel D:\AppServ\www\workspace\201303\dingcms\protected\Apps\Admin\Runtime\Cache\42752ecb57e1f9b4053043f881a566ff.php 第 125 行.
NOTIC: [8] Undefined index:  rel D:\AppServ\www\workspace\201303\dingcms\protected\Apps\Admin\Runtime\Cache\42752ecb57e1f9b4053043f881a566ff.php 第 125 行.
NOTIC: [8] Undefined index:  rel D:\AppServ\www\workspace\201303\dingcms\protected\Apps\Admin\Runtime\Cache\42752ecb57e1f9b4053043f881a566ff.php 第 125 行.
NOTIC: [8] Undefined index:  rel D:\AppServ\www\workspace\201303\dingcms\protected\Apps\Admin\Runtime\Cache\42752ecb57e1f9b4053043f881a566ff.php 第 125 行.
NOTIC: [8] Undefined index:  rel D:\AppServ\www\workspace\201303\dingcms\protected\Apps\Admin\Runtime\Cache\42752ecb57e1f9b4053043f881a566ff.php 第 125 行.
NOTIC: [8] Undefined index:  rel D:\AppServ\www\workspace\201303\dingcms\protected\Apps\Admin\Runtime\Cache\42752ecb57e1f9b4053043f881a566ff.php 第 125 行.
NOTIC: [8] Undefined index:  rel D:\AppServ\www\workspace\201303\dingcms\protected\Apps\Admin\Runtime\Cache\42752ecb57e1f9b4053043f881a566ff.php 第 125 行.
NOTIC: [8] Undefined index:  rel D:\AppServ\www\workspace\201303\dingcms\protected\Apps\Admin\Runtime\Cache\42752ecb57e1f9b4053043f881a566ff.php 第 125 行.
NOTIC: [8] Undefined index:  rel D:\AppServ\www\workspace\201303\dingcms\protected\Apps\Admin\Runtime\Cache\42752ecb57e1f9b4053043f881a566ff.php 第 125 行.
NOTIC: [8] Undefined index:  rel D:\AppServ\www\workspace\201303\dingcms\protected\Apps\Admin\Runtime\Cache\42752ecb57e1f9b4053043f881a566ff.php 第 125 行.
INFO: Run ParseTemplate Behavior [ RunTime:0.061626s ]
INFO: [ view_parse ] --END-- [ RunTime:0.061771s ]
INFO: [ view_filter ] --START--
INFO: Run ContentReplace Behavior [ RunTime:0.000835s ]
INFO: Run TokenBuild Behavior [ RunTime:0.000696s ]
INFO: Run WriteHtmlCache Behavior [ RunTime:0.000474s ]
INFO: Run ShowRuntime Behavior [ RunTime:0.000754s ]
INFO: [ view_filter ] --END-- [ RunTime:0.003141s ]
INFO: [ view_end ] --START--
INFO: Run ShowPageTrace Behavior [ RunTime:0.001041s ]
INFO: [ view_end ] --END-- [ RunTime:0.001159s ]

[ 2013-03-25T12:17:59+08:00 ] 127.0.0.1 /admin.php/Goods/index?_=1364185079259
INFO: [ route_check ] --START--
INFO: Run CheckRoute Behavior [ RunTime:0.003119s ]
INFO: [ route_check ] --END-- [ RunTime:0.003283s ]
INFO: [ app_begin ] --START--
INFO: Run ReadHtmlCache Behavior [ RunTime:0.001004s ]
INFO: Run CheckLang Behavior [ RunTime:0.005052s ]
INFO: [ app_begin ] --END-- [ RunTime:0.006438s ]
INFO: [ view_template ] --START--
INFO: Run LocationTemplate Behavior [ RunTime:0.002220s ]
INFO: [ view_template ] --END-- [ RunTime:0.002375s ]
INFO: [ view_parse ] --START--
NOTIC: [8] Use of undefined constant level - assumed 'level' D:\AppServ\www\workspace\201303\dingcms\protected\Core\Lib\Core\Think.class.php 第 230 行.
NOTIC: [8] Use of undefined constant level - assumed 'level' D:\AppServ\www\workspace\201303\dingcms\protected\Core\Lib\Core\Think.class.php 第 230 行.
NOTIC: [8] Use of undefined constant level - assumed 'level' D:\AppServ\www\workspace\201303\dingcms\protected\Core\Lib\Core\Think.class.php 第 230 行.
NOTIC: [8] Use of undefined constant level - assumed 'level' D:\AppServ\www\workspace\201303\dingcms\protected\Core\Lib\Core\Think.class.php 第 230 行.
NOTIC: [8] Use of undefined constant level - assumed 'level' D:\AppServ\www\workspace\201303\dingcms\protected\Core\Lib\Core\Think.class.php 第 230 行.
NOTIC: [8] Use of undefined constant level - assumed 'level' D:\AppServ\www\workspace\201303\dingcms\protected\Core\Lib\Core\Think.class.php 第 230 行.
NOTIC: [8] Use of undefined constant level - assumed 'level' D:\AppServ\www\workspace\201303\dingcms\protected\Core\Lib\Core\Think.class.php 第 230 行.
NOTIC: [8] Use of undefined constant level - assumed 'level' D:\AppServ\www\workspace\201303\dingcms\protected\Core\Lib\Core\Think.class.php 第 230 行.
NOTIC: [8] Use of undefined constant level - assumed 'level' D:\AppServ\www\workspace\201303\dingcms\protected\Core\Lib\Core\Think.class.php 第 230 行.
NOTIC: [8] Use of undefined constant level - assumed 'level' D:\AppServ\www\workspace\201303\dingcms\protected\Core\Lib\Core\Think.class.php 第 230 行.
NOTIC: [8] Use of undefined constant level - assumed 'level' D:\AppServ\www\workspace\201303\dingcms\protected\Core\Lib\Core\Think.class.php 第 230 行.
NOTIC: [8] Use of undefined constant level - assumed 'level' D:\AppServ\www\workspace\201303\dingcms\protected\Core\Lib\Core\Think.class.php 第 230 行.
NOTIC: [8] Use of undefined constant level - assumed 'level' D:\AppServ\www\workspace\201303\dingcms\protected\Core\Lib\Core\Think.class.php 第 230 行.
NOTIC: [8] Undefined variable: list D:\AppServ\www\workspace\201303\dingcms\protected\Apps\Admin\Runtime\Cache\3d4b69d2d78f673517ea1cd2aa260d45.php 第 6 行.
INFO: Run ParseTemplate Behavior [ RunTime:0.029631s ]
INFO: [ view_parse ] --END-- [ RunTime:0.029742s ]
INFO: [ view_filter ] --START--
INFO: Run ContentReplace Behavior [ RunTime:0.000845s ]
INFO: Run TokenBuild Behavior [ RunTime:0.000617s ]
INFO: Run WriteHtmlCache Behavior [ RunTime:0.000467s ]
INFO: Run ShowRuntime Behavior [ RunTime:0.000764s ]
INFO: [ view_filter ] --END-- [ RunTime:0.003065s ]
INFO: [ view_end ] --START--
INFO: Run ShowPageTrace Behavior [ RunTime:0.000966s ]
INFO: [ view_end ] --END-- [ RunTime:0.001068s ]

[ 2013-03-25T12:17:59+08:00 ] 127.0.0.1 /admin.php/News/jsonSortTree
INFO: [ route_check ] --START--
INFO: Run CheckRoute Behavior [ RunTime:0.003401s ]
INFO: [ route_check ] --END-- [ RunTime:0.003610s ]
INFO: [ app_begin ] --START--
INFO: Run ReadHtmlCache Behavior [ RunTime:0.001085s ]
INFO: Run CheckLang Behavior [ RunTime:0.005426s ]
INFO: [ app_begin ] --END-- [ RunTime:0.006757s ]
SQL: SHOW COLUMNS FROM `ding_news_sort` [ RunTime:0.003639s ]
SQL: SELECT `id`,`parent_id`,`text` FROM `ding_news_sort`  [ RunTime:0.000954s ]

[ 2013-03-25T12:18:03+08:00 ] 127.0.0.1 /admin.php/News/index?_=1364185082934
INFO: [ route_check ] --START--
INFO: Run CheckRoute Behavior [ RunTime:0.003047s ]
INFO: [ route_check ] --END-- [ RunTime:0.003209s ]
INFO: [ app_begin ] --START--
INFO: Run ReadHtmlCache Behavior [ RunTime:0.000877s ]
INFO: Run CheckLang Behavior [ RunTime:0.008286s ]
INFO: [ app_begin ] --END-- [ RunTime:0.009363s ]
INFO: [ view_template ] --START--
INFO: Run LocationTemplate Behavior [ RunTime:0.002231s ]
INFO: [ view_template ] --END-- [ RunTime:0.002373s ]
INFO: [ view_parse ] --START--
NOTIC: [8] Use of undefined constant level - assumed 'level' D:\AppServ\www\workspace\201303\dingcms\protected\Core\Lib\Core\Think.class.php 第 230 行.
NOTIC: [8] Use of undefined constant level - assumed 'level' D:\AppServ\www\workspace\201303\dingcms\protected\Core\Lib\Core\Think.class.php 第 230 行.
NOTIC: [8] Use of undefined constant level - assumed 'level' D:\AppServ\www\workspace\201303\dingcms\protected\Core\Lib\Core\Think.class.php 第 230 行.
NOTIC: [8] Use of undefined constant level - assumed 'level' D:\AppServ\www\workspace\201303\dingcms\protected\Core\Lib\Core\Think.class.php 第 230 行.
NOTIC: [8] Use of undefined constant level - assumed 'level' D:\AppServ\www\workspace\201303\dingcms\protected\Core\Lib\Core\Think.class.php 第 230 行.
NOTIC: [8] Use of undefined constant level - assumed 'level' D:\AppServ\www\workspace\201303\dingcms\protected\Core\Lib\Core\Think.class.php 第 230 行.
NOTIC: [8] Use of undefined constant level - assumed 'level' D:\AppServ\www\workspace\201303\dingcms\protected\Core\Lib\Core\Think.class.php 第 230 行.
NOTIC: [8] Use of undefined constant level - assumed 'level' D:\AppServ\www\workspace\201303\dingcms\protected\Core\Lib\Core\Think.class.php 第 230 行.
NOTIC: [8] Use of undefined constant level - assumed 'level' D:\AppServ\www\workspace\201303\dingcms\protected\Core\Lib\Core\Think.class.php 第 230 行.
NOTIC: [8] Use of undefined constant level - assumed 'level' D:\AppServ\www\workspace\201303\dingcms\protected\Core\Lib\Core\Think.class.php 第 230 行.
NOTIC: [8] Use of undefined constant level - assumed 'level' D:\AppServ\www\workspace\201303\dingcms\protected\Core\Lib\Core\Think.class.php 第 230 行.
NOTIC: [8] Use of undefined constant level - assumed 'level' D:\AppServ\www\workspace\201303\dingcms\protected\Core\Lib\Core\Think.class.php 第 230 行.
NOTIC: [8] Use of undefined constant level - assumed 'level' D:\AppServ\www\workspace\201303\dingcms\protected\Core\Lib\Core\Think.class.php 第 230 行.
NOTIC: [8] Undefined variable: list D:\AppServ\www\workspace\201303\dingcms\protected\Apps\Admin\Runtime\Cache\aff08dc56bfb0878f8ab13c6fcc5b4a6.php 第 6 行.
INFO: Run ParseTemplate Behavior [ RunTime:0.054234s ]
INFO: [ view_parse ] --END-- [ RunTime:0.054342s ]
INFO: [ view_filter ] --START--
INFO: Run ContentReplace Behavior [ RunTime:0.000629s ]
INFO: Run TokenBuild Behavior [ RunTime:0.000618s ]
INFO: Run WriteHtmlCache Behavior [ RunTime:0.000439s ]
INFO: Run ShowRuntime Behavior [ RunTime:0.000733s ]
INFO: [ view_filter ] --END-- [ RunTime:0.002711s ]
INFO: [ view_end ] --START--
INFO: Run ShowPageTrace Behavior [ RunTime:0.000956s ]
INFO: [ view_end ] --END-- [ RunTime:0.001058s ]

[ 2013-03-25T12:18:03+08:00 ] 127.0.0.1 /admin.php/News/jsonSortTree
INFO: [ route_check ] --START--
INFO: Run CheckRoute Behavior [ RunTime:0.003035s ]
INFO: [ route_check ] --END-- [ RunTime:0.003192s ]
INFO: [ app_begin ] --START--
INFO: Run ReadHtmlCache Behavior [ RunTime:0.000867s ]
INFO: Run CheckLang Behavior [ RunTime:0.005990s ]
INFO: [ app_begin ] --END-- [ RunTime:0.007055s ]
SQL: SHOW COLUMNS FROM `ding_news_sort` [ RunTime:0.003332s ]
SQL: SELECT `id`,`parent_id`,`text` FROM `ding_news_sort`  [ RunTime:0.000682s ]

[ 2013-03-25T12:18:04+08:00 ] 127.0.0.1 /admin.php/News/newslist?id=1&_=1364185084629
INFO: [ route_check ] --START--
INFO: Run CheckRoute Behavior [ RunTime:0.003054s ]
INFO: [ route_check ] --END-- [ RunTime:0.003216s ]
INFO: [ app_begin ] --START--
INFO: Run ReadHtmlCache Behavior [ RunTime:0.000886s ]
INFO: Run CheckLang Behavior [ RunTime:0.005371s ]
INFO: [ app_begin ] --END-- [ RunTime:0.006457s ]
INFO: [ view_template ] --START--
INFO: Run LocationTemplate Behavior [ RunTime:0.002599s ]
INFO: [ view_template ] --END-- [ RunTime:0.002740s ]
INFO: [ view_parse ] --START--
NOTIC: [8] Use of undefined constant level - assumed 'level' D:\AppServ\www\workspace\201303\dingcms\protected\Core\Lib\Core\Think.class.php 第 230 行.
NOTIC: [8] Use of undefined constant level - assumed 'level' D:\AppServ\www\workspace\201303\dingcms\protected\Core\Lib\Core\Think.class.php 第 230 行.
NOTIC: [8] Use of undefined constant level - assumed 'level' D:\AppServ\www\workspace\201303\dingcms\protected\Core\Lib\Core\Think.class.php 第 230 行.
NOTIC: [8] Use of undefined constant level - assumed 'level' D:\AppServ\www\workspace\201303\dingcms\protected\Core\Lib\Core\Think.class.php 第 230 行.
NOTIC: [8] Use of undefined constant level - assumed 'level' D:\AppServ\www\workspace\201303\dingcms\protected\Core\Lib\Core\Think.class.php 第 230 行.
NOTIC: [8] Use of undefined constant level - assumed 'level' D:\AppServ\www\workspace\201303\dingcms\protected\Core\Lib\Core\Think.class.php 第 230 行.
NOTIC: [8] Use of undefined constant level - assumed 'level' D:\AppServ\www\workspace\201303\dingcms\protected\Core\Lib\Core\Think.class.php 第 230 行.
NOTIC: [8] Use of undefined constant level - assumed 'level' D:\AppServ\www\workspace\201303\dingcms\protected\Core\Lib\Core\Think.class.php 第 230 行.
NOTIC: [8] Use of undefined constant level - assumed 'level' D:\AppServ\www\workspace\201303\dingcms\protected\Core\Lib\Core\Think.class.php 第 230 行.
NOTIC: [8] Use of undefined constant level - assumed 'level' D:\AppServ\www\workspace\201303\dingcms\protected\Core\Lib\Core\Think.class.php 第 230 行.
NOTIC: [8] Use of undefined constant level - assumed 'level' D:\AppServ\www\workspace\201303\dingcms\protected\Core\Lib\Core\Think.class.php 第 230 行.
NOTIC: [8] Use of undefined constant level - assumed 'level' D:\AppServ\www\workspace\201303\dingcms\protected\Core\Lib\Core\Think.class.php 第 230 行.
NOTIC: [8] Use of undefined constant level - assumed 'level' D:\AppServ\www\workspace\201303\dingcms\protected\Core\Lib\Core\Think.class.php 第 230 行.
INFO: Run ParseTemplate Behavior [ RunTime:0.035577s ]
INFO: [ view_parse ] --END-- [ RunTime:0.035716s ]
INFO: [ view_filter ] --START--
INFO: Run ContentReplace Behavior [ RunTime:0.000681s ]
INFO: Run TokenBuild Behavior [ RunTime:0.000728s ]
INFO: Run WriteHtmlCache Behavior [ RunTime:0.000495s ]
INFO: Run ShowRuntime Behavior [ RunTime:0.001076s ]
INFO: [ view_filter ] --END-- [ RunTime:0.003608s ]
INFO: [ view_end ] --START--
INFO: Run ShowPageTrace Behavior [ RunTime:0.001251s ]
INFO: [ view_end ] --END-- [ RunTime:0.001367s ]

[ 2013-03-25T12:18:04+08:00 ] 127.0.0.1 /admin.php/News/listJsonId?id=1
INFO: [ route_check ] --START--
INFO: Run CheckRoute Behavior [ RunTime:0.003132s ]
INFO: [ route_check ] --END-- [ RunTime:0.003316s ]
INFO: [ app_begin ] --START--
INFO: Run ReadHtmlCache Behavior [ RunTime:0.000889s ]
INFO: Run CheckLang Behavior [ RunTime:0.005504s ]
INFO: [ app_begin ] --END-- [ RunTime:0.006593s ]
SQL: SHOW COLUMNS FROM `ding_title` [ RunTime:0.003353s ]
SQL: SHOW COLUMNS FROM `ding_news_sort` [ RunTime:0.003360s ]
SQL: SELECT `id` FROM `ding_news_sort` WHERE ( `id` = 1 ) OR ( `path` LIKE '%,1,%' )  [ RunTime:0.001036s ]
SQL: SELECT COUNT(*) AS tp_count FROM `ding_title` WHERE ( `sort_id` IN ('1','2','3','4') ) AND ( `is_recycle` = 'false' ) LIMIT 1   [ RunTime:0.001040s ]
SQL: SELECT * FROM `ding_title` WHERE ( `sort_id` IN ('1','2','3','4') ) AND ( `is_recycle` = 'false' ) ORDER BY id desc LIMIT 0,10   [ RunTime:0.001203s ]

[ 2013-03-25T12:18:07+08:00 ] 127.0.0.1 /admin.php/News/edit?id=12&_=1364185087157
INFO: [ route_check ] --START--
INFO: Run CheckRoute Behavior [ RunTime:0.001314s ]
INFO: [ route_check ] --END-- [ RunTime:0.001479s ]
INFO: [ app_begin ] --START--
INFO: Run ReadHtmlCache Behavior [ RunTime:0.000892s ]
INFO: Run CheckLang Behavior [ RunTime:0.002340s ]
INFO: [ app_begin ] --END-- [ RunTime:0.003433s ]
SQL: SHOW COLUMNS FROM `ding_title` [ RunTime:0.002975s ]
SQL: SELECT t.*,c.content,ms.id AS `msid`,ms.emark AS `msemaerk` FROM ding_title t LEFT JOIN ding_content c ON c.title_id = t.id  LEFT JOIN ding_news_sort ns ON ns.id=t.sort_id LEFT JOIN ding_model_sort ms ON ms.id=ns.model_id WHERE ( t.id=12 ) LIMIT 1   [ RunTime:0.045273s ]
NOTIC: [8] Undefined index:  result D:\AppServ\www\workspace\201303\dingcms\protected\Core\Lib\Core\Model.class.php 第 619 行.
SQL: SHOW COLUMNS FROM `ding_addarticle` [ RunTime:0.030509s ]
SQL: SELECT * FROM `ding_addarticle` WHERE ( title_id=12 ) LIMIT 1   [ RunTime:0.001091s ]
SQL: SHOW COLUMNS FROM `ding_model_field` [ RunTime:0.004460s ]
SQL: SELECT * FROM `ding_model_field` WHERE ( sort_id =1 ) ORDER BY myorder asc,id asc  [ RunTime:0.001907s ]
INFO: [ view_template ] --START--
INFO: Run LocationTemplate Behavior [ RunTime:0.002385s ]
INFO: [ view_template ] --END-- [ RunTime:0.002526s ]
INFO: [ view_parse ] --START--
NOTIC: [8] Undefined index:  separator D:\AppServ\www\workspace\201303\dingcms\protected\Core\Extend\Driver\TagLib\TagLibHtml.class.php 第 192 行.
NOTIC: [2] Invalid argument supplied for foreach() D:\AppServ\www\workspace\201303\dingcms\protected\Core\Extend\Driver\TagLib\TagLibHtml.class.php 第 196 行.
NOTIC: [8] Undefined index:  separator D:\AppServ\www\workspace\201303\dingcms\protected\Core\Extend\Driver\TagLib\TagLibHtml.class.php 第 218 行.
NOTIC: [2] Invalid argument supplied for foreach() D:\AppServ\www\workspace\201303\dingcms\protected\Core\Extend\Driver\TagLib\TagLibHtml.class.php 第 222 行.
NOTIC: [8] Use of undefined constant level - assumed 'level' D:\AppServ\www\workspace\201303\dingcms\protected\Core\Lib\Core\Think.class.php 第 230 行.
NOTIC: [8] Use of undefined constant level - assumed 'level' D:\AppServ\www\workspace\201303\dingcms\protected\Core\Lib\Core\Think.class.php 第 230 行.
NOTIC: [8] Use of undefined constant level - assumed 'level' D:\AppServ\www\workspace\201303\dingcms\protected\Core\Lib\Core\Think.class.php 第 230 行.
NOTIC: [8] Use of undefined constant level - assumed 'level' D:\AppServ\www\workspace\201303\dingcms\protected\Core\Lib\Core\Think.class.php 第 230 行.
NOTIC: [8] Use of undefined constant level - assumed 'level' D:\AppServ\www\workspace\201303\dingcms\protected\Core\Lib\Core\Think.class.php 第 230 行.
NOTIC: [8] Use of undefined constant level - assumed 'level' D:\AppServ\www\workspace\201303\dingcms\protected\Core\Lib\Core\Think.class.php 第 230 行.
NOTIC: [8] Use of undefined constant level - assumed 'level' D:\AppServ\www\workspace\201303\dingcms\protected\Core\Lib\Core\Think.class.php 第 230 行.
NOTIC: [8] Use of undefined constant level - assumed 'level' D:\AppServ\www\workspace\201303\dingcms\protected\Core\Lib\Core\Think.class.php 第 230 行.
NOTIC: [8] Use of undefined constant level - assumed 'level' D:\AppServ\www\workspace\201303\dingcms\protected\Core\Lib\Core\Think.class.php 第 230 行.
NOTIC: [8] Use of undefined constant level - assumed 'level' D:\AppServ\www\workspace\201303\dingcms\protected\Core\Lib\Core\Think.class.php 第 230 行.
NOTIC: [8] Use of undefined constant level - assumed 'level' D:\AppServ\www\workspace\201303\dingcms\protected\Core\Lib\Core\Think.class.php 第 230 行.
NOTIC: [8] Use of undefined constant level - assumed 'level' D:\AppServ\www\workspace\201303\dingcms\protected\Core\Lib\Core\Think.class.php 第 230 行.
NOTIC: [8] Use of undefined constant level - assumed 'level' D:\AppServ\www\workspace\201303\dingcms\protected\Core\Lib\Core\Think.class.php 第 230 行.
NOTIC: [8] Undefined index:  sys_name D:\AppServ\www\workspace\201303\dingcms\protected\Apps\Admin\Runtime\Cache\c5e62631d5c694b2c09bcbce1d4d3ce3.php 第 14 行.
INFO: Run ParseTemplate Behavior [ RunTime:0.090004s ]
INFO: [ view_parse ] --END-- [ RunTime:0.090122s ]
INFO: [ view_filter ] --START--
INFO: Run ContentReplace Behavior [ RunTime:0.000674s ]
INFO: Run TokenBuild Behavior [ RunTime:0.000638s ]
INFO: Run WriteHtmlCache Behavior [ RunTime:0.000438s ]
INFO: Run ShowRuntime Behavior [ RunTime:0.001237s ]
INFO: [ view_filter ] --END-- [ RunTime:0.003308s ]
INFO: [ view_end ] --START--
INFO: Run ShowPageTrace Behavior [ RunTime:0.001050s ]
INFO: [ view_end ] --END-- [ RunTime:0.001157s ]

[ 2013-03-25T12:18:07+08:00 ] 127.0.0.1 /admin.php/NewsSort/jsonTree
INFO: [ route_check ] --START--
INFO: Run CheckRoute Behavior [ RunTime:0.001271s ]
INFO: [ route_check ] --END-- [ RunTime:0.001424s ]
INFO: [ app_begin ] --START--
INFO: Run ReadHtmlCache Behavior [ RunTime:0.000886s ]
INFO: Run CheckLang Behavior [ RunTime:0.002269s ]
INFO: [ app_begin ] --END-- [ RunTime:0.003367s ]
SQL: SHOW COLUMNS FROM `ding_news_sort` [ RunTime:0.006482s ]
SQL: SELECT `id`,`parent_id`,`text` FROM `ding_news_sort`  [ RunTime:0.001535s ]

