[ 2013-03-29T23:16:24+08:00 ] 127.0.0.1 /admin.php
INFO: [ app_begin ] --START--
INFO: Run ReadHtmlCache Behavior [ RunTime:0.001790s ]
INFO: Run CheckLang Behavior [ RunTime:0.037915s ]
INFO: [ app_begin ] --END-- [ RunTime:0.039968s ]
NOTIC: [8] Undefined index:  authId D:\AppServ\www\workspace\201303\dingcms\protected\Apps\Admin\Lib\Action\BaseAction.class.php 第 20 行.

[ 2013-03-29T23:16:24+08:00 ] 127.0.0.1 /admin.php/Passport
INFO: [ route_check ] --START--
INFO: Run CheckRoute Behavior [ RunTime:0.014927s ]
INFO: [ route_check ] --END-- [ RunTime:0.015093s ]
INFO: [ app_begin ] --START--
INFO: Run ReadHtmlCache Behavior [ RunTime:0.000879s ]
INFO: Run CheckLang Behavior [ RunTime:0.002580s ]
INFO: [ app_begin ] --END-- [ RunTime:0.003690s ]
INFO: [ view_template ] --START--
INFO: Run LocationTemplate Behavior [ RunTime:0.002991s ]
INFO: [ view_template ] --END-- [ RunTime:0.003144s ]
INFO: [ view_parse ] --START--
NOTIC: [8] Use of undefined constant level - assumed 'level' D:\AppServ\www\workspace\201303\dingcms\protected\Core\Lib\Core\Think.class.php 第 230 行.
NOTIC: [8] Use of undefined constant level - assumed 'level' D:\AppServ\www\workspace\201303\dingcms\protected\Core\Lib\Core\Think.class.php 第 230 行.
NOTIC: [8] Use of undefined constant level - assumed 'level' D:\AppServ\www\workspace\201303\dingcms\protected\Core\Lib\Core\Think.class.php 第 230 行.
NOTIC: [8] Use of undefined constant level - assumed 'level' D:\AppServ\www\workspace\201303\dingcms\protected\Core\Lib\Core\Think.class.php 第 230 行.
NOTIC: [8] Use of undefined constant level - assumed 'level' D:\AppServ\www\workspace\201303\dingcms\protected\Core\Lib\Core\Think.class.php 第 230 行.
NOTIC: [8] Use of undefined constant level - assumed 'level' D:\AppServ\www\workspace\201303\dingcms\protected\Core\Lib\Core\Think.class.php 第 230 行.
NOTIC: [8] Use of undefined constant level - assumed 'level' D:\AppServ\www\workspace\201303\dingcms\protected\Core\Lib\Core\Think.class.php 第 230 行.
NOTIC: [8] Use of undefined constant level - assumed 'level' D:\AppServ\www\workspace\201303\dingcms\protected\Core\Lib\Core\Think.class.php 第 230 行.
NOTIC: [8] Use of undefined constant level - assumed 'level' D:\AppServ\www\workspace\201303\dingcms\protected\Core\Lib\Core\Think.class.php 第 230 行.
NOTIC: [8] Use of undefined constant level - assumed 'level' D:\AppServ\www\workspace\201303\dingcms\protected\Core\Lib\Core\Think.class.php 第 230 行.
NOTIC: [8] Use of undefined constant level - assumed 'level' D:\AppServ\www\workspace\201303\dingcms\protected\Core\Lib\Core\Think.class.php 第 230 行.
NOTIC: [8] Use of undefined constant level - assumed 'level' D:\AppServ\www\workspace\201303\dingcms\protected\Core\Lib\Core\Think.class.php 第 230 行.
NOTIC: [8] Use of undefined constant level - assumed 'level' D:\AppServ\www\workspace\201303\dingcms\protected\Core\Lib\Core\Think.class.php 第 230 行.
INFO: Run ParseTemplate Behavior [ RunTime:0.065763s ]
INFO: [ view_parse ] --END-- [ RunTime:0.065935s ]
INFO: [ view_filter ] --START--
INFO: Run ContentReplace Behavior [ RunTime:0.001612s ]
INFO: Run TokenBuild Behavior [ RunTime:0.004803s ]
INFO: Run WriteHtmlCache Behavior [ RunTime:0.002206s ]
INFO: Run ShowRuntime Behavior [ RunTime:0.001831s ]
INFO: [ view_filter ] --END-- [ RunTime:0.010900s ]
INFO: [ view_end ] --START--
INFO: Run ShowPageTrace Behavior [ RunTime:0.002350s ]
INFO: [ view_end ] --END-- [ RunTime:0.002486s ]

[ 2013-03-29T23:16:24+08:00 ] 127.0.0.1 /admin.php/Passport/vercode
INFO: [ route_check ] --START--
INFO: Run CheckRoute Behavior [ RunTime:0.002744s ]
INFO: [ route_check ] --END-- [ RunTime:0.002939s ]
INFO: [ app_begin ] --START--
INFO: Run ReadHtmlCache Behavior [ RunTime:0.001736s ]
INFO: Run CheckLang Behavior [ RunTime:0.004701s ]
INFO: [ app_begin ] --END-- [ RunTime:0.006887s ]

[ 2013-03-29T23:18:26+08:00 ] 127.0.0.1 /admin.php/Passport/dologin
INFO: [ route_check ] --START--
INFO: Run CheckRoute Behavior [ RunTime:0.002203s ]
INFO: [ route_check ] --END-- [ RunTime:0.002371s ]
INFO: [ app_begin ] --START--
INFO: Run ReadHtmlCache Behavior [ RunTime:0.001724s ]
INFO: Run CheckLang Behavior [ RunTime:0.003938s ]
INFO: [ app_begin ] --END-- [ RunTime:0.005915s ]
SQL: SHOW COLUMNS FROM `ding_operators` [ RunTime:0.035746s ]
SQL: SELECT `username`,`creat_time`,`id`,`password` FROM `ding_operators` WHERE ( `username` = 'admin' ) LIMIT 1   [ RunTime:0.001165s ]
NOTIC: [8] Undefined index:  result D:\AppServ\www\workspace\201303\dingcms\protected\Core\Lib\Core\Model.class.php 第 619 行.
INFO: [ view_template ] --START--
INFO: Run LocationTemplate Behavior [ RunTime:0.003138s ]
INFO: [ view_template ] --END-- [ RunTime:0.003394s ]
INFO: [ view_parse ] --START--
NOTIC: [8] Use of undefined constant level - assumed 'level' D:\AppServ\www\workspace\201303\dingcms\protected\Core\Lib\Core\Think.class.php 第 230 行.
NOTIC: [8] Use of undefined constant level - assumed 'level' D:\AppServ\www\workspace\201303\dingcms\protected\Core\Lib\Core\Think.class.php 第 230 行.
NOTIC: [8] Use of undefined constant level - assumed 'level' D:\AppServ\www\workspace\201303\dingcms\protected\Core\Lib\Core\Think.class.php 第 230 行.
NOTIC: [8] Use of undefined constant level - assumed 'level' D:\AppServ\www\workspace\201303\dingcms\protected\Core\Lib\Core\Think.class.php 第 230 行.
NOTIC: [8] Use of undefined constant level - assumed 'level' D:\AppServ\www\workspace\201303\dingcms\protected\Core\Lib\Core\Think.class.php 第 230 行.
NOTIC: [8] Use of undefined constant level - assumed 'level' D:\AppServ\www\workspace\201303\dingcms\protected\Core\Lib\Core\Think.class.php 第 230 行.
NOTIC: [8] Use of undefined constant level - assumed 'level' D:\AppServ\www\workspace\201303\dingcms\protected\Core\Lib\Core\Think.class.php 第 230 行.
NOTIC: [8] Use of undefined constant level - assumed 'level' D:\AppServ\www\workspace\201303\dingcms\protected\Core\Lib\Core\Think.class.php 第 230 行.
NOTIC: [8] Use of undefined constant level - assumed 'level' D:\AppServ\www\workspace\201303\dingcms\protected\Core\Lib\Core\Think.class.php 第 230 行.
NOTIC: [8] Use of undefined constant level - assumed 'level' D:\AppServ\www\workspace\201303\dingcms\protected\Core\Lib\Core\Think.class.php 第 230 行.
NOTIC: [8] Use of undefined constant level - assumed 'level' D:\AppServ\www\workspace\201303\dingcms\protected\Core\Lib\Core\Think.class.php 第 230 行.
NOTIC: [8] Use of undefined constant level - assumed 'level' D:\AppServ\www\workspace\201303\dingcms\protected\Core\Lib\Core\Think.class.php 第 230 行.
NOTIC: [8] Use of undefined constant level - assumed 'level' D:\AppServ\www\workspace\201303\dingcms\protected\Core\Lib\Core\Think.class.php 第 230 行.
INFO: Run ParseTemplate Behavior [ RunTime:0.067190s ]
INFO: [ view_parse ] --END-- [ RunTime:0.067511s ]
INFO: [ view_filter ] --START--
INFO: Run ContentReplace Behavior [ RunTime:0.001709s ]
INFO: Run TokenBuild Behavior [ RunTime:0.001802s ]
INFO: Run WriteHtmlCache Behavior [ RunTime:0.001719s ]
INFO: Run ShowRuntime Behavior [ RunTime:0.001730s ]
INFO: [ view_filter ] --END-- [ RunTime:0.007428s ]
INFO: [ view_end ] --START--
INFO: Run ShowPageTrace Behavior [ RunTime:0.001948s ]
INFO: [ view_end ] --END-- [ RunTime:0.002068s ]

[ 2013-03-29T23:18:27+08:00 ] 127.0.0.1 /admin.php
INFO: [ app_begin ] --START--
INFO: Run ReadHtmlCache Behavior [ RunTime:0.001098s ]
INFO: Run CheckLang Behavior [ RunTime:0.002597s ]
INFO: [ app_begin ] --END-- [ RunTime:0.004036s ]
INFO: [ view_template ] --START--
INFO: Run LocationTemplate Behavior [ RunTime:0.002253s ]
INFO: [ view_template ] --END-- [ RunTime:0.002395s ]
INFO: [ view_parse ] --START--
NOTIC: [8] Use of undefined constant level - assumed 'level' D:\AppServ\www\workspace\201303\dingcms\protected\Core\Lib\Core\Think.class.php 第 230 行.
NOTIC: [8] Use of undefined constant level - assumed 'level' D:\AppServ\www\workspace\201303\dingcms\protected\Core\Lib\Core\Think.class.php 第 230 行.
NOTIC: [8] Use of undefined constant level - assumed 'level' D:\AppServ\www\workspace\201303\dingcms\protected\Core\Lib\Core\Think.class.php 第 230 行.
NOTIC: [8] Use of undefined constant level - assumed 'level' D:\AppServ\www\workspace\201303\dingcms\protected\Core\Lib\Core\Think.class.php 第 230 行.
NOTIC: [8] Use of undefined constant level - assumed 'level' D:\AppServ\www\workspace\201303\dingcms\protected\Core\Lib\Core\Think.class.php 第 230 行.
NOTIC: [8] Use of undefined constant level - assumed 'level' D:\AppServ\www\workspace\201303\dingcms\protected\Core\Lib\Core\Think.class.php 第 230 行.
NOTIC: [8] Use of undefined constant level - assumed 'level' D:\AppServ\www\workspace\201303\dingcms\protected\Core\Lib\Core\Think.class.php 第 230 行.
NOTIC: [8] Use of undefined constant level - assumed 'level' D:\AppServ\www\workspace\201303\dingcms\protected\Core\Lib\Core\Think.class.php 第 230 行.
NOTIC: [8] Use of undefined constant level - assumed 'level' D:\AppServ\www\workspace\201303\dingcms\protected\Core\Lib\Core\Think.class.php 第 230 行.
NOTIC: [8] Use of undefined constant level - assumed 'level' D:\AppServ\www\workspace\201303\dingcms\protected\Core\Lib\Core\Think.class.php 第 230 行.
NOTIC: [8] Use of undefined constant level - assumed 'level' D:\AppServ\www\workspace\201303\dingcms\protected\Core\Lib\Core\Think.class.php 第 230 行.
NOTIC: [8] Use of undefined constant level - assumed 'level' D:\AppServ\www\workspace\201303\dingcms\protected\Core\Lib\Core\Think.class.php 第 230 行.
NOTIC: [8] Use of undefined constant level - assumed 'level' D:\AppServ\www\workspace\201303\dingcms\protected\Core\Lib\Core\Think.class.php 第 230 行.
NOTIC: [8] Undefined index:  rel D:\AppServ\www\workspace\201303\dingcms\protected\Apps\Admin\Runtime\Cache\42752ecb57e1f9b4053043f881a566ff.php 第 125 行.
NOTIC: [8] Undefined index:  rel D:\AppServ\www\workspace\201303\dingcms\protected\Apps\Admin\Runtime\Cache\42752ecb57e1f9b4053043f881a566ff.php 第 125 行.
NOTIC: [8] Undefined index:  rel D:\AppServ\www\workspace\201303\dingcms\protected\Apps\Admin\Runtime\Cache\42752ecb57e1f9b4053043f881a566ff.php 第 125 行.
NOTIC: [8] Undefined index:  rel D:\AppServ\www\workspace\201303\dingcms\protected\Apps\Admin\Runtime\Cache\42752ecb57e1f9b4053043f881a566ff.php 第 125 行.
NOTIC: [8] Undefined index:  rel D:\AppServ\www\workspace\201303\dingcms\protected\Apps\Admin\Runtime\Cache\42752ecb57e1f9b4053043f881a566ff.php 第 125 行.
NOTIC: [8] Undefined index:  rel D:\AppServ\www\workspace\201303\dingcms\protected\Apps\Admin\Runtime\Cache\42752ecb57e1f9b4053043f881a566ff.php 第 125 行.
NOTIC: [8] Undefined index:  rel D:\AppServ\www\workspace\201303\dingcms\protected\Apps\Admin\Runtime\Cache\42752ecb57e1f9b4053043f881a566ff.php 第 125 行.
NOTIC: [8] Undefined index:  rel D:\AppServ\www\workspace\201303\dingcms\protected\Apps\Admin\Runtime\Cache\42752ecb57e1f9b4053043f881a566ff.php 第 125 行.
NOTIC: [8] Undefined index:  rel D:\AppServ\www\workspace\201303\dingcms\protected\Apps\Admin\Runtime\Cache\42752ecb57e1f9b4053043f881a566ff.php 第 125 行.
NOTIC: [8] Undefined index:  rel D:\AppServ\www\workspace\201303\dingcms\protected\Apps\Admin\Runtime\Cache\42752ecb57e1f9b4053043f881a566ff.php 第 125 行.
NOTIC: [8] Undefined index:  rel D:\AppServ\www\workspace\201303\dingcms\protected\Apps\Admin\Runtime\Cache\42752ecb57e1f9b4053043f881a566ff.php 第 125 行.
NOTIC: [8] Undefined index:  rel D:\AppServ\www\workspace\201303\dingcms\protected\Apps\Admin\Runtime\Cache\42752ecb57e1f9b4053043f881a566ff.php 第 125 行.
NOTIC: [8] Undefined index:  rel D:\AppServ\www\workspace\201303\dingcms\protected\Apps\Admin\Runtime\Cache\42752ecb57e1f9b4053043f881a566ff.php 第 125 行.
NOTIC: [8] Undefined index:  rel D:\AppServ\www\workspace\201303\dingcms\protected\Apps\Admin\Runtime\Cache\42752ecb57e1f9b4053043f881a566ff.php 第 125 行.
NOTIC: [8] Undefined index:  rel D:\AppServ\www\workspace\201303\dingcms\protected\Apps\Admin\Runtime\Cache\42752ecb57e1f9b4053043f881a566ff.php 第 125 行.
NOTIC: [8] Undefined index:  rel D:\AppServ\www\workspace\201303\dingcms\protected\Apps\Admin\Runtime\Cache\42752ecb57e1f9b4053043f881a566ff.php 第 125 行.
NOTIC: [8] Undefined index:  rel D:\AppServ\www\workspace\201303\dingcms\protected\Apps\Admin\Runtime\Cache\42752ecb57e1f9b4053043f881a566ff.php 第 125 行.
NOTIC: [8] Undefined index:  rel D:\AppServ\www\workspace\201303\dingcms\protected\Apps\Admin\Runtime\Cache\42752ecb57e1f9b4053043f881a566ff.php 第 125 行.
NOTIC: [8] Undefined index:  rel D:\AppServ\www\workspace\201303\dingcms\protected\Apps\Admin\Runtime\Cache\42752ecb57e1f9b4053043f881a566ff.php 第 125 行.
NOTIC: [8] Undefined index:  rel D:\AppServ\www\workspace\201303\dingcms\protected\Apps\Admin\Runtime\Cache\42752ecb57e1f9b4053043f881a566ff.php 第 125 行.
NOTIC: [8] Undefined index:  rel D:\AppServ\www\workspace\201303\dingcms\protected\Apps\Admin\Runtime\Cache\42752ecb57e1f9b4053043f881a566ff.php 第 125 行.
NOTIC: [8] Undefined index:  rel D:\AppServ\www\workspace\201303\dingcms\protected\Apps\Admin\Runtime\Cache\42752ecb57e1f9b4053043f881a566ff.php 第 125 行.
NOTIC: [8] Undefined index:  rel D:\AppServ\www\workspace\201303\dingcms\protected\Apps\Admin\Runtime\Cache\42752ecb57e1f9b4053043f881a566ff.php 第 125 行.
NOTIC: [8] Undefined index:  rel D:\AppServ\www\workspace\201303\dingcms\protected\Apps\Admin\Runtime\Cache\42752ecb57e1f9b4053043f881a566ff.php 第 125 行.
NOTIC: [8] Undefined index:  rel D:\AppServ\www\workspace\201303\dingcms\protected\Apps\Admin\Runtime\Cache\42752ecb57e1f9b4053043f881a566ff.php 第 125 行.
NOTIC: [8] Undefined index:  rel D:\AppServ\www\workspace\201303\dingcms\protected\Apps\Admin\Runtime\Cache\42752ecb57e1f9b4053043f881a566ff.php 第 125 行.
NOTIC: [8] Undefined index:  rel D:\AppServ\www\workspace\201303\dingcms\protected\Apps\Admin\Runtime\Cache\42752ecb57e1f9b4053043f881a566ff.php 第 125 行.
NOTIC: [8] Undefined index:  rel D:\AppServ\www\workspace\201303\dingcms\protected\Apps\Admin\Runtime\Cache\42752ecb57e1f9b4053043f881a566ff.php 第 125 行.
NOTIC: [8] Undefined index:  rel D:\AppServ\www\workspace\201303\dingcms\protected\Apps\Admin\Runtime\Cache\42752ecb57e1f9b4053043f881a566ff.php 第 125 行.
NOTIC: [8] Undefined index:  rel D:\AppServ\www\workspace\201303\dingcms\protected\Apps\Admin\Runtime\Cache\42752ecb57e1f9b4053043f881a566ff.php 第 125 行.
NOTIC: [8] Undefined index:  rel D:\AppServ\www\workspace\201303\dingcms\protected\Apps\Admin\Runtime\Cache\42752ecb57e1f9b4053043f881a566ff.php 第 125 行.
NOTIC: [8] Undefined index:  rel D:\AppServ\www\workspace\201303\dingcms\protected\Apps\Admin\Runtime\Cache\42752ecb57e1f9b4053043f881a566ff.php 第 125 行.
NOTIC: [8] Undefined index:  rel D:\AppServ\www\workspace\201303\dingcms\protected\Apps\Admin\Runtime\Cache\42752ecb57e1f9b4053043f881a566ff.php 第 125 行.
NOTIC: [8] Undefined index:  rel D:\AppServ\www\workspace\201303\dingcms\protected\Apps\Admin\Runtime\Cache\42752ecb57e1f9b4053043f881a566ff.php 第 125 行.
NOTIC: [8] Undefined index:  rel D:\AppServ\www\workspace\201303\dingcms\protected\Apps\Admin\Runtime\Cache\42752ecb57e1f9b4053043f881a566ff.php 第 125 行.
NOTIC: [8] Undefined index:  rel D:\AppServ\www\workspace\201303\dingcms\protected\Apps\Admin\Runtime\Cache\42752ecb57e1f9b4053043f881a566ff.php 第 125 行.
NOTIC: [8] Undefined index:  rel D:\AppServ\www\workspace\201303\dingcms\protected\Apps\Admin\Runtime\Cache\42752ecb57e1f9b4053043f881a566ff.php 第 125 行.
NOTIC: [8] Undefined index:  rel D:\AppServ\www\workspace\201303\dingcms\protected\Apps\Admin\Runtime\Cache\42752ecb57e1f9b4053043f881a566ff.php 第 125 行.
NOTIC: [8] Undefined index:  rel D:\AppServ\www\workspace\201303\dingcms\protected\Apps\Admin\Runtime\Cache\42752ecb57e1f9b4053043f881a566ff.php 第 125 行.
NOTIC: [8] Undefined index:  rel D:\AppServ\www\workspace\201303\dingcms\protected\Apps\Admin\Runtime\Cache\42752ecb57e1f9b4053043f881a566ff.php 第 125 行.
NOTIC: [8] Undefined index:  rel D:\AppServ\www\workspace\201303\dingcms\protected\Apps\Admin\Runtime\Cache\42752ecb57e1f9b4053043f881a566ff.php 第 125 行.
NOTIC: [8] Undefined index:  rel D:\AppServ\www\workspace\201303\dingcms\protected\Apps\Admin\Runtime\Cache\42752ecb57e1f9b4053043f881a566ff.php 第 125 行.
NOTIC: [8] Undefined index:  rel D:\AppServ\www\workspace\201303\dingcms\protected\Apps\Admin\Runtime\Cache\42752ecb57e1f9b4053043f881a566ff.php 第 125 行.
NOTIC: [8] Undefined index:  rel D:\AppServ\www\workspace\201303\dingcms\protected\Apps\Admin\Runtime\Cache\42752ecb57e1f9b4053043f881a566ff.php 第 125 行.
NOTIC: [8] Undefined index:  rel D:\AppServ\www\workspace\201303\dingcms\protected\Apps\Admin\Runtime\Cache\42752ecb57e1f9b4053043f881a566ff.php 第 125 行.
NOTIC: [8] Undefined index:  rel D:\AppServ\www\workspace\201303\dingcms\protected\Apps\Admin\Runtime\Cache\42752ecb57e1f9b4053043f881a566ff.php 第 125 行.
NOTIC: [8] Undefined index:  rel D:\AppServ\www\workspace\201303\dingcms\protected\Apps\Admin\Runtime\Cache\42752ecb57e1f9b4053043f881a566ff.php 第 125 行.
NOTIC: [8] Undefined index:  rel D:\AppServ\www\workspace\201303\dingcms\protected\Apps\Admin\Runtime\Cache\42752ecb57e1f9b4053043f881a566ff.php 第 125 行.
NOTIC: [8] Undefined index:  rel D:\AppServ\www\workspace\201303\dingcms\protected\Apps\Admin\Runtime\Cache\42752ecb57e1f9b4053043f881a566ff.php 第 125 行.
NOTIC: [8] Undefined index:  rel D:\AppServ\www\workspace\201303\dingcms\protected\Apps\Admin\Runtime\Cache\42752ecb57e1f9b4053043f881a566ff.php 第 125 行.
NOTIC: [8] Undefined index:  rel D:\AppServ\www\workspace\201303\dingcms\protected\Apps\Admin\Runtime\Cache\42752ecb57e1f9b4053043f881a566ff.php 第 125 行.
NOTIC: [8] Undefined index:  rel D:\AppServ\www\workspace\201303\dingcms\protected\Apps\Admin\Runtime\Cache\42752ecb57e1f9b4053043f881a566ff.php 第 125 行.
NOTIC: [8] Undefined index:  rel D:\AppServ\www\workspace\201303\dingcms\protected\Apps\Admin\Runtime\Cache\42752ecb57e1f9b4053043f881a566ff.php 第 125 行.
NOTIC: [8] Undefined index:  rel D:\AppServ\www\workspace\201303\dingcms\protected\Apps\Admin\Runtime\Cache\42752ecb57e1f9b4053043f881a566ff.php 第 125 行.
NOTIC: [8] Undefined index:  rel D:\AppServ\www\workspace\201303\dingcms\protected\Apps\Admin\Runtime\Cache\42752ecb57e1f9b4053043f881a566ff.php 第 125 行.
INFO: Run ParseTemplate Behavior [ RunTime:0.062327s ]
INFO: [ view_parse ] --END-- [ RunTime:0.062470s ]
INFO: [ view_filter ] --START--
INFO: Run ContentReplace Behavior [ RunTime:0.001018s ]
INFO: Run TokenBuild Behavior [ RunTime:0.000713s ]
INFO: Run WriteHtmlCache Behavior [ RunTime:0.000446s ]
INFO: Run ShowRuntime Behavior [ RunTime:0.000756s ]
INFO: [ view_filter ] --END-- [ RunTime:0.003317s ]
INFO: [ view_end ] --START--
INFO: Run ShowPageTrace Behavior [ RunTime:0.001074s ]
INFO: [ view_end ] --END-- [ RunTime:0.001220s ]

